[0.752s] Invoking command in '/mnt/home/calex/g1_ros_ws/build/g1_state_bridge': PYTHONPATH=/mnt/home/calex/g1_ros_ws/build/g1_state_bridge/prefix_override:/usr/lib/python3/dist-packages/colcon_core/task/python/colcon_distutils_commands:/mnt/home/calex/g1_ros_ws/install/g1_state_bridge/lib/python3.8/site-packages:${PYTHONPATH} /usr/bin/python3 -W ignore:setup.py install is deprecated -W ignore:easy_install command is deprecated setup.py develop --uninstall --editable --build-directory /mnt/home/calex/g1_ros_ws/build/g1_state_bridge/build
[0.868s] running develop
[0.942s] Removing /mnt/home/calex/g1_ros_ws/install/g1_state_bridge/lib/python3.8/site-packages/g1-state-bridge.egg-link (link to .)
[1.046s] Invoked command in '/mnt/home/calex/g1_ros_ws/build/g1_state_bridge' returned '0': PYTHONPATH=/mnt/home/calex/g1_ros_ws/build/g1_state_bridge/prefix_override:/usr/lib/python3/dist-packages/colcon_core/task/python/colcon_distutils_commands:/mnt/home/calex/g1_ros_ws/install/g1_state_bridge/lib/python3.8/site-packages:${PYTHONPATH} /usr/bin/python3 -W ignore:setup.py install is deprecated -W ignore:easy_install command is deprecated setup.py develop --uninstall --editable --build-directory /mnt/home/calex/g1_ros_ws/build/g1_state_bridge/build
[1.048s] Invoking command in '/mnt/home/calex/g1_ros_ws/src/g1_state_bridge': PYTHONPATH=/mnt/home/calex/g1_ros_ws/build/g1_state_bridge/prefix_override:/usr/lib/python3/dist-packages/colcon_core/task/python/colcon_distutils_commands:/mnt/home/calex/g1_ros_ws/install/g1_state_bridge/lib/python3.8/site-packages:${PYTHONPATH} /usr/bin/python3 -W ignore:setup.py install is deprecated -W ignore:easy_install command is deprecated setup.py egg_info --egg-base ../../build/g1_state_bridge build --build-base /mnt/home/calex/g1_ros_ws/build/g1_state_bridge/build install --record /mnt/home/calex/g1_ros_ws/build/g1_state_bridge/install.log --install-scripts $base/lib/g1_state_bridge --single-version-externally-managed install_data --force
[1.171s] running egg_info
[1.171s] writing ../../build/g1_state_bridge/g1_state_bridge.egg-info/PKG-INFO
[1.175s] writing dependency_links to ../../build/g1_state_bridge/g1_state_bridge.egg-info/dependency_links.txt
[1.177s] writing entry points to ../../build/g1_state_bridge/g1_state_bridge.egg-info/entry_points.txt
[1.178s] writing requirements to ../../build/g1_state_bridge/g1_state_bridge.egg-info/requires.txt
[1.179s] writing top-level names to ../../build/g1_state_bridge/g1_state_bridge.egg-info/top_level.txt
[1.207s] reading manifest file '../../build/g1_state_bridge/g1_state_bridge.egg-info/SOURCES.txt'
[1.210s] writing manifest file '../../build/g1_state_bridge/g1_state_bridge.egg-info/SOURCES.txt'
[1.211s] running build
[1.211s] running build_py
[1.213s] copying g1_state_bridge/state_bridge_node.py -> /mnt/home/calex/g1_ros_ws/build/g1_state_bridge/build/lib/g1_state_bridge
[1.215s] running install
[1.215s] running install_lib
[1.216s] creating /mnt/home/calex/g1_ros_ws/install/g1_state_bridge/lib/python3.8/site-packages/g1_state_bridge
[1.217s] copying /mnt/home/calex/g1_ros_ws/build/g1_state_bridge/build/lib/g1_state_bridge/state_bridge_node.py -> /mnt/home/calex/g1_ros_ws/install/g1_state_bridge/lib/python3.8/site-packages/g1_state_bridge
[1.218s] copying /mnt/home/calex/g1_ros_ws/build/g1_state_bridge/build/lib/g1_state_bridge/__init__.py -> /mnt/home/calex/g1_ros_ws/install/g1_state_bridge/lib/python3.8/site-packages/g1_state_bridge
[1.220s] byte-compiling /mnt/home/calex/g1_ros_ws/install/g1_state_bridge/lib/python3.8/site-packages/g1_state_bridge/state_bridge_node.py to state_bridge_node.cpython-38.pyc
[1.224s] byte-compiling /mnt/home/calex/g1_ros_ws/install/g1_state_bridge/lib/python3.8/site-packages/g1_state_bridge/__init__.py to __init__.cpython-38.pyc
[1.227s] running install_data
[1.228s] copying resource/g1_state_bridge -> /mnt/home/calex/g1_ros_ws/install/g1_state_bridge/share/ament_index/resource_index/packages
[1.252s] copying package.xml -> /mnt/home/calex/g1_ros_ws/install/g1_state_bridge/share/g1_state_bridge
[1.254s] copying launch/real_state.launch.py -> /mnt/home/calex/g1_ros_ws/install/g1_state_bridge/share/g1_state_bridge/launch
[1.256s] running install_egg_info
[1.260s] Copying ../../build/g1_state_bridge/g1_state_bridge.egg-info to /mnt/home/calex/g1_ros_ws/install/g1_state_bridge/lib/python3.8/site-packages/g1_state_bridge-0.1.0-py3.8.egg-info
[1.289s] running install_scripts
[1.300s] Installing state_bridge_node script to /mnt/home/calex/g1_ros_ws/install/g1_state_bridge/lib/g1_state_bridge
[1.306s] writing list of installed files to '/mnt/home/calex/g1_ros_ws/build/g1_state_bridge/install.log'
[1.327s] Invoked command in '/mnt/home/calex/g1_ros_ws/src/g1_state_bridge' returned '0': PYTHONPATH=/mnt/home/calex/g1_ros_ws/build/g1_state_bridge/prefix_override:/usr/lib/python3/dist-packages/colcon_core/task/python/colcon_distutils_commands:/mnt/home/calex/g1_ros_ws/install/g1_state_bridge/lib/python3.8/site-packages:${PYTHONPATH} /usr/bin/python3 -W ignore:setup.py install is deprecated -W ignore:easy_install command is deprecated setup.py egg_info --egg-base ../../build/g1_state_bridge build --build-base /mnt/home/calex/g1_ros_ws/build/g1_state_bridge/build install --record /mnt/home/calex/g1_ros_ws/build/g1_state_bridge/install.log --install-scripts $base/lib/g1_state_bridge --single-version-externally-managed install_data --force
