[0.348s] DEBUG:colcon:Command line arguments: ['/usr/bin/colcon', 'build', '--packages-select', 'g1_state_bridge', '--symlink-install']
[0.348s] DEBUG:colcon:Parsed command line arguments: Namespace(allow_overriding=[], ament_cmake_args=None, base_paths=['.'], build_base='build', catkin_cmake_args=None, catkin_skip_building_tests=False, cmake_args=None, cmake_clean_cache=False, cmake_clean_first=False, cmake_force_configure=False, cmake_target=None, cmake_target_skip_unavailable=False, continue_on_error=False, event_handlers=None, executor='parallel', ignore_user_meta=False, install_base='install', log_base=None, log_level=None, main=<bound method BuildVerb.main of <colcon_core.verb.build.BuildVerb object at 0x7fda16126cd0>>, merge_install=False, metas=['./colcon.meta'], mixin=None, mixin_files=None, mixin_verb=('build',), packages_above=None, packages_above_and_dependencies=None, packages_above_depth=None, packages_end=None, packages_ignore=None, packages_ignore_regex=None, packages_select=['g1_state_bridge'], packages_select_build_failed=False, packages_select_by_dep=None, packages_select_regex=None, packages_select_test_failures=False, packages_skip=None, packages_skip_build_finished=False, packages_skip_by_dep=None, packages_skip_regex=None, packages_skip_test_passed=False, packages_skip_up_to=None, packages_start=None, packages_up_to=None, packages_up_to_regex=None, parallel_workers=20, paths=None, symlink_install=True, test_result_base=None, verb_extension=<colcon_core.verb.build.BuildVerb object at 0x7fda16126cd0>, verb_name='build', verb_parser=<colcon_mixin.mixin.mixin_argument.MixinArgumentDecorator object at 0x7fda161341f0>)
[0.430s] Level 1:colcon.colcon_core.package_discovery:discover_packages(colcon_meta) check parameters
[0.430s] Level 1:colcon.colcon_core.package_discovery:discover_packages(recursive) check parameters
[0.430s] Level 1:colcon.colcon_core.package_discovery:discover_packages(ignore) check parameters
[0.430s] Level 1:colcon.colcon_core.package_discovery:discover_packages(path) check parameters
[0.430s] Level 1:colcon.colcon_core.package_discovery:discover_packages(colcon_meta) discover
[0.431s] Level 1:colcon.colcon_core.package_discovery:discover_packages(recursive) discover
[0.431s] INFO:colcon.colcon_core.package_discovery:Crawling recursively for packages in '/mnt/home/calex/g1_ros_ws'
[0.431s] Level 1:colcon.colcon_core.package_identification:_identify(.) by extensions ['ignore', 'ignore_ament_install']
[0.431s] Level 1:colcon.colcon_core.package_identification:_identify(.) by extension 'ignore'
[0.431s] Level 1:colcon.colcon_core.package_identification:_identify(.) by extension 'ignore_ament_install'
[0.431s] Level 1:colcon.colcon_core.package_identification:_identify(.) by extensions ['colcon_pkg']
[0.431s] Level 1:colcon.colcon_core.package_identification:_identify(.) by extension 'colcon_pkg'
[0.431s] Level 1:colcon.colcon_core.package_identification:_identify(.) by extensions ['colcon_meta']
[0.431s] Level 1:colcon.colcon_core.package_identification:_identify(.) by extension 'colcon_meta'
[0.431s] Level 1:colcon.colcon_core.package_identification:_identify(.) by extensions ['ros']
[0.431s] Level 1:colcon.colcon_core.package_identification:_identify(.) by extension 'ros'
[0.438s] Level 1:colcon.colcon_core.package_identification:_identify(.) by extensions ['cmake', 'python']
[0.438s] Level 1:colcon.colcon_core.package_identification:_identify(.) by extension 'cmake'
[0.438s] Level 1:colcon.colcon_core.package_identification:_identify(.) by extension 'python'
[0.442s] Level 1:colcon.colcon_core.package_identification:_identify(.) by extensions ['python_setup_py']
[0.442s] Level 1:colcon.colcon_core.package_identification:_identify(.) by extension 'python_setup_py'
[0.442s] Level 1:colcon.colcon_core.package_identification:_identify(build) by extensions ['ignore', 'ignore_ament_install']
[0.442s] Level 1:colcon.colcon_core.package_identification:_identify(build) by extension 'ignore'
[0.442s] Level 1:colcon.colcon_core.package_identification:_identify(build) ignored
[0.442s] Level 1:colcon.colcon_core.package_identification:_identify(install) by extensions ['ignore', 'ignore_ament_install']
[0.442s] Level 1:colcon.colcon_core.package_identification:_identify(install) by extension 'ignore'
[0.442s] Level 1:colcon.colcon_core.package_identification:_identify(install) ignored
[0.449s] Level 1:colcon.colcon_core.package_identification:_identify(log) by extensions ['ignore', 'ignore_ament_install']
[0.449s] Level 1:colcon.colcon_core.package_identification:_identify(log) by extension 'ignore'
[0.450s] Level 1:colcon.colcon_core.package_identification:_identify(log) ignored
[0.450s] Level 1:colcon.colcon_core.package_identification:_identify(script) by extensions ['ignore', 'ignore_ament_install']
[0.450s] Level 1:colcon.colcon_core.package_identification:_identify(script) by extension 'ignore'
[0.451s] Level 1:colcon.colcon_core.package_identification:_identify(script) by extension 'ignore_ament_install'
[0.451s] Level 1:colcon.colcon_core.package_identification:_identify(script) by extensions ['colcon_pkg']
[0.451s] Level 1:colcon.colcon_core.package_identification:_identify(script) by extension 'colcon_pkg'
[0.451s] Level 1:colcon.colcon_core.package_identification:_identify(script) by extensions ['colcon_meta']
[0.451s] Level 1:colcon.colcon_core.package_identification:_identify(script) by extension 'colcon_meta'
[0.451s] Level 1:colcon.colcon_core.package_identification:_identify(script) by extensions ['ros']
[0.451s] Level 1:colcon.colcon_core.package_identification:_identify(script) by extension 'ros'
[0.451s] Level 1:colcon.colcon_core.package_identification:_identify(script) by extensions ['cmake', 'python']
[0.451s] Level 1:colcon.colcon_core.package_identification:_identify(script) by extension 'cmake'
[0.453s] Level 1:colcon.colcon_core.package_identification:_identify(script) by extension 'python'
[0.453s] Level 1:colcon.colcon_core.package_identification:_identify(script) by extensions ['python_setup_py']
[0.453s] Level 1:colcon.colcon_core.package_identification:_identify(script) by extension 'python_setup_py'
[0.453s] Level 1:colcon.colcon_core.package_identification:_identify(src) by extensions ['ignore', 'ignore_ament_install']
[0.454s] Level 1:colcon.colcon_core.package_identification:_identify(src) by extension 'ignore'
[0.454s] Level 1:colcon.colcon_core.package_identification:_identify(src) by extension 'ignore_ament_install'
[0.454s] Level 1:colcon.colcon_core.package_identification:_identify(src) by extensions ['colcon_pkg']
[0.454s] Level 1:colcon.colcon_core.package_identification:_identify(src) by extension 'colcon_pkg'
[0.454s] Level 1:colcon.colcon_core.package_identification:_identify(src) by extensions ['colcon_meta']
[0.454s] Level 1:colcon.colcon_core.package_identification:_identify(src) by extension 'colcon_meta'
[0.454s] Level 1:colcon.colcon_core.package_identification:_identify(src) by extensions ['ros']
[0.454s] Level 1:colcon.colcon_core.package_identification:_identify(src) by extension 'ros'
[0.454s] Level 1:colcon.colcon_core.package_identification:_identify(src) by extensions ['cmake', 'python']
[0.454s] Level 1:colcon.colcon_core.package_identification:_identify(src) by extension 'cmake'
[0.454s] Level 1:colcon.colcon_core.package_identification:_identify(src) by extension 'python'
[0.454s] Level 1:colcon.colcon_core.package_identification:_identify(src) by extensions ['python_setup_py']
[0.454s] Level 1:colcon.colcon_core.package_identification:_identify(src) by extension 'python_setup_py'
[0.454s] Level 1:colcon.colcon_core.package_identification:_identify(src/g1_description) by extensions ['ignore', 'ignore_ament_install']
[0.454s] Level 1:colcon.colcon_core.package_identification:_identify(src/g1_description) by extension 'ignore'
[0.454s] Level 1:colcon.colcon_core.package_identification:_identify(src/g1_description) by extension 'ignore_ament_install'
[0.454s] Level 1:colcon.colcon_core.package_identification:_identify(src/g1_description) by extensions ['colcon_pkg']
[0.455s] Level 1:colcon.colcon_core.package_identification:_identify(src/g1_description) by extension 'colcon_pkg'
[0.455s] Level 1:colcon.colcon_core.package_identification:_identify(src/g1_description) by extensions ['colcon_meta']
[0.455s] Level 1:colcon.colcon_core.package_identification:_identify(src/g1_description) by extension 'colcon_meta'
[0.455s] Level 1:colcon.colcon_core.package_identification:_identify(src/g1_description) by extensions ['ros']
[0.455s] Level 1:colcon.colcon_core.package_identification:_identify(src/g1_description) by extension 'ros'
[0.457s] DEBUG:colcon.colcon_core.package_identification:Package 'src/g1_description' with type 'ros.ament_cmake' and name 'g1_description'
[0.457s] Level 1:colcon.colcon_core.package_identification:_identify(src/g1_state_bridge) by extensions ['ignore', 'ignore_ament_install']
[0.457s] Level 1:colcon.colcon_core.package_identification:_identify(src/g1_state_bridge) by extension 'ignore'
[0.458s] Level 1:colcon.colcon_core.package_identification:_identify(src/g1_state_bridge) by extension 'ignore_ament_install'
[0.458s] Level 1:colcon.colcon_core.package_identification:_identify(src/g1_state_bridge) by extensions ['colcon_pkg']
[0.458s] Level 1:colcon.colcon_core.package_identification:_identify(src/g1_state_bridge) by extension 'colcon_pkg'
[0.458s] Level 1:colcon.colcon_core.package_identification:_identify(src/g1_state_bridge) by extensions ['colcon_meta']
[0.458s] Level 1:colcon.colcon_core.package_identification:_identify(src/g1_state_bridge) by extension 'colcon_meta'
[0.458s] Level 1:colcon.colcon_core.package_identification:_identify(src/g1_state_bridge) by extensions ['ros']
[0.458s] Level 1:colcon.colcon_core.package_identification:_identify(src/g1_state_bridge) by extension 'ros'
[0.459s] DEBUG:colcon.colcon_core.package_identification:Package 'src/g1_state_bridge' with type 'ros.ament_python' and name 'g1_state_bridge'
[0.459s] Level 1:colcon.colcon_core.package_identification:_identify(src/g1_zed_bridge) by extensions ['ignore', 'ignore_ament_install']
[0.459s] Level 1:colcon.colcon_core.package_identification:_identify(src/g1_zed_bridge) by extension 'ignore'
[0.459s] Level 1:colcon.colcon_core.package_identification:_identify(src/g1_zed_bridge) by extension 'ignore_ament_install'
[0.459s] Level 1:colcon.colcon_core.package_identification:_identify(src/g1_zed_bridge) by extensions ['colcon_pkg']
[0.459s] Level 1:colcon.colcon_core.package_identification:_identify(src/g1_zed_bridge) by extension 'colcon_pkg'
[0.459s] Level 1:colcon.colcon_core.package_identification:_identify(src/g1_zed_bridge) by extensions ['colcon_meta']
[0.459s] Level 1:colcon.colcon_core.package_identification:_identify(src/g1_zed_bridge) by extension 'colcon_meta'
[0.459s] Level 1:colcon.colcon_core.package_identification:_identify(src/g1_zed_bridge) by extensions ['ros']
[0.459s] Level 1:colcon.colcon_core.package_identification:_identify(src/g1_zed_bridge) by extension 'ros'
[0.460s] DEBUG:colcon.colcon_core.package_identification:Package 'src/g1_zed_bridge' with type 'ros.ament_python' and name 'g1_zed_bridge'
[0.460s] Level 1:colcon.colcon_core.package_discovery:discover_packages(recursive) using defaults
[0.460s] Level 1:colcon.colcon_core.package_discovery:discover_packages(ignore) discover
[0.460s] Level 1:colcon.colcon_core.package_discovery:discover_packages(ignore) using defaults
[0.460s] Level 1:colcon.colcon_core.package_discovery:discover_packages(path) discover
[0.460s] Level 1:colcon.colcon_core.package_discovery:discover_packages(path) using defaults
[0.479s] INFO:colcon.colcon_core.package_selection:Skipping not selected package 'g1_description' in 'src/g1_description'
[0.479s] INFO:colcon.colcon_core.package_selection:Skipping not selected package 'g1_zed_bridge' in 'src/g1_zed_bridge'
[0.479s] Level 1:colcon.colcon_core.package_discovery:discover_packages(prefix_path) check parameters
[0.480s] Level 1:colcon.colcon_core.package_discovery:discover_packages(prefix_path) discover
[0.481s] DEBUG:colcon.colcon_installed_package_information.package_discovery:Found 302 installed packages in /opt/ros/foxy
[0.487s] Level 1:colcon.colcon_core.package_discovery:discover_packages(prefix_path) using defaults
[0.517s] Level 5:colcon.colcon_core.verb:set package 'g1_state_bridge' build argument 'cmake_args' from command line to 'None'
[0.517s] Level 5:colcon.colcon_core.verb:set package 'g1_state_bridge' build argument 'cmake_target' from command line to 'None'
[0.517s] Level 5:colcon.colcon_core.verb:set package 'g1_state_bridge' build argument 'cmake_target_skip_unavailable' from command line to 'False'
[0.517s] Level 5:colcon.colcon_core.verb:set package 'g1_state_bridge' build argument 'cmake_clean_cache' from command line to 'False'
[0.517s] Level 5:colcon.colcon_core.verb:set package 'g1_state_bridge' build argument 'cmake_clean_first' from command line to 'False'
[0.517s] Level 5:colcon.colcon_core.verb:set package 'g1_state_bridge' build argument 'cmake_force_configure' from command line to 'False'
[0.517s] Level 5:colcon.colcon_core.verb:set package 'g1_state_bridge' build argument 'ament_cmake_args' from command line to 'None'
[0.517s] Level 5:colcon.colcon_core.verb:set package 'g1_state_bridge' build argument 'catkin_cmake_args' from command line to 'None'
[0.517s] Level 5:colcon.colcon_core.verb:set package 'g1_state_bridge' build argument 'catkin_skip_building_tests' from command line to 'False'
[0.517s] DEBUG:colcon.colcon_core.verb:Building package 'g1_state_bridge' with the following arguments: {'ament_cmake_args': None, 'build_base': '/mnt/home/calex/g1_ros_ws/build/g1_state_bridge', 'catkin_cmake_args': None, 'catkin_skip_building_tests': False, 'cmake_args': None, 'cmake_clean_cache': False, 'cmake_clean_first': False, 'cmake_force_configure': False, 'cmake_target': None, 'cmake_target_skip_unavailable': False, 'install_base': '/mnt/home/calex/g1_ros_ws/install/g1_state_bridge', 'merge_install': False, 'path': '/mnt/home/calex/g1_ros_ws/src/g1_state_bridge', 'symlink_install': True, 'test_result_base': None}
[0.517s] INFO:colcon.colcon_core.executor:Executing jobs using 'parallel' executor
[0.518s] DEBUG:colcon.colcon_parallel_executor.executor.parallel:run_until_complete
[0.518s] INFO:colcon.colcon_ros.task.ament_python.build:Building ROS package in '/mnt/home/calex/g1_ros_ws/src/g1_state_bridge' with build type 'ament_python'
[0.518s] Level 1:colcon.colcon_core.shell:create_environment_hook('g1_state_bridge', 'ament_prefix_path')
[0.519s] INFO:colcon.colcon_core.plugin_system:Skipping extension 'colcon_core.shell.bat': Not used on non-Windows systems
[0.519s] INFO:colcon.colcon_core.shell:Creating environment hook '/mnt/home/calex/g1_ros_ws/install/g1_state_bridge/share/g1_state_bridge/hook/ament_prefix_path.ps1'
[0.521s] INFO:colcon.colcon_core.shell:Creating environment descriptor '/mnt/home/calex/g1_ros_ws/install/g1_state_bridge/share/g1_state_bridge/hook/ament_prefix_path.dsv'
[0.522s] INFO:colcon.colcon_core.shell:Creating environment hook '/mnt/home/calex/g1_ros_ws/install/g1_state_bridge/share/g1_state_bridge/hook/ament_prefix_path.sh'
[0.524s] INFO:colcon.colcon_core.shell:Skip shell extension 'powershell' for command environment: Not usable outside of PowerShell
[0.524s] DEBUG:colcon.colcon_core.shell:Skip shell extension 'dsv' for command environment
[0.665s] INFO:colcon.colcon_core.task.python.build:Building Python package in '/mnt/home/calex/g1_ros_ws/src/g1_state_bridge'
[0.666s] INFO:colcon.colcon_core.shell:Skip shell extension 'powershell' for command environment: Not usable outside of PowerShell
[0.666s] DEBUG:colcon.colcon_core.shell:Skip shell extension 'dsv' for command environment
[1.060s] DEBUG:colcon.colcon_core.task.python.build:Available setuptools commands: build_clib, bdist_wheel, install_data, test, rotate, egg_info, check, easy_install, symlink_data, bdist_rpm, build_scripts, install_egg_info, install_headers, bdist_dumb, upload, alias, setopt, clean, dist_info, bdist, sdist, develop, build_py, install_lib, build_ext, install, flake8, build, register, saveopts, install_scripts, upload_docs, bdist_egg, bdist_wininst
[1.212s] DEBUG:colcon.colcon_core.task.python.build:Available setuptools 'develop' options: --dry-run, --allow-hosts, --editable, --help, --always-copy, --verbose, --version, --install-dir, --multi-version, --zip-ok, --install-layout, --script-dir, --local-snapshots-ok, --no-user-cfg, --site-dirs, --user, --build-directory, --no-find-links, --upgrade, --record, --egg-path, --force-installation-into-system-dir, --index-url, --always-unzip, --prefix, --exclude-scripts, --find-links, --quiet, --optimize, --uninstall, --no-deps
[1.217s] DEBUG:colcon.colcon_core.event_handler.log_command:Invoking command in '/mnt/home/calex/g1_ros_ws/build/g1_state_bridge': AMENT_PREFIX_PATH=/mnt/home/calex/g1_ros_ws/install/g1_zed_bridge:${AMENT_PREFIX_PATH} PYTHONPATH=/mnt/home/calex/g1_ros_ws/build/g1_state_bridge/prefix_override:/usr/lib/python3/dist-packages/colcon_core/task/python/colcon_distutils_commands:/mnt/home/calex/g1_ros_ws/install/g1_state_bridge/lib/python3.8/site-packages:/mnt/home/calex/g1_ros_ws/build/g1_zed_bridge:/mnt/home/calex/g1_ros_ws/install/g1_zed_bridge/lib/python3.8/site-packages:${PYTHONPATH} /usr/bin/python3 -W ignore:setup.py install is deprecated -W ignore:easy_install command is deprecated setup.py develop --editable --build-directory /mnt/home/calex/g1_ros_ws/build/g1_state_bridge/build --no-deps symlink_data
[1.547s] Level 1:colcon.colcon_core.shell:create_environment_hook('g1_state_bridge', 'pythonpath_develop')
[1.547s] INFO:colcon.colcon_core.shell:Creating environment hook '/mnt/home/calex/g1_ros_ws/build/g1_state_bridge/share/g1_state_bridge/hook/pythonpath_develop.ps1'
[1.547s] DEBUG:colcon.colcon_core.event_handler.log_command:Invoked command in '/mnt/home/calex/g1_ros_ws/build/g1_state_bridge' returned '0': AMENT_PREFIX_PATH=/mnt/home/calex/g1_ros_ws/install/g1_zed_bridge:${AMENT_PREFIX_PATH} PYTHONPATH=/mnt/home/calex/g1_ros_ws/build/g1_state_bridge/prefix_override:/usr/lib/python3/dist-packages/colcon_core/task/python/colcon_distutils_commands:/mnt/home/calex/g1_ros_ws/install/g1_state_bridge/lib/python3.8/site-packages:/mnt/home/calex/g1_ros_ws/build/g1_zed_bridge:/mnt/home/calex/g1_ros_ws/install/g1_zed_bridge/lib/python3.8/site-packages:${PYTHONPATH} /usr/bin/python3 -W ignore:setup.py install is deprecated -W ignore:easy_install command is deprecated setup.py develop --editable --build-directory /mnt/home/calex/g1_ros_ws/build/g1_state_bridge/build --no-deps symlink_data
[1.554s] INFO:colcon.colcon_core.shell:Creating environment descriptor '/mnt/home/calex/g1_ros_ws/build/g1_state_bridge/share/g1_state_bridge/hook/pythonpath_develop.dsv'
[1.556s] INFO:colcon.colcon_core.shell:Creating environment hook '/mnt/home/calex/g1_ros_ws/build/g1_state_bridge/share/g1_state_bridge/hook/pythonpath_develop.sh'
[1.560s] Level 1:colcon.colcon_core.environment:checking '/mnt/home/calex/g1_ros_ws/install/g1_state_bridge' for CMake module files
[1.570s] Level 1:colcon.colcon_core.environment:checking '/mnt/home/calex/g1_ros_ws/install/g1_state_bridge' for CMake config files
[1.575s] Level 1:colcon.colcon_core.environment:checking '/mnt/home/calex/g1_ros_ws/install/g1_state_bridge/lib'
[1.575s] Level 1:colcon.colcon_core.environment:checking '/mnt/home/calex/g1_ros_ws/install/g1_state_bridge/bin'
[1.576s] Level 1:colcon.colcon_core.environment:checking '/mnt/home/calex/g1_ros_ws/install/g1_state_bridge/lib/pkgconfig/g1_state_bridge.pc'
[1.576s] Level 1:colcon.colcon_core.environment:checking '/mnt/home/calex/g1_ros_ws/install/g1_state_bridge/lib/python3.8/site-packages'
[1.576s] Level 1:colcon.colcon_core.shell:create_environment_hook('g1_state_bridge', 'pythonpath')
[1.576s] INFO:colcon.colcon_core.shell:Creating environment hook '/mnt/home/calex/g1_ros_ws/install/g1_state_bridge/share/g1_state_bridge/hook/pythonpath.ps1'
[1.580s] INFO:colcon.colcon_core.shell:Creating environment descriptor '/mnt/home/calex/g1_ros_ws/install/g1_state_bridge/share/g1_state_bridge/hook/pythonpath.dsv'
[1.582s] INFO:colcon.colcon_core.shell:Creating environment hook '/mnt/home/calex/g1_ros_ws/install/g1_state_bridge/share/g1_state_bridge/hook/pythonpath.sh'
[1.585s] Level 1:colcon.colcon_core.environment:checking '/mnt/home/calex/g1_ros_ws/install/g1_state_bridge/bin'
[1.585s] Level 1:colcon.colcon_core.environment:create_environment_scripts_only(g1_state_bridge)
[1.586s] INFO:colcon.colcon_core.shell:Creating package script '/mnt/home/calex/g1_ros_ws/install/g1_state_bridge/share/g1_state_bridge/package.ps1'
[1.598s] INFO:colcon.colcon_core.shell:Creating package descriptor '/mnt/home/calex/g1_ros_ws/install/g1_state_bridge/share/g1_state_bridge/package.dsv'
[1.608s] INFO:colcon.colcon_core.shell:Creating package script '/mnt/home/calex/g1_ros_ws/install/g1_state_bridge/share/g1_state_bridge/package.sh'
[1.614s] INFO:colcon.colcon_core.shell:Creating package script '/mnt/home/calex/g1_ros_ws/install/g1_state_bridge/share/g1_state_bridge/package.bash'
[1.622s] INFO:colcon.colcon_core.shell:Creating package script '/mnt/home/calex/g1_ros_ws/install/g1_state_bridge/share/g1_state_bridge/package.zsh'
[1.629s] Level 1:colcon.colcon_core.environment:create_file_with_runtime_dependencies(/mnt/home/calex/g1_ros_ws/install/g1_state_bridge/share/colcon-core/packages/g1_state_bridge)
[1.632s] DEBUG:colcon.colcon_parallel_executor.executor.parallel:closing loop
[1.632s] DEBUG:colcon.colcon_parallel_executor.executor.parallel:loop closed
[1.632s] DEBUG:colcon.colcon_parallel_executor.executor.parallel:run_until_complete finished with '0'
[1.632s] DEBUG:colcon.colcon_core.event_reactor:joining thread
[1.667s] INFO:colcon.colcon_core.plugin_system:Skipping extension 'colcon_notification.desktop_notification.terminal_notifier': Not used on non-Darwin systems
[1.667s] INFO:colcon.colcon_core.plugin_system:Skipping extension 'colcon_notification.desktop_notification.win32': Not used on non-Windows systems
[1.679s] INFO:colcon.colcon_notification.desktop_notification:Sending desktop notification using 'notify2'
[1.687s] DEBUG:colcon.colcon_core.event_reactor:joined thread
[1.687s] INFO:colcon.colcon_core.shell:Creating prefix script '/mnt/home/calex/g1_ros_ws/install/local_setup.ps1'
[1.705s] INFO:colcon.colcon_core.shell:Creating prefix util module '/mnt/home/calex/g1_ros_ws/install/_local_setup_util_ps1.py'
[1.706s] INFO:colcon.colcon_core.shell:Creating prefix chain script '/mnt/home/calex/g1_ros_ws/install/setup.ps1'
[1.710s] INFO:colcon.colcon_core.shell:Creating prefix script '/mnt/home/calex/g1_ros_ws/install/local_setup.sh'
[1.712s] INFO:colcon.colcon_core.shell:Creating prefix util module '/mnt/home/calex/g1_ros_ws/install/_local_setup_util_sh.py'
[1.717s] INFO:colcon.colcon_core.shell:Creating prefix chain script '/mnt/home/calex/g1_ros_ws/install/setup.sh'
[1.720s] INFO:colcon.colcon_core.shell:Creating prefix script '/mnt/home/calex/g1_ros_ws/install/local_setup.bash'
[1.722s] INFO:colcon.colcon_core.shell:Creating prefix chain script '/mnt/home/calex/g1_ros_ws/install/setup.bash'
[1.723s] INFO:colcon.colcon_core.shell:Creating prefix script '/mnt/home/calex/g1_ros_ws/install/local_setup.zsh'
[1.725s] INFO:colcon.colcon_core.shell:Creating prefix chain script '/mnt/home/calex/g1_ros_ws/install/setup.zsh'
