[0.026s] Invoking command in '/mnt/home/calex/g1_ros_ws/build/g1_description': CMAKE_PREFIX_PATH=/opt/ros/foxy /usr/bin/cmake --build /mnt/home/calex/g1_ros_ws/build/g1_description -- -j20 -l20
[0.106s] Invoked command in '/mnt/home/calex/g1_ros_ws/build/g1_description' returned '0': CMAKE_PREFIX_PATH=/opt/ros/foxy /usr/bin/cmake --build /mnt/home/calex/g1_ros_ws/build/g1_description -- -j20 -l20
[0.128s] Invoking command in '/mnt/home/calex/g1_ros_ws/build/g1_description': CMAKE_PREFIX_PATH=/opt/ros/foxy /usr/bin/cmake --install /mnt/home/calex/g1_ros_ws/build/g1_description
[0.144s] -- Install configuration: ""
[0.152s] -- Execute custom install script
[0.165s] -- Up-to-date symlink: /mnt/home/calex/g1_ros_ws/install/g1_description/share/g1_description/urdf/g1_tether.gazebo.xacro
[0.172s] -- Up-to-date symlink: /mnt/home/calex/g1_ros_ws/install/g1_description/share/g1_description/urdf/g1_tether.urdf
[0.178s] -- Up-to-date symlink: /mnt/home/calex/g1_ros_ws/install/g1_description/share/g1_description/urdf/g1_tether.urdf.xacro
[0.184s] -- Up-to-date symlink: /mnt/home/calex/g1_ros_ws/install/g1_description/share/g1_description/meshes/head_link.STL
[0.189s] -- Up-to-date symlink: /mnt/home/calex/g1_ros_ws/install/g1_description/share/g1_description/meshes/left_ankle_pitch_link.STL
[0.193s] -- Up-to-date symlink: /mnt/home/calex/g1_ros_ws/install/g1_description/share/g1_description/meshes/left_ankle_roll_link.STL
[0.198s] -- Up-to-date symlink: /mnt/home/calex/g1_ros_ws/install/g1_description/share/g1_description/meshes/left_elbow_link.STL
[0.201s] -- Up-to-date symlink: /mnt/home/calex/g1_ros_ws/install/g1_description/share/g1_description/meshes/left_hip_pitch_link.STL
[0.207s] -- Up-to-date symlink: /mnt/home/calex/g1_ros_ws/install/g1_description/share/g1_description/meshes/left_hip_roll_link.STL
[0.211s] -- Up-to-date symlink: /mnt/home/calex/g1_ros_ws/install/g1_description/share/g1_description/meshes/left_hip_yaw_link.STL
[0.216s] -- Up-to-date symlink: /mnt/home/calex/g1_ros_ws/install/g1_description/share/g1_description/meshes/left_knee_link.STL
[0.220s] -- Up-to-date symlink: /mnt/home/calex/g1_ros_ws/install/g1_description/share/g1_description/meshes/left_shoulder_pitch_link.STL
[0.226s] -- Up-to-date symlink: /mnt/home/calex/g1_ros_ws/install/g1_description/share/g1_description/meshes/left_shoulder_roll_link.STL
[0.229s] -- Up-to-date symlink: /mnt/home/calex/g1_ros_ws/install/g1_description/share/g1_description/meshes/left_shoulder_yaw_link.STL
[0.234s] -- Up-to-date symlink: /mnt/home/calex/g1_ros_ws/install/g1_description/share/g1_description/meshes/left_wrist_pitch_link.STL
[0.238s] -- Up-to-date symlink: /mnt/home/calex/g1_ros_ws/install/g1_description/share/g1_description/meshes/left_wrist_roll_link.STL
[0.242s] -- Up-to-date symlink: /mnt/home/calex/g1_ros_ws/install/g1_description/share/g1_description/meshes/left_wrist_yaw_link.STL
[0.246s] -- Up-to-date symlink: /mnt/home/calex/g1_ros_ws/install/g1_description/share/g1_description/meshes/pelvis.STL
[0.251s] -- Up-to-date symlink: /mnt/home/calex/g1_ros_ws/install/g1_description/share/g1_description/meshes/pelvis_contour_link.STL
[0.256s] -- Up-to-date symlink: /mnt/home/calex/g1_ros_ws/install/g1_description/share/g1_description/meshes/right_ankle_pitch_link.STL
[0.260s] -- Up-to-date symlink: /mnt/home/calex/g1_ros_ws/install/g1_description/share/g1_description/meshes/right_ankle_roll_link.STL
[0.266s] -- Up-to-date symlink: /mnt/home/calex/g1_ros_ws/install/g1_description/share/g1_description/meshes/right_base_link.STL
[0.272s] -- Up-to-date symlink: /mnt/home/calex/g1_ros_ws/install/g1_description/share/g1_description/meshes/right_elbow_link.STL
[0.275s] -- Up-to-date symlink: /mnt/home/calex/g1_ros_ws/install/g1_description/share/g1_description/meshes/right_hip_pitch_link.STL
[0.281s] -- Up-to-date symlink: /mnt/home/calex/g1_ros_ws/install/g1_description/share/g1_description/meshes/right_hip_roll_link.STL
[0.286s] -- Up-to-date symlink: /mnt/home/calex/g1_ros_ws/install/g1_description/share/g1_description/meshes/right_hip_yaw_link.STL
[0.291s] -- Up-to-date symlink: /mnt/home/calex/g1_ros_ws/install/g1_description/share/g1_description/meshes/right_index_distal_link.STL
[0.295s] -- Up-to-date symlink: /mnt/home/calex/g1_ros_ws/install/g1_description/share/g1_description/meshes/right_index_f_link.STL
[0.303s] -- Up-to-date symlink: /mnt/home/calex/g1_ros_ws/install/g1_description/share/g1_description/meshes/right_index_middle_link.STL
[0.307s] -- Up-to-date symlink: /mnt/home/calex/g1_ros_ws/install/g1_description/share/g1_description/meshes/right_index_proximal_link.STL
[0.311s] -- Up-to-date symlink: /mnt/home/calex/g1_ros_ws/install/g1_description/share/g1_description/meshes/right_index_tip_link.STL
[0.317s] -- Up-to-date symlink: /mnt/home/calex/g1_ros_ws/install/g1_description/share/g1_description/meshes/right_knee_link.STL
[0.322s] -- Up-to-date symlink: /mnt/home/calex/g1_ros_ws/install/g1_description/share/g1_description/meshes/right_middle_distal_link.STL
[0.326s] -- Up-to-date symlink: /mnt/home/calex/g1_ros_ws/install/g1_description/share/g1_description/meshes/right_middle_f_link.STL
[0.331s] -- Up-to-date symlink: /mnt/home/calex/g1_ros_ws/install/g1_description/share/g1_description/meshes/right_middle_middle_link.STL
[0.338s] -- Up-to-date symlink: /mnt/home/calex/g1_ros_ws/install/g1_description/share/g1_description/meshes/right_middle_proximal_link.STL
[0.343s] -- Up-to-date symlink: /mnt/home/calex/g1_ros_ws/install/g1_description/share/g1_description/meshes/right_middle_tip_link.STL
[0.346s] -- Up-to-date symlink: /mnt/home/calex/g1_ros_ws/install/g1_description/share/g1_description/meshes/right_pinky_distal_link.STL
[0.351s] -- Up-to-date symlink: /mnt/home/calex/g1_ros_ws/install/g1_description/share/g1_description/meshes/right_pinky_f_link.STL
[0.356s] -- Up-to-date symlink: /mnt/home/calex/g1_ros_ws/install/g1_description/share/g1_description/meshes/right_pinky_middle_link.STL
[0.361s] -- Up-to-date symlink: /mnt/home/calex/g1_ros_ws/install/g1_description/share/g1_description/meshes/right_pinky_proximal_link.STL
[0.365s] -- Up-to-date symlink: /mnt/home/calex/g1_ros_ws/install/g1_description/share/g1_description/meshes/right_pinky_tip_link.STL
[0.371s] -- Up-to-date symlink: /mnt/home/calex/g1_ros_ws/install/g1_description/share/g1_description/meshes/right_ring_distal_link.STL
[0.375s] -- Up-to-date symlink: /mnt/home/calex/g1_ros_ws/install/g1_description/share/g1_description/meshes/right_ring_f_link.STL
[0.380s] -- Up-to-date symlink: /mnt/home/calex/g1_ros_ws/install/g1_description/share/g1_description/meshes/right_ring_middle_link.STL
[0.386s] -- Up-to-date symlink: /mnt/home/calex/g1_ros_ws/install/g1_description/share/g1_description/meshes/right_ring_proximal_link.STL
[0.388s] -- Up-to-date symlink: /mnt/home/calex/g1_ros_ws/install/g1_description/share/g1_description/meshes/right_ring_tip_link.STL
[0.394s] -- Up-to-date symlink: /mnt/home/calex/g1_ros_ws/install/g1_description/share/g1_description/meshes/right_shoulder_pitch_link.STL
[0.399s] -- Up-to-date symlink: /mnt/home/calex/g1_ros_ws/install/g1_description/share/g1_description/meshes/right_shoulder_roll_link.STL
[0.404s] -- Up-to-date symlink: /mnt/home/calex/g1_ros_ws/install/g1_description/share/g1_description/meshes/right_shoulder_yaw_link.STL
[0.408s] -- Up-to-date symlink: /mnt/home/calex/g1_ros_ws/install/g1_description/share/g1_description/meshes/right_t_link.STL
[0.415s] -- Up-to-date symlink: /mnt/home/calex/g1_ros_ws/install/g1_description/share/g1_description/meshes/right_thumb_distal_link.STL
[0.421s] -- Up-to-date symlink: /mnt/home/calex/g1_ros_ws/install/g1_description/share/g1_description/meshes/right_thumb_mcp_link.STL
[0.424s] -- Up-to-date symlink: /mnt/home/calex/g1_ros_ws/install/g1_description/share/g1_description/meshes/right_thumb_proximal_link.STL
[0.430s] -- Up-to-date symlink: /mnt/home/calex/g1_ros_ws/install/g1_description/share/g1_description/meshes/right_thumb_tip_link.STL
[0.435s] -- Up-to-date symlink: /mnt/home/calex/g1_ros_ws/install/g1_description/share/g1_description/meshes/right_wrist_pitch_link.STL
[0.443s] -- Up-to-date symlink: /mnt/home/calex/g1_ros_ws/install/g1_description/share/g1_description/meshes/right_wrist_roll_link.STL
[0.444s] -- Up-to-date symlink: /mnt/home/calex/g1_ros_ws/install/g1_description/share/g1_description/meshes/right_wrist_yaw_link.STL
[0.451s] -- Up-to-date symlink: /mnt/home/calex/g1_ros_ws/install/g1_description/share/g1_description/meshes/torso_link_rev_1_0.STL
[0.456s] -- Up-to-date symlink: /mnt/home/calex/g1_ros_ws/install/g1_description/share/g1_description/meshes/twist2_neck.obj
[0.460s] -- Up-to-date symlink: /mnt/home/calex/g1_ros_ws/install/g1_description/share/g1_description/meshes/waist_roll_link_rev_1_0.STL
[0.462s] -- Up-to-date symlink: /mnt/home/calex/g1_ros_ws/install/g1_description/share/g1_description/meshes/waist_yaw_link_rev_1_0.STL
[0.473s] -- Up-to-date symlink: /mnt/home/calex/g1_ros_ws/install/g1_description/share/g1_description/launch/display.launch.py
[0.481s] -- Up-to-date symlink: /mnt/home/calex/g1_ros_ws/install/g1_description/share/g1_description/scripts/mjcf_to_urdf.py
[0.487s] -- Up-to-date symlink: /mnt/home/calex/g1_ros_ws/install/g1_description/share/g1_description/rviz/display.rviz
[0.494s] -- Up-to-date symlink: /mnt/home/calex/g1_ros_ws/install/g1_description/share/ament_index/resource_index/package_run_dependencies/g1_description
[0.499s] -- Up-to-date symlink: /mnt/home/calex/g1_ros_ws/install/g1_description/share/ament_index/resource_index/parent_prefix_path/g1_description
[0.503s] -- Up-to-date symlink: /mnt/home/calex/g1_ros_ws/install/g1_description/share/g1_description/environment/ament_prefix_path.sh
[0.509s] -- Up-to-date symlink: /mnt/home/calex/g1_ros_ws/install/g1_description/share/g1_description/environment/ament_prefix_path.dsv
[0.516s] -- Up-to-date symlink: /mnt/home/calex/g1_ros_ws/install/g1_description/share/g1_description/environment/path.sh
[0.522s] -- Up-to-date symlink: /mnt/home/calex/g1_ros_ws/install/g1_description/share/g1_description/environment/path.dsv
[0.528s] -- Up-to-date symlink: /mnt/home/calex/g1_ros_ws/install/g1_description/share/g1_description/local_setup.bash
[0.534s] -- Up-to-date symlink: /mnt/home/calex/g1_ros_ws/install/g1_description/share/g1_description/local_setup.sh
[0.540s] -- Up-to-date symlink: /mnt/home/calex/g1_ros_ws/install/g1_description/share/g1_description/local_setup.zsh
[0.545s] -- Up-to-date symlink: /mnt/home/calex/g1_ros_ws/install/g1_description/share/g1_description/local_setup.dsv
[0.555s] -- Symlinking: /mnt/home/calex/g1_ros_ws/install/g1_description/share/g1_description/package.dsv
[0.578s] -- Up-to-date symlink: /mnt/home/calex/g1_ros_ws/install/g1_description/share/ament_index/resource_index/packages/g1_description
[0.588s] -- Up-to-date symlink: /mnt/home/calex/g1_ros_ws/install/g1_description/share/g1_description/cmake/g1_descriptionConfig.cmake
[0.595s] -- Up-to-date symlink: /mnt/home/calex/g1_ros_ws/install/g1_description/share/g1_description/cmake/g1_descriptionConfig-version.cmake
[0.601s] -- Up-to-date symlink: /mnt/home/calex/g1_ros_ws/install/g1_description/share/g1_description/package.xml
[0.607s] Invoked command in '/mnt/home/calex/g1_ros_ws/build/g1_description' returned '0': CMAKE_PREFIX_PATH=/opt/ros/foxy /usr/bin/cmake --install /mnt/home/calex/g1_ros_ws/build/g1_description
