-- Install configuration: ""
-- Execute custom install script
-- Up-to-date symlink: /mnt/home/calex/g1_ros_ws/install/g1_description/share/g1_description/urdf/g1_tether.urdf
-- Up-to-date symlink: /mnt/home/calex/g1_ros_ws/install/g1_description/share/g1_description/urdf/g1_tether.urdf.xacro
-- Up-to-date symlink: /mnt/home/calex/g1_ros_ws/install/g1_description/share/g1_description/meshes/head_link.STL
-- Up-to-date symlink: /mnt/home/calex/g1_ros_ws/install/g1_description/share/g1_description/meshes/left_ankle_pitch_link.STL
-- Up-to-date symlink: /mnt/home/calex/g1_ros_ws/install/g1_description/share/g1_description/meshes/left_ankle_roll_link.STL
-- Up-to-date symlink: /mnt/home/calex/g1_ros_ws/install/g1_description/share/g1_description/meshes/left_elbow_link.STL
-- Up-to-date symlink: /mnt/home/calex/g1_ros_ws/install/g1_description/share/g1_description/meshes/left_hip_pitch_link.STL
-- Up-to-date symlink: /mnt/home/calex/g1_ros_ws/install/g1_description/share/g1_description/meshes/left_hip_roll_link.STL
-- Up-to-date symlink: /mnt/home/calex/g1_ros_ws/install/g1_description/share/g1_description/meshes/left_hip_yaw_link.STL
-- Up-to-date symlink: /mnt/home/calex/g1_ros_ws/install/g1_description/share/g1_description/meshes/left_knee_link.STL
-- Up-to-date symlink: /mnt/home/calex/g1_ros_ws/install/g1_description/share/g1_description/meshes/left_shoulder_pitch_link.STL
-- Up-to-date symlink: /mnt/home/calex/g1_ros_ws/install/g1_description/share/g1_description/meshes/left_shoulder_roll_link.STL
-- Up-to-date symlink: /mnt/home/calex/g1_ros_ws/install/g1_description/share/g1_description/meshes/left_shoulder_yaw_link.STL
-- Up-to-date symlink: /mnt/home/calex/g1_ros_ws/install/g1_description/share/g1_description/meshes/left_wrist_pitch_link.STL
-- Up-to-date symlink: /mnt/home/calex/g1_ros_ws/install/g1_description/share/g1_description/meshes/left_wrist_roll_link.STL
-- Up-to-date symlink: /mnt/home/calex/g1_ros_ws/install/g1_description/share/g1_description/meshes/left_wrist_yaw_link.STL
-- Up-to-date symlink: /mnt/home/calex/g1_ros_ws/install/g1_description/share/g1_description/meshes/pelvis.STL
-- Up-to-date symlink: /mnt/home/calex/g1_ros_ws/install/g1_description/share/g1_description/meshes/pelvis_contour_link.STL
-- Up-to-date symlink: /mnt/home/calex/g1_ros_ws/install/g1_description/share/g1_description/meshes/right_ankle_pitch_link.STL
-- Up-to-date symlink: /mnt/home/calex/g1_ros_ws/install/g1_description/share/g1_description/meshes/right_ankle_roll_link.STL
-- Up-to-date symlink: /mnt/home/calex/g1_ros_ws/install/g1_description/share/g1_description/meshes/right_base_link.STL
-- Up-to-date symlink: /mnt/home/calex/g1_ros_ws/install/g1_description/share/g1_description/meshes/right_elbow_link.STL
-- Up-to-date symlink: /mnt/home/calex/g1_ros_ws/install/g1_description/share/g1_description/meshes/right_hip_pitch_link.STL
-- Up-to-date symlink: /mnt/home/calex/g1_ros_ws/install/g1_description/share/g1_description/meshes/right_hip_roll_link.STL
-- Up-to-date symlink: /mnt/home/calex/g1_ros_ws/install/g1_description/share/g1_description/meshes/right_hip_yaw_link.STL
-- Up-to-date symlink: /mnt/home/calex/g1_ros_ws/install/g1_description/share/g1_description/meshes/right_index_distal_link.STL
-- Up-to-date symlink: /mnt/home/calex/g1_ros_ws/install/g1_description/share/g1_description/meshes/right_index_f_link.STL
-- Up-to-date symlink: /mnt/home/calex/g1_ros_ws/install/g1_description/share/g1_description/meshes/right_index_middle_link.STL
-- Up-to-date symlink: /mnt/home/calex/g1_ros_ws/install/g1_description/share/g1_description/meshes/right_index_proximal_link.STL
-- Up-to-date symlink: /mnt/home/calex/g1_ros_ws/install/g1_description/share/g1_description/meshes/right_index_tip_link.STL
-- Up-to-date symlink: /mnt/home/calex/g1_ros_ws/install/g1_description/share/g1_description/meshes/right_knee_link.STL
-- Up-to-date symlink: /mnt/home/calex/g1_ros_ws/install/g1_description/share/g1_description/meshes/right_middle_distal_link.STL
-- Up-to-date symlink: /mnt/home/calex/g1_ros_ws/install/g1_description/share/g1_description/meshes/right_middle_f_link.STL
-- Up-to-date symlink: /mnt/home/calex/g1_ros_ws/install/g1_description/share/g1_description/meshes/right_middle_middle_link.STL
-- Up-to-date symlink: /mnt/home/calex/g1_ros_ws/install/g1_description/share/g1_description/meshes/right_middle_proximal_link.STL
-- Up-to-date symlink: /mnt/home/calex/g1_ros_ws/install/g1_description/share/g1_description/meshes/right_middle_tip_link.STL
-- Up-to-date symlink: /mnt/home/calex/g1_ros_ws/install/g1_description/share/g1_description/meshes/right_pinky_distal_link.STL
-- Up-to-date symlink: /mnt/home/calex/g1_ros_ws/install/g1_description/share/g1_description/meshes/right_pinky_f_link.STL
-- Up-to-date symlink: /mnt/home/calex/g1_ros_ws/install/g1_description/share/g1_description/meshes/right_pinky_middle_link.STL
-- Up-to-date symlink: /mnt/home/calex/g1_ros_ws/install/g1_description/share/g1_description/meshes/right_pinky_proximal_link.STL
-- Up-to-date symlink: /mnt/home/calex/g1_ros_ws/install/g1_description/share/g1_description/meshes/right_pinky_tip_link.STL
-- Up-to-date symlink: /mnt/home/calex/g1_ros_ws/install/g1_description/share/g1_description/meshes/right_ring_distal_link.STL
-- Up-to-date symlink: /mnt/home/calex/g1_ros_ws/install/g1_description/share/g1_description/meshes/right_ring_f_link.STL
-- Up-to-date symlink: /mnt/home/calex/g1_ros_ws/install/g1_description/share/g1_description/meshes/right_ring_middle_link.STL
-- Up-to-date symlink: /mnt/home/calex/g1_ros_ws/install/g1_description/share/g1_description/meshes/right_ring_proximal_link.STL
-- Up-to-date symlink: /mnt/home/calex/g1_ros_ws/install/g1_description/share/g1_description/meshes/right_ring_tip_link.STL
-- Up-to-date symlink: /mnt/home/calex/g1_ros_ws/install/g1_description/share/g1_description/meshes/right_shoulder_pitch_link.STL
-- Up-to-date symlink: /mnt/home/calex/g1_ros_ws/install/g1_description/share/g1_description/meshes/right_shoulder_roll_link.STL
-- Up-to-date symlink: /mnt/home/calex/g1_ros_ws/install/g1_description/share/g1_description/meshes/right_shoulder_yaw_link.STL
-- Up-to-date symlink: /mnt/home/calex/g1_ros_ws/install/g1_description/share/g1_description/meshes/right_t_link.STL
-- Up-to-date symlink: /mnt/home/calex/g1_ros_ws/install/g1_description/share/g1_description/meshes/right_thumb_distal_link.STL
-- Up-to-date symlink: /mnt/home/calex/g1_ros_ws/install/g1_description/share/g1_description/meshes/right_thumb_mcp_link.STL
-- Up-to-date symlink: /mnt/home/calex/g1_ros_ws/install/g1_description/share/g1_description/meshes/right_thumb_proximal_link.STL
-- Up-to-date symlink: /mnt/home/calex/g1_ros_ws/install/g1_description/share/g1_description/meshes/right_thumb_tip_link.STL
-- Up-to-date symlink: /mnt/home/calex/g1_ros_ws/install/g1_description/share/g1_description/meshes/right_wrist_pitch_link.STL
-- Up-to-date symlink: /mnt/home/calex/g1_ros_ws/install/g1_description/share/g1_description/meshes/right_wrist_roll_link.STL
-- Up-to-date symlink: /mnt/home/calex/g1_ros_ws/install/g1_description/share/g1_description/meshes/right_wrist_yaw_link.STL
-- Up-to-date symlink: /mnt/home/calex/g1_ros_ws/install/g1_description/share/g1_description/meshes/torso_link_rev_1_0.STL
-- Up-to-date symlink: /mnt/home/calex/g1_ros_ws/install/g1_description/share/g1_description/meshes/twist2_neck.obj
-- Up-to-date symlink: /mnt/home/calex/g1_ros_ws/install/g1_description/share/g1_description/meshes/waist_roll_link_rev_1_0.STL
-- Up-to-date symlink: /mnt/home/calex/g1_ros_ws/install/g1_description/share/g1_description/meshes/waist_yaw_link_rev_1_0.STL
-- Up-to-date symlink: /mnt/home/calex/g1_ros_ws/install/g1_description/share/g1_description/launch/display.launch.py
-- Up-to-date symlink: /mnt/home/calex/g1_ros_ws/install/g1_description/share/g1_description/scripts/mjcf_to_urdf.py
-- Up-to-date symlink: /mnt/home/calex/g1_ros_ws/install/g1_description/share/g1_description/rviz/display.rviz
-- Up-to-date symlink: /mnt/home/calex/g1_ros_ws/install/g1_description/share/ament_index/resource_index/package_run_dependencies/g1_description
-- Up-to-date symlink: /mnt/home/calex/g1_ros_ws/install/g1_description/share/ament_index/resource_index/parent_prefix_path/g1_description
-- Up-to-date symlink: /mnt/home/calex/g1_ros_ws/install/g1_description/share/g1_description/environment/ament_prefix_path.sh
-- Up-to-date symlink: /mnt/home/calex/g1_ros_ws/install/g1_description/share/g1_description/environment/ament_prefix_path.dsv
-- Up-to-date symlink: /mnt/home/calex/g1_ros_ws/install/g1_description/share/g1_description/environment/path.sh
-- Up-to-date symlink: /mnt/home/calex/g1_ros_ws/install/g1_description/share/g1_description/environment/path.dsv
-- Up-to-date symlink: /mnt/home/calex/g1_ros_ws/install/g1_description/share/g1_description/local_setup.bash
-- Up-to-date symlink: /mnt/home/calex/g1_ros_ws/install/g1_description/share/g1_description/local_setup.sh
-- Up-to-date symlink: /mnt/home/calex/g1_ros_ws/install/g1_description/share/g1_description/local_setup.zsh
-- Up-to-date symlink: /mnt/home/calex/g1_ros_ws/install/g1_description/share/g1_description/local_setup.dsv
-- Symlinking: /mnt/home/calex/g1_ros_ws/install/g1_description/share/g1_description/package.dsv
-- Up-to-date symlink: /mnt/home/calex/g1_ros_ws/install/g1_description/share/ament_index/resource_index/packages/g1_description
-- Up-to-date symlink: /mnt/home/calex/g1_ros_ws/install/g1_description/share/g1_description/cmake/g1_descriptionConfig.cmake
-- Up-to-date symlink: /mnt/home/calex/g1_ros_ws/install/g1_description/share/g1_description/cmake/g1_descriptionConfig-version.cmake
-- Up-to-date symlink: /mnt/home/calex/g1_ros_ws/install/g1_description/share/g1_description/package.xml
