[0.164s] DEBUG:colcon:Command line arguments: ['/usr/bin/colcon', 'build', '--symlink-install', '--packages-select', 'g1_description', 'g1_gazebo']
[0.164s] DEBUG:colcon:Parsed command line arguments: Namespace(allow_overriding=[], ament_cmake_args=None, base_paths=['.'], build_base='build', catkin_cmake_args=None, catkin_skip_building_tests=False, cmake_args=None, cmake_clean_cache=False, cmake_clean_first=False, cmake_force_configure=False, cmake_target=None, cmake_target_skip_unavailable=False, continue_on_error=False, event_handlers=None, executor='parallel', ignore_user_meta=False, install_base='install', log_base=None, log_level=None, main=<bound method BuildVerb.main of <colcon_core.verb.build.BuildVerb object at 0x7f2e81639cd0>>, merge_install=False, metas=['./colcon.meta'], mixin=None, mixin_files=None, mixin_verb=('build',), packages_above=None, packages_above_and_dependencies=None, packages_above_depth=None, packages_end=None, packages_ignore=None, packages_ignore_regex=None, packages_select=['g1_description', 'g1_gazebo'], packages_select_build_failed=False, packages_select_by_dep=None, packages_select_regex=None, packages_select_test_failures=False, packages_skip=None, packages_skip_build_finished=False, packages_skip_by_dep=None, packages_skip_regex=None, packages_skip_test_passed=False, packages_skip_up_to=None, packages_start=None, packages_up_to=None, packages_up_to_regex=None, parallel_workers=20, paths=None, symlink_install=True, test_result_base=None, verb_extension=<colcon_core.verb.build.BuildVerb object at 0x7f2e81639cd0>, verb_name='build', verb_parser=<colcon_mixin.mixin.mixin_argument.MixinArgumentDecorator object at 0x7f2e81648160>)
[0.263s] Level 1:colcon.colcon_core.package_discovery:discover_packages(colcon_meta) check parameters
[0.264s] Level 1:colcon.colcon_core.package_discovery:discover_packages(recursive) check parameters
[0.264s] Level 1:colcon.colcon_core.package_discovery:discover_packages(ignore) check parameters
[0.264s] Level 1:colcon.colcon_core.package_discovery:discover_packages(path) check parameters
[0.264s] Level 1:colcon.colcon_core.package_discovery:discover_packages(colcon_meta) discover
[0.264s] Level 1:colcon.colcon_core.package_discovery:discover_packages(recursive) discover
[0.264s] INFO:colcon.colcon_core.package_discovery:Crawling recursively for packages in '/mnt/home/calex/g1_ros_ws'
[0.264s] Level 1:colcon.colcon_core.package_identification:_identify(.) by extensions ['ignore', 'ignore_ament_install']
[0.265s] Level 1:colcon.colcon_core.package_identification:_identify(.) by extension 'ignore'
[0.265s] Level 1:colcon.colcon_core.package_identification:_identify(.) by extension 'ignore_ament_install'
[0.265s] Level 1:colcon.colcon_core.package_identification:_identify(.) by extensions ['colcon_pkg']
[0.265s] Level 1:colcon.colcon_core.package_identification:_identify(.) by extension 'colcon_pkg'
[0.265s] Level 1:colcon.colcon_core.package_identification:_identify(.) by extensions ['colcon_meta']
[0.265s] Level 1:colcon.colcon_core.package_identification:_identify(.) by extension 'colcon_meta'
[0.265s] Level 1:colcon.colcon_core.package_identification:_identify(.) by extensions ['ros']
[0.265s] Level 1:colcon.colcon_core.package_identification:_identify(.) by extension 'ros'
[0.273s] Level 1:colcon.colcon_core.package_identification:_identify(.) by extensions ['cmake', 'python']
[0.273s] Level 1:colcon.colcon_core.package_identification:_identify(.) by extension 'cmake'
[0.273s] Level 1:colcon.colcon_core.package_identification:_identify(.) by extension 'python'
[0.273s] Level 1:colcon.colcon_core.package_identification:_identify(.) by extensions ['python_setup_py']
[0.273s] Level 1:colcon.colcon_core.package_identification:_identify(.) by extension 'python_setup_py'
[0.274s] Level 1:colcon.colcon_core.package_identification:_identify(build) by extensions ['ignore', 'ignore_ament_install']
[0.274s] Level 1:colcon.colcon_core.package_identification:_identify(build) by extension 'ignore'
[0.274s] Level 1:colcon.colcon_core.package_identification:_identify(build) ignored
[0.274s] Level 1:colcon.colcon_core.package_identification:_identify(install) by extensions ['ignore', 'ignore_ament_install']
[0.274s] Level 1:colcon.colcon_core.package_identification:_identify(install) by extension 'ignore'
[0.274s] Level 1:colcon.colcon_core.package_identification:_identify(install) ignored
[0.275s] Level 1:colcon.colcon_core.package_identification:_identify(log) by extensions ['ignore', 'ignore_ament_install']
[0.275s] Level 1:colcon.colcon_core.package_identification:_identify(log) by extension 'ignore'
[0.276s] Level 1:colcon.colcon_core.package_identification:_identify(log) ignored
[0.276s] Level 1:colcon.colcon_core.package_identification:_identify(script) by extensions ['ignore', 'ignore_ament_install']
[0.276s] Level 1:colcon.colcon_core.package_identification:_identify(script) by extension 'ignore'
[0.276s] Level 1:colcon.colcon_core.package_identification:_identify(script) by extension 'ignore_ament_install'
[0.276s] Level 1:colcon.colcon_core.package_identification:_identify(script) by extensions ['colcon_pkg']
[0.276s] Level 1:colcon.colcon_core.package_identification:_identify(script) by extension 'colcon_pkg'
[0.277s] Level 1:colcon.colcon_core.package_identification:_identify(script) by extensions ['colcon_meta']
[0.277s] Level 1:colcon.colcon_core.package_identification:_identify(script) by extension 'colcon_meta'
[0.277s] Level 1:colcon.colcon_core.package_identification:_identify(script) by extensions ['ros']
[0.277s] Level 1:colcon.colcon_core.package_identification:_identify(script) by extension 'ros'
[0.277s] Level 1:colcon.colcon_core.package_identification:_identify(script) by extensions ['cmake', 'python']
[0.277s] Level 1:colcon.colcon_core.package_identification:_identify(script) by extension 'cmake'
[0.277s] Level 1:colcon.colcon_core.package_identification:_identify(script) by extension 'python'
[0.277s] Level 1:colcon.colcon_core.package_identification:_identify(script) by extensions ['python_setup_py']
[0.277s] Level 1:colcon.colcon_core.package_identification:_identify(script) by extension 'python_setup_py'
[0.277s] Level 1:colcon.colcon_core.package_identification:_identify(src) by extensions ['ignore', 'ignore_ament_install']
[0.277s] Level 1:colcon.colcon_core.package_identification:_identify(src) by extension 'ignore'
[0.277s] Level 1:colcon.colcon_core.package_identification:_identify(src) by extension 'ignore_ament_install'
[0.277s] Level 1:colcon.colcon_core.package_identification:_identify(src) by extensions ['colcon_pkg']
[0.277s] Level 1:colcon.colcon_core.package_identification:_identify(src) by extension 'colcon_pkg'
[0.278s] Level 1:colcon.colcon_core.package_identification:_identify(src) by extensions ['colcon_meta']
[0.278s] Level 1:colcon.colcon_core.package_identification:_identify(src) by extension 'colcon_meta'
[0.278s] Level 1:colcon.colcon_core.package_identification:_identify(src) by extensions ['ros']
[0.278s] Level 1:colcon.colcon_core.package_identification:_identify(src) by extension 'ros'
[0.278s] Level 1:colcon.colcon_core.package_identification:_identify(src) by extensions ['cmake', 'python']
[0.278s] Level 1:colcon.colcon_core.package_identification:_identify(src) by extension 'cmake'
[0.278s] Level 1:colcon.colcon_core.package_identification:_identify(src) by extension 'python'
[0.278s] Level 1:colcon.colcon_core.package_identification:_identify(src) by extensions ['python_setup_py']
[0.278s] Level 1:colcon.colcon_core.package_identification:_identify(src) by extension 'python_setup_py'
[0.278s] Level 1:colcon.colcon_core.package_identification:_identify(src/g1_description) by extensions ['ignore', 'ignore_ament_install']
[0.278s] Level 1:colcon.colcon_core.package_identification:_identify(src/g1_description) by extension 'ignore'
[0.278s] Level 1:colcon.colcon_core.package_identification:_identify(src/g1_description) by extension 'ignore_ament_install'
[0.278s] Level 1:colcon.colcon_core.package_identification:_identify(src/g1_description) by extensions ['colcon_pkg']
[0.278s] Level 1:colcon.colcon_core.package_identification:_identify(src/g1_description) by extension 'colcon_pkg'
[0.278s] Level 1:colcon.colcon_core.package_identification:_identify(src/g1_description) by extensions ['colcon_meta']
[0.278s] Level 1:colcon.colcon_core.package_identification:_identify(src/g1_description) by extension 'colcon_meta'
[0.278s] Level 1:colcon.colcon_core.package_identification:_identify(src/g1_description) by extensions ['ros']
[0.278s] Level 1:colcon.colcon_core.package_identification:_identify(src/g1_description) by extension 'ros'
[0.281s] DEBUG:colcon.colcon_core.package_identification:Package 'src/g1_description' with type 'ros.ament_cmake' and name 'g1_description'
[0.282s] Level 1:colcon.colcon_core.package_identification:_identify(src/g1_gazebo) by extensions ['ignore', 'ignore_ament_install']
[0.282s] Level 1:colcon.colcon_core.package_identification:_identify(src/g1_gazebo) by extension 'ignore'
[0.282s] Level 1:colcon.colcon_core.package_identification:_identify(src/g1_gazebo) by extension 'ignore_ament_install'
[0.282s] Level 1:colcon.colcon_core.package_identification:_identify(src/g1_gazebo) by extensions ['colcon_pkg']
[0.282s] Level 1:colcon.colcon_core.package_identification:_identify(src/g1_gazebo) by extension 'colcon_pkg'
[0.282s] Level 1:colcon.colcon_core.package_identification:_identify(src/g1_gazebo) by extensions ['colcon_meta']
[0.282s] Level 1:colcon.colcon_core.package_identification:_identify(src/g1_gazebo) by extension 'colcon_meta'
[0.282s] Level 1:colcon.colcon_core.package_identification:_identify(src/g1_gazebo) by extensions ['ros']
[0.282s] Level 1:colcon.colcon_core.package_identification:_identify(src/g1_gazebo) by extension 'ros'
[0.283s] DEBUG:colcon.colcon_core.package_identification:Package 'src/g1_gazebo' with type 'ros.ament_cmake' and name 'g1_gazebo'
[0.283s] Level 1:colcon.colcon_core.package_identification:_identify(src/g1_state_bridge) by extensions ['ignore', 'ignore_ament_install']
[0.283s] Level 1:colcon.colcon_core.package_identification:_identify(src/g1_state_bridge) by extension 'ignore'
[0.283s] Level 1:colcon.colcon_core.package_identification:_identify(src/g1_state_bridge) by extension 'ignore_ament_install'
[0.283s] Level 1:colcon.colcon_core.package_identification:_identify(src/g1_state_bridge) by extensions ['colcon_pkg']
[0.284s] Level 1:colcon.colcon_core.package_identification:_identify(src/g1_state_bridge) by extension 'colcon_pkg'
[0.284s] Level 1:colcon.colcon_core.package_identification:_identify(src/g1_state_bridge) by extensions ['colcon_meta']
[0.284s] Level 1:colcon.colcon_core.package_identification:_identify(src/g1_state_bridge) by extension 'colcon_meta'
[0.284s] Level 1:colcon.colcon_core.package_identification:_identify(src/g1_state_bridge) by extensions ['ros']
[0.296s] Level 1:colcon.colcon_core.package_identification:_identify(src/g1_state_bridge) by extension 'ros'
[0.297s] DEBUG:colcon.colcon_core.package_identification:Package 'src/g1_state_bridge' with type 'ros.ament_python' and name 'g1_state_bridge'
[0.298s] Level 1:colcon.colcon_core.package_identification:_identify(src/g1_zed_bridge) by extensions ['ignore', 'ignore_ament_install']
[0.298s] Level 1:colcon.colcon_core.package_identification:_identify(src/g1_zed_bridge) by extension 'ignore'
[0.298s] Level 1:colcon.colcon_core.package_identification:_identify(src/g1_zed_bridge) by extension 'ignore_ament_install'
[0.298s] Level 1:colcon.colcon_core.package_identification:_identify(src/g1_zed_bridge) by extensions ['colcon_pkg']
[0.299s] Level 1:colcon.colcon_core.package_identification:_identify(src/g1_zed_bridge) by extension 'colcon_pkg'
[0.299s] Level 1:colcon.colcon_core.package_identification:_identify(src/g1_zed_bridge) by extensions ['colcon_meta']
[0.299s] Level 1:colcon.colcon_core.package_identification:_identify(src/g1_zed_bridge) by extension 'colcon_meta'
[0.299s] Level 1:colcon.colcon_core.package_identification:_identify(src/g1_zed_bridge) by extensions ['ros']
[0.299s] Level 1:colcon.colcon_core.package_identification:_identify(src/g1_zed_bridge) by extension 'ros'
[0.300s] DEBUG:colcon.colcon_core.package_identification:Package 'src/g1_zed_bridge' with type 'ros.ament_python' and name 'g1_zed_bridge'
[0.300s] Level 1:colcon.colcon_core.package_discovery:discover_packages(recursive) using defaults
[0.301s] Level 1:colcon.colcon_core.package_discovery:discover_packages(ignore) discover
[0.301s] Level 1:colcon.colcon_core.package_discovery:discover_packages(ignore) using defaults
[0.301s] Level 1:colcon.colcon_core.package_discovery:discover_packages(path) discover
[0.301s] Level 1:colcon.colcon_core.package_discovery:discover_packages(path) using defaults
[0.315s] INFO:colcon.colcon_core.package_selection:Skipping not selected package 'g1_zed_bridge' in 'src/g1_zed_bridge'
[0.315s] INFO:colcon.colcon_core.package_selection:Skipping not selected package 'g1_state_bridge' in 'src/g1_state_bridge'
[0.316s] Level 1:colcon.colcon_core.package_discovery:discover_packages(prefix_path) check parameters
[0.316s] Level 1:colcon.colcon_core.package_discovery:discover_packages(prefix_path) discover
[0.317s] DEBUG:colcon.colcon_installed_package_information.package_discovery:Found 302 installed packages in /opt/ros/foxy
[0.325s] Level 1:colcon.colcon_core.package_discovery:discover_packages(prefix_path) using defaults
[0.359s] Level 5:colcon.colcon_core.verb:set package 'g1_description' build argument 'cmake_args' from command line to 'None'
[0.359s] Level 5:colcon.colcon_core.verb:set package 'g1_description' build argument 'cmake_target' from command line to 'None'
[0.359s] Level 5:colcon.colcon_core.verb:set package 'g1_description' build argument 'cmake_target_skip_unavailable' from command line to 'False'
[0.359s] Level 5:colcon.colcon_core.verb:set package 'g1_description' build argument 'cmake_clean_cache' from command line to 'False'
[0.359s] Level 5:colcon.colcon_core.verb:set package 'g1_description' build argument 'cmake_clean_first' from command line to 'False'
[0.359s] Level 5:colcon.colcon_core.verb:set package 'g1_description' build argument 'cmake_force_configure' from command line to 'False'
[0.359s] Level 5:colcon.colcon_core.verb:set package 'g1_description' build argument 'ament_cmake_args' from command line to 'None'
[0.359s] Level 5:colcon.colcon_core.verb:set package 'g1_description' build argument 'catkin_cmake_args' from command line to 'None'
[0.359s] Level 5:colcon.colcon_core.verb:set package 'g1_description' build argument 'catkin_skip_building_tests' from command line to 'False'
[0.359s] DEBUG:colcon.colcon_core.verb:Building package 'g1_description' with the following arguments: {'ament_cmake_args': None, 'build_base': '/mnt/home/calex/g1_ros_ws/build/g1_description', 'catkin_cmake_args': None, 'catkin_skip_building_tests': False, 'cmake_args': None, 'cmake_clean_cache': False, 'cmake_clean_first': False, 'cmake_force_configure': False, 'cmake_target': None, 'cmake_target_skip_unavailable': False, 'install_base': '/mnt/home/calex/g1_ros_ws/install/g1_description', 'merge_install': False, 'path': '/mnt/home/calex/g1_ros_ws/src/g1_description', 'symlink_install': True, 'test_result_base': None}
[0.359s] Level 5:colcon.colcon_core.verb:set package 'g1_gazebo' build argument 'cmake_args' from command line to 'None'
[0.360s] Level 5:colcon.colcon_core.verb:set package 'g1_gazebo' build argument 'cmake_target' from command line to 'None'
[0.360s] Level 5:colcon.colcon_core.verb:set package 'g1_gazebo' build argument 'cmake_target_skip_unavailable' from command line to 'False'
[0.360s] Level 5:colcon.colcon_core.verb:set package 'g1_gazebo' build argument 'cmake_clean_cache' from command line to 'False'
[0.360s] Level 5:colcon.colcon_core.verb:set package 'g1_gazebo' build argument 'cmake_clean_first' from command line to 'False'
[0.360s] Level 5:colcon.colcon_core.verb:set package 'g1_gazebo' build argument 'cmake_force_configure' from command line to 'False'
[0.360s] Level 5:colcon.colcon_core.verb:set package 'g1_gazebo' build argument 'ament_cmake_args' from command line to 'None'
[0.360s] Level 5:colcon.colcon_core.verb:set package 'g1_gazebo' build argument 'catkin_cmake_args' from command line to 'None'
[0.360s] Level 5:colcon.colcon_core.verb:set package 'g1_gazebo' build argument 'catkin_skip_building_tests' from command line to 'False'
[0.360s] DEBUG:colcon.colcon_core.verb:Building package 'g1_gazebo' with the following arguments: {'ament_cmake_args': None, 'build_base': '/mnt/home/calex/g1_ros_ws/build/g1_gazebo', 'catkin_cmake_args': None, 'catkin_skip_building_tests': False, 'cmake_args': None, 'cmake_clean_cache': False, 'cmake_clean_first': False, 'cmake_force_configure': False, 'cmake_target': None, 'cmake_target_skip_unavailable': False, 'install_base': '/mnt/home/calex/g1_ros_ws/install/g1_gazebo', 'merge_install': False, 'path': '/mnt/home/calex/g1_ros_ws/src/g1_gazebo', 'symlink_install': True, 'test_result_base': None}
[0.360s] INFO:colcon.colcon_core.executor:Executing jobs using 'parallel' executor
[0.361s] DEBUG:colcon.colcon_parallel_executor.executor.parallel:run_until_complete
[0.361s] INFO:colcon.colcon_ros.task.ament_cmake.build:Building ROS package in '/mnt/home/calex/g1_ros_ws/src/g1_description' with build type 'ament_cmake'
[0.361s] INFO:colcon.colcon_cmake.task.cmake.build:Building CMake package in '/mnt/home/calex/g1_ros_ws/src/g1_description'
[0.363s] INFO:colcon.colcon_core.plugin_system:Skipping extension 'colcon_core.shell.bat': Not used on non-Windows systems
[0.363s] INFO:colcon.colcon_core.shell:Skip shell extension 'powershell' for command environment: Not usable outside of PowerShell
[0.364s] DEBUG:colcon.colcon_core.shell:Skip shell extension 'dsv' for command environment
[0.377s] DEBUG:colcon.colcon_core.event_handler.log_command:Invoking command in '/mnt/home/calex/g1_ros_ws/build/g1_description': CMAKE_PREFIX_PATH=/opt/ros/foxy /usr/bin/cmake --build /mnt/home/calex/g1_ros_ws/build/g1_description -- -j20 -l20
[0.412s] DEBUG:colcon.colcon_core.event_handler.log_command:Invoked command in '/mnt/home/calex/g1_ros_ws/build/g1_description' returned '0': CMAKE_PREFIX_PATH=/opt/ros/foxy /usr/bin/cmake --build /mnt/home/calex/g1_ros_ws/build/g1_description -- -j20 -l20
[0.425s] DEBUG:colcon.colcon_core.event_handler.log_command:Invoking command in '/mnt/home/calex/g1_ros_ws/build/g1_description': CMAKE_PREFIX_PATH=/opt/ros/foxy /usr/bin/cmake --install /mnt/home/calex/g1_ros_ws/build/g1_description
[0.576s] Level 1:colcon.colcon_core.environment:create_environment_scripts_only(g1_description)
[0.577s] DEBUG:colcon.colcon_core.event_handler.log_command:Invoked command in '/mnt/home/calex/g1_ros_ws/build/g1_description' returned '0': CMAKE_PREFIX_PATH=/opt/ros/foxy /usr/bin/cmake --install /mnt/home/calex/g1_ros_ws/build/g1_description
[0.579s] Level 1:colcon.colcon_core.environment:checking '/mnt/home/calex/g1_ros_ws/install/g1_description' for CMake module files
[0.581s] Level 1:colcon.colcon_core.environment:checking '/mnt/home/calex/g1_ros_ws/install/g1_description' for CMake config files
[0.583s] Level 1:colcon.colcon_core.shell:create_environment_hook('g1_description', 'cmake_prefix_path')
[0.583s] INFO:colcon.colcon_core.shell:Creating environment hook '/mnt/home/calex/g1_ros_ws/install/g1_description/share/g1_description/hook/cmake_prefix_path.ps1'
[0.585s] INFO:colcon.colcon_core.shell:Creating environment descriptor '/mnt/home/calex/g1_ros_ws/install/g1_description/share/g1_description/hook/cmake_prefix_path.dsv'
[0.586s] INFO:colcon.colcon_core.shell:Creating environment hook '/mnt/home/calex/g1_ros_ws/install/g1_description/share/g1_description/hook/cmake_prefix_path.sh'
[0.589s] Level 1:colcon.colcon_core.environment:checking '/mnt/home/calex/g1_ros_ws/install/g1_description/bin'
[0.589s] Level 1:colcon.colcon_core.environment:checking '/mnt/home/calex/g1_ros_ws/install/g1_description/lib/pkgconfig/g1_description.pc'
[0.590s] Level 1:colcon.colcon_core.environment:checking '/mnt/home/calex/g1_ros_ws/install/g1_description/lib/python3.8/site-packages'
[0.590s] Level 1:colcon.colcon_core.environment:checking '/mnt/home/calex/g1_ros_ws/install/g1_description/bin'
[0.591s] INFO:colcon.colcon_core.shell:Creating package script '/mnt/home/calex/g1_ros_ws/install/g1_description/share/g1_description/package.ps1'
[0.610s] INFO:colcon.colcon_core.shell:Creating package descriptor '/mnt/home/calex/g1_ros_ws/install/g1_description/share/g1_description/package.dsv'
[0.612s] INFO:colcon.colcon_core.shell:Creating package script '/mnt/home/calex/g1_ros_ws/install/g1_description/share/g1_description/package.sh'
[0.615s] INFO:colcon.colcon_core.shell:Creating package script '/mnt/home/calex/g1_ros_ws/install/g1_description/share/g1_description/package.bash'
[0.616s] INFO:colcon.colcon_core.shell:Creating package script '/mnt/home/calex/g1_ros_ws/install/g1_description/share/g1_description/package.zsh'
[0.618s] Level 1:colcon.colcon_core.environment:create_file_with_runtime_dependencies(/mnt/home/calex/g1_ros_ws/install/g1_description/share/colcon-core/packages/g1_description)
[0.620s] Level 1:colcon.colcon_core.environment:create_environment_scripts_only(g1_description)
[0.621s] Level 1:colcon.colcon_core.environment:checking '/mnt/home/calex/g1_ros_ws/install/g1_description' for CMake module files
[0.623s] Level 1:colcon.colcon_core.environment:checking '/mnt/home/calex/g1_ros_ws/install/g1_description' for CMake config files
[0.625s] Level 1:colcon.colcon_core.shell:create_environment_hook('g1_description', 'cmake_prefix_path')
[0.626s] INFO:colcon.colcon_core.shell:Creating environment hook '/mnt/home/calex/g1_ros_ws/install/g1_description/share/g1_description/hook/cmake_prefix_path.ps1'
[0.629s] INFO:colcon.colcon_core.shell:Creating environment descriptor '/mnt/home/calex/g1_ros_ws/install/g1_description/share/g1_description/hook/cmake_prefix_path.dsv'
[0.632s] INFO:colcon.colcon_core.shell:Creating environment hook '/mnt/home/calex/g1_ros_ws/install/g1_description/share/g1_description/hook/cmake_prefix_path.sh'
[0.635s] Level 1:colcon.colcon_core.environment:checking '/mnt/home/calex/g1_ros_ws/install/g1_description/bin'
[0.635s] Level 1:colcon.colcon_core.environment:checking '/mnt/home/calex/g1_ros_ws/install/g1_description/lib/pkgconfig/g1_description.pc'
[0.635s] Level 1:colcon.colcon_core.environment:checking '/mnt/home/calex/g1_ros_ws/install/g1_description/lib/python3.8/site-packages'
[0.636s] Level 1:colcon.colcon_core.environment:checking '/mnt/home/calex/g1_ros_ws/install/g1_description/bin'
[0.637s] INFO:colcon.colcon_core.shell:Creating package script '/mnt/home/calex/g1_ros_ws/install/g1_description/share/g1_description/package.ps1'
[0.640s] INFO:colcon.colcon_core.shell:Creating package descriptor '/mnt/home/calex/g1_ros_ws/install/g1_description/share/g1_description/package.dsv'
[0.644s] INFO:colcon.colcon_core.shell:Creating package script '/mnt/home/calex/g1_ros_ws/install/g1_description/share/g1_description/package.sh'
[0.646s] INFO:colcon.colcon_core.shell:Creating package script '/mnt/home/calex/g1_ros_ws/install/g1_description/share/g1_description/package.bash'
[0.648s] INFO:colcon.colcon_core.shell:Creating package script '/mnt/home/calex/g1_ros_ws/install/g1_description/share/g1_description/package.zsh'
[0.651s] Level 1:colcon.colcon_core.environment:create_file_with_runtime_dependencies(/mnt/home/calex/g1_ros_ws/install/g1_description/share/colcon-core/packages/g1_description)
[0.652s] INFO:colcon.colcon_ros.task.ament_cmake.build:Building ROS package in '/mnt/home/calex/g1_ros_ws/src/g1_gazebo' with build type 'ament_cmake'
[0.653s] INFO:colcon.colcon_cmake.task.cmake.build:Building CMake package in '/mnt/home/calex/g1_ros_ws/src/g1_gazebo'
[0.653s] INFO:colcon.colcon_core.shell:Skip shell extension 'powershell' for command environment: Not usable outside of PowerShell
[0.653s] DEBUG:colcon.colcon_core.shell:Skip shell extension 'dsv' for command environment
[0.669s] DEBUG:colcon.colcon_core.event_handler.log_command:Invoking command in '/mnt/home/calex/g1_ros_ws/build/g1_gazebo': AMENT_PREFIX_PATH=/mnt/home/calex/g1_ros_ws/install/g1_description:${AMENT_PREFIX_PATH} CMAKE_PREFIX_PATH=/mnt/home/calex/g1_ros_ws/install/g1_description:/opt/ros/foxy /usr/bin/cmake --build /mnt/home/calex/g1_ros_ws/build/g1_gazebo -- -j20 -l20
[1.091s] DEBUG:colcon.colcon_core.event_handler.log_command:Invoked command in '/mnt/home/calex/g1_ros_ws/build/g1_gazebo' returned '0': AMENT_PREFIX_PATH=/mnt/home/calex/g1_ros_ws/install/g1_description:${AMENT_PREFIX_PATH} CMAKE_PREFIX_PATH=/mnt/home/calex/g1_ros_ws/install/g1_description:/opt/ros/foxy /usr/bin/cmake --build /mnt/home/calex/g1_ros_ws/build/g1_gazebo -- -j20 -l20
[1.095s] DEBUG:colcon.colcon_core.event_handler.log_command:Invoking command in '/mnt/home/calex/g1_ros_ws/build/g1_gazebo': AMENT_PREFIX_PATH=/mnt/home/calex/g1_ros_ws/install/g1_description:${AMENT_PREFIX_PATH} CMAKE_PREFIX_PATH=/mnt/home/calex/g1_ros_ws/install/g1_description:/opt/ros/foxy /usr/bin/cmake --install /mnt/home/calex/g1_ros_ws/build/g1_gazebo
[1.217s] Level 1:colcon.colcon_core.environment:create_environment_scripts_only(g1_gazebo)
[1.218s] Level 1:colcon.colcon_core.environment:checking '/mnt/home/calex/g1_ros_ws/install/g1_gazebo' for CMake module files
[1.219s] DEBUG:colcon.colcon_core.event_handler.log_command:Invoked command in '/mnt/home/calex/g1_ros_ws/build/g1_gazebo' returned '0': AMENT_PREFIX_PATH=/mnt/home/calex/g1_ros_ws/install/g1_description:${AMENT_PREFIX_PATH} CMAKE_PREFIX_PATH=/mnt/home/calex/g1_ros_ws/install/g1_description:/opt/ros/foxy /usr/bin/cmake --install /mnt/home/calex/g1_ros_ws/build/g1_gazebo
[1.221s] Level 1:colcon.colcon_core.environment:checking '/mnt/home/calex/g1_ros_ws/install/g1_gazebo' for CMake config files
[1.223s] Level 1:colcon.colcon_core.shell:create_environment_hook('g1_gazebo', 'cmake_prefix_path')
[1.223s] INFO:colcon.colcon_core.shell:Creating environment hook '/mnt/home/calex/g1_ros_ws/install/g1_gazebo/share/g1_gazebo/hook/cmake_prefix_path.ps1'
[1.225s] INFO:colcon.colcon_core.shell:Creating environment descriptor '/mnt/home/calex/g1_ros_ws/install/g1_gazebo/share/g1_gazebo/hook/cmake_prefix_path.dsv'
[1.227s] INFO:colcon.colcon_core.shell:Creating environment hook '/mnt/home/calex/g1_ros_ws/install/g1_gazebo/share/g1_gazebo/hook/cmake_prefix_path.sh'
[1.228s] Level 1:colcon.colcon_core.environment:checking '/mnt/home/calex/g1_ros_ws/install/g1_gazebo/lib'
[1.229s] Level 1:colcon.colcon_core.environment:checking '/mnt/home/calex/g1_ros_ws/install/g1_gazebo/bin'
[1.229s] Level 1:colcon.colcon_core.environment:checking '/mnt/home/calex/g1_ros_ws/install/g1_gazebo/lib/pkgconfig/g1_gazebo.pc'
[1.229s] Level 1:colcon.colcon_core.environment:checking '/mnt/home/calex/g1_ros_ws/install/g1_gazebo/lib/python3.8/site-packages'
[1.229s] Level 1:colcon.colcon_core.environment:checking '/mnt/home/calex/g1_ros_ws/install/g1_gazebo/bin'
[1.230s] INFO:colcon.colcon_core.shell:Creating package script '/mnt/home/calex/g1_ros_ws/install/g1_gazebo/share/g1_gazebo/package.ps1'
[1.231s] INFO:colcon.colcon_core.shell:Creating package descriptor '/mnt/home/calex/g1_ros_ws/install/g1_gazebo/share/g1_gazebo/package.dsv'
[1.233s] INFO:colcon.colcon_core.shell:Creating package script '/mnt/home/calex/g1_ros_ws/install/g1_gazebo/share/g1_gazebo/package.sh'
[1.234s] INFO:colcon.colcon_core.shell:Creating package script '/mnt/home/calex/g1_ros_ws/install/g1_gazebo/share/g1_gazebo/package.bash'
[1.236s] INFO:colcon.colcon_core.shell:Creating package script '/mnt/home/calex/g1_ros_ws/install/g1_gazebo/share/g1_gazebo/package.zsh'
[1.238s] Level 1:colcon.colcon_core.environment:create_file_with_runtime_dependencies(/mnt/home/calex/g1_ros_ws/install/g1_gazebo/share/colcon-core/packages/g1_gazebo)
[1.240s] Level 1:colcon.colcon_core.environment:create_environment_scripts_only(g1_gazebo)
[1.240s] Level 1:colcon.colcon_core.environment:checking '/mnt/home/calex/g1_ros_ws/install/g1_gazebo' for CMake module files
[1.242s] Level 1:colcon.colcon_core.environment:checking '/mnt/home/calex/g1_ros_ws/install/g1_gazebo' for CMake config files
[1.243s] Level 1:colcon.colcon_core.shell:create_environment_hook('g1_gazebo', 'cmake_prefix_path')
[1.244s] INFO:colcon.colcon_core.shell:Creating environment hook '/mnt/home/calex/g1_ros_ws/install/g1_gazebo/share/g1_gazebo/hook/cmake_prefix_path.ps1'
[1.245s] INFO:colcon.colcon_core.shell:Creating environment descriptor '/mnt/home/calex/g1_ros_ws/install/g1_gazebo/share/g1_gazebo/hook/cmake_prefix_path.dsv'
[1.246s] INFO:colcon.colcon_core.shell:Creating environment hook '/mnt/home/calex/g1_ros_ws/install/g1_gazebo/share/g1_gazebo/hook/cmake_prefix_path.sh'
[1.248s] Level 1:colcon.colcon_core.environment:checking '/mnt/home/calex/g1_ros_ws/install/g1_gazebo/lib'
[1.248s] Level 1:colcon.colcon_core.environment:checking '/mnt/home/calex/g1_ros_ws/install/g1_gazebo/bin'
[1.248s] Level 1:colcon.colcon_core.environment:checking '/mnt/home/calex/g1_ros_ws/install/g1_gazebo/lib/pkgconfig/g1_gazebo.pc'
[1.249s] Level 1:colcon.colcon_core.environment:checking '/mnt/home/calex/g1_ros_ws/install/g1_gazebo/lib/python3.8/site-packages'
[1.249s] Level 1:colcon.colcon_core.environment:checking '/mnt/home/calex/g1_ros_ws/install/g1_gazebo/bin'
[1.249s] INFO:colcon.colcon_core.shell:Creating package script '/mnt/home/calex/g1_ros_ws/install/g1_gazebo/share/g1_gazebo/package.ps1'
[1.251s] INFO:colcon.colcon_core.shell:Creating package descriptor '/mnt/home/calex/g1_ros_ws/install/g1_gazebo/share/g1_gazebo/package.dsv'
[1.253s] INFO:colcon.colcon_core.shell:Creating package script '/mnt/home/calex/g1_ros_ws/install/g1_gazebo/share/g1_gazebo/package.sh'
[1.254s] INFO:colcon.colcon_core.shell:Creating package script '/mnt/home/calex/g1_ros_ws/install/g1_gazebo/share/g1_gazebo/package.bash'
[1.256s] INFO:colcon.colcon_core.shell:Creating package script '/mnt/home/calex/g1_ros_ws/install/g1_gazebo/share/g1_gazebo/package.zsh'
[1.258s] Level 1:colcon.colcon_core.environment:create_file_with_runtime_dependencies(/mnt/home/calex/g1_ros_ws/install/g1_gazebo/share/colcon-core/packages/g1_gazebo)
[1.260s] DEBUG:colcon.colcon_parallel_executor.executor.parallel:closing loop
[1.260s] DEBUG:colcon.colcon_parallel_executor.executor.parallel:loop closed
[1.260s] DEBUG:colcon.colcon_parallel_executor.executor.parallel:run_until_complete finished with '0'
[1.260s] DEBUG:colcon.colcon_core.event_reactor:joining thread
[1.272s] INFO:colcon.colcon_core.plugin_system:Skipping extension 'colcon_notification.desktop_notification.terminal_notifier': Not used on non-Darwin systems
[1.272s] INFO:colcon.colcon_core.plugin_system:Skipping extension 'colcon_notification.desktop_notification.win32': Not used on non-Windows systems
[1.272s] INFO:colcon.colcon_notification.desktop_notification:Sending desktop notification using 'notify2'
[1.293s] DEBUG:colcon.colcon_core.event_reactor:joined thread
[1.293s] INFO:colcon.colcon_core.shell:Creating prefix script '/mnt/home/calex/g1_ros_ws/install/local_setup.ps1'
[1.296s] INFO:colcon.colcon_core.shell:Creating prefix util module '/mnt/home/calex/g1_ros_ws/install/_local_setup_util_ps1.py'
[1.299s] INFO:colcon.colcon_core.shell:Creating prefix chain script '/mnt/home/calex/g1_ros_ws/install/setup.ps1'
[1.302s] INFO:colcon.colcon_core.shell:Creating prefix script '/mnt/home/calex/g1_ros_ws/install/local_setup.sh'
[1.304s] INFO:colcon.colcon_core.shell:Creating prefix util module '/mnt/home/calex/g1_ros_ws/install/_local_setup_util_sh.py'
[1.307s] INFO:colcon.colcon_core.shell:Creating prefix chain script '/mnt/home/calex/g1_ros_ws/install/setup.sh'
[1.309s] INFO:colcon.colcon_core.shell:Creating prefix script '/mnt/home/calex/g1_ros_ws/install/local_setup.bash'
[1.311s] INFO:colcon.colcon_core.shell:Creating prefix chain script '/mnt/home/calex/g1_ros_ws/install/setup.bash'
[1.313s] INFO:colcon.colcon_core.shell:Creating prefix script '/mnt/home/calex/g1_ros_ws/install/local_setup.zsh'
[1.314s] INFO:colcon.colcon_core.shell:Creating prefix chain script '/mnt/home/calex/g1_ros_ws/install/setup.zsh'
