[0.123s] Invoking command in '/mnt/home/calex/g1_ros_ws/build/g1_gazebo': AMENT_PREFIX_PATH=/mnt/home/calex/g1_ros_ws/install/g1_description:${AMENT_PREFIX_PATH} CMAKE_PREFIX_PATH=/mnt/home/calex/g1_ros_ws/install/g1_description:/opt/ros/foxy /usr/bin/cmake --build /mnt/home/calex/g1_ros_ws/build/g1_gazebo -- -j20 -l20
[0.283s] Invoked command in '/mnt/home/calex/g1_ros_ws/build/g1_gazebo' returned '0': AMENT_PREFIX_PATH=/mnt/home/calex/g1_ros_ws/install/g1_description:${AMENT_PREFIX_PATH} CMAKE_PREFIX_PATH=/mnt/home/calex/g1_ros_ws/install/g1_description:/opt/ros/foxy /usr/bin/cmake --build /mnt/home/calex/g1_ros_ws/build/g1_gazebo -- -j20 -l20
[0.304s] Invoking command in '/mnt/home/calex/g1_ros_ws/build/g1_gazebo': AMENT_PREFIX_PATH=/mnt/home/calex/g1_ros_ws/install/g1_description:${AMENT_PREFIX_PATH} CMAKE_PREFIX_PATH=/mnt/home/calex/g1_ros_ws/install/g1_description:/opt/ros/foxy /usr/bin/cmake --install /mnt/home/calex/g1_ros_ws/build/g1_gazebo
[0.363s] -- Install configuration: ""
[0.387s] -- Execute custom install script
[0.406s] -- Up-to-date symlink: /mnt/home/calex/g1_ros_ws/install/g1_gazebo/share/g1_gazebo/launch/g1_gazebo.launch.py
[0.411s] -- Up-to-date symlink: /mnt/home/calex/g1_ros_ws/install/g1_gazebo/share/g1_gazebo/config/g1_controllers.yaml
[0.414s] -- Up-to-date symlink: /mnt/home/calex/g1_ros_ws/install/g1_gazebo/share/g1_gazebo/worlds/g1_world.world
[0.429s] -- Up-to-date symlink: /mnt/home/calex/g1_ros_ws/install/g1_gazebo/share/g1_gazebo/rviz/sim.rviz
[0.443s] -- Up-to-date symlink: /mnt/home/calex/g1_ros_ws/install/g1_gazebo/lib/g1_gazebo/position_bridge.py
[0.444s] -- Up-to-date symlink: /mnt/home/calex/g1_ros_ws/install/g1_gazebo/lib/g1_gazebo/base_tf_broadcaster.py
[0.446s] -- Up-to-date symlink: /mnt/home/calex/g1_ros_ws/install/g1_gazebo/lib/g1_gazebo/overlap_monitor.py
[0.457s] -- Up-to-date symlink: /mnt/home/calex/g1_ros_ws/install/g1_gazebo/share/ament_index/resource_index/package_run_dependencies/g1_gazebo
[0.465s] -- Up-to-date symlink: /mnt/home/calex/g1_ros_ws/install/g1_gazebo/share/ament_index/resource_index/parent_prefix_path/g1_gazebo
[0.467s] -- Up-to-date symlink: /mnt/home/calex/g1_ros_ws/install/g1_gazebo/share/g1_gazebo/environment/ament_prefix_path.sh
[0.478s] -- Up-to-date symlink: /mnt/home/calex/g1_ros_ws/install/g1_gazebo/share/g1_gazebo/environment/ament_prefix_path.dsv
[0.481s] -- Up-to-date symlink: /mnt/home/calex/g1_ros_ws/install/g1_gazebo/share/g1_gazebo/environment/path.sh
[0.487s] -- Up-to-date symlink: /mnt/home/calex/g1_ros_ws/install/g1_gazebo/share/g1_gazebo/environment/path.dsv
[0.490s] -- Up-to-date symlink: /mnt/home/calex/g1_ros_ws/install/g1_gazebo/share/g1_gazebo/local_setup.bash
[0.492s] -- Up-to-date symlink: /mnt/home/calex/g1_ros_ws/install/g1_gazebo/share/g1_gazebo/local_setup.sh
[0.503s] -- Up-to-date symlink: /mnt/home/calex/g1_ros_ws/install/g1_gazebo/share/g1_gazebo/local_setup.zsh
[0.508s] -- Up-to-date symlink: /mnt/home/calex/g1_ros_ws/install/g1_gazebo/share/g1_gazebo/local_setup.dsv
[0.519s] -- Symlinking: /mnt/home/calex/g1_ros_ws/install/g1_gazebo/share/g1_gazebo/package.dsv
[0.559s] -- Up-to-date symlink: /mnt/home/calex/g1_ros_ws/install/g1_gazebo/share/ament_index/resource_index/packages/g1_gazebo
[0.571s] -- Up-to-date symlink: /mnt/home/calex/g1_ros_ws/install/g1_gazebo/share/g1_gazebo/cmake/g1_gazeboConfig.cmake
[0.579s] -- Up-to-date symlink: /mnt/home/calex/g1_ros_ws/install/g1_gazebo/share/g1_gazebo/cmake/g1_gazeboConfig-version.cmake
[0.583s] -- Up-to-date symlink: /mnt/home/calex/g1_ros_ws/install/g1_gazebo/share/g1_gazebo/package.xml
[0.597s] Invoked command in '/mnt/home/calex/g1_ros_ws/build/g1_gazebo' returned '0': AMENT_PREFIX_PATH=/mnt/home/calex/g1_ros_ws/install/g1_description:${AMENT_PREFIX_PATH} CMAKE_PREFIX_PATH=/mnt/home/calex/g1_ros_ws/install/g1_description:/opt/ros/foxy /usr/bin/cmake --install /mnt/home/calex/g1_ros_ws/build/g1_gazebo
