[0.106s] DEBUG:colcon:Command line arguments: ['/usr/bin/colcon', 'build', '--symlink-install', '--packages-select', 'g1_description']
[0.106s] DEBUG:colcon:Parsed command line arguments: Namespace(allow_overriding=[], ament_cmake_args=None, base_paths=['.'], build_base='build', catkin_cmake_args=None, catkin_skip_building_tests=False, cmake_args=None, cmake_clean_cache=False, cmake_clean_first=False, cmake_force_configure=False, cmake_target=None, cmake_target_skip_unavailable=False, continue_on_error=False, event_handlers=None, executor='parallel', ignore_user_meta=False, install_base='install', log_base=None, log_level=None, main=<bound method BuildVerb.main of <colcon_core.verb.build.BuildVerb object at 0x7f392dce5cd0>>, merge_install=False, metas=['./colcon.meta'], mixin=None, mixin_files=None, mixin_verb=('build',), packages_above=None, packages_above_and_dependencies=None, packages_above_depth=None, packages_end=None, packages_ignore=None, packages_ignore_regex=None, packages_select=['g1_description'], packages_select_build_failed=False, packages_select_by_dep=None, packages_select_regex=None, packages_select_test_failures=False, packages_skip=None, packages_skip_build_finished=False, packages_skip_by_dep=None, packages_skip_regex=None, packages_skip_test_passed=False, packages_skip_up_to=None, packages_start=None, packages_up_to=None, packages_up_to_regex=None, parallel_workers=20, paths=None, symlink_install=True, test_result_base=None, verb_extension=<colcon_core.verb.build.BuildVerb object at 0x7f392dce5cd0>, verb_name='build', verb_parser=<colcon_mixin.mixin.mixin_argument.MixinArgumentDecorator object at 0x7f392dcf31f0>)
[0.182s] Level 1:colcon.colcon_core.package_discovery:discover_packages(colcon_meta) check parameters
[0.182s] Level 1:colcon.colcon_core.package_discovery:discover_packages(recursive) check parameters
[0.182s] Level 1:colcon.colcon_core.package_discovery:discover_packages(ignore) check parameters
[0.183s] Level 1:colcon.colcon_core.package_discovery:discover_packages(path) check parameters
[0.183s] Level 1:colcon.colcon_core.package_discovery:discover_packages(colcon_meta) discover
[0.183s] Level 1:colcon.colcon_core.package_discovery:discover_packages(recursive) discover
[0.183s] INFO:colcon.colcon_core.package_discovery:Crawling recursively for packages in '/mnt/home/calex/g1_ros_ws'
[0.183s] Level 1:colcon.colcon_core.package_identification:_identify(.) by extensions ['ignore', 'ignore_ament_install']
[0.183s] Level 1:colcon.colcon_core.package_identification:_identify(.) by extension 'ignore'
[0.183s] Level 1:colcon.colcon_core.package_identification:_identify(.) by extension 'ignore_ament_install'
[0.184s] Level 1:colcon.colcon_core.package_identification:_identify(.) by extensions ['colcon_pkg']
[0.184s] Level 1:colcon.colcon_core.package_identification:_identify(.) by extension 'colcon_pkg'
[0.184s] Level 1:colcon.colcon_core.package_identification:_identify(.) by extensions ['colcon_meta']
[0.184s] Level 1:colcon.colcon_core.package_identification:_identify(.) by extension 'colcon_meta'
[0.184s] Level 1:colcon.colcon_core.package_identification:_identify(.) by extensions ['ros']
[0.184s] Level 1:colcon.colcon_core.package_identification:_identify(.) by extension 'ros'
[0.190s] Level 1:colcon.colcon_core.package_identification:_identify(.) by extensions ['cmake', 'python']
[0.190s] Level 1:colcon.colcon_core.package_identification:_identify(.) by extension 'cmake'
[0.190s] Level 1:colcon.colcon_core.package_identification:_identify(.) by extension 'python'
[0.190s] Level 1:colcon.colcon_core.package_identification:_identify(.) by extensions ['python_setup_py']
[0.190s] Level 1:colcon.colcon_core.package_identification:_identify(.) by extension 'python_setup_py'
[0.190s] Level 1:colcon.colcon_core.package_identification:_identify(build) by extensions ['ignore', 'ignore_ament_install']
[0.191s] Level 1:colcon.colcon_core.package_identification:_identify(build) by extension 'ignore'
[0.191s] Level 1:colcon.colcon_core.package_identification:_identify(build) ignored
[0.191s] Level 1:colcon.colcon_core.package_identification:_identify(install) by extensions ['ignore', 'ignore_ament_install']
[0.191s] Level 1:colcon.colcon_core.package_identification:_identify(install) by extension 'ignore'
[0.191s] Level 1:colcon.colcon_core.package_identification:_identify(install) ignored
[0.192s] Level 1:colcon.colcon_core.package_identification:_identify(log) by extensions ['ignore', 'ignore_ament_install']
[0.192s] Level 1:colcon.colcon_core.package_identification:_identify(log) by extension 'ignore'
[0.192s] Level 1:colcon.colcon_core.package_identification:_identify(log) ignored
[0.192s] Level 1:colcon.colcon_core.package_identification:_identify(script) by extensions ['ignore', 'ignore_ament_install']
[0.193s] Level 1:colcon.colcon_core.package_identification:_identify(script) by extension 'ignore'
[0.193s] Level 1:colcon.colcon_core.package_identification:_identify(script) by extension 'ignore_ament_install'
[0.193s] Level 1:colcon.colcon_core.package_identification:_identify(script) by extensions ['colcon_pkg']
[0.193s] Level 1:colcon.colcon_core.package_identification:_identify(script) by extension 'colcon_pkg'
[0.193s] Level 1:colcon.colcon_core.package_identification:_identify(script) by extensions ['colcon_meta']
[0.193s] Level 1:colcon.colcon_core.package_identification:_identify(script) by extension 'colcon_meta'
[0.193s] Level 1:colcon.colcon_core.package_identification:_identify(script) by extensions ['ros']
[0.193s] Level 1:colcon.colcon_core.package_identification:_identify(script) by extension 'ros'
[0.193s] Level 1:colcon.colcon_core.package_identification:_identify(script) by extensions ['cmake', 'python']
[0.193s] Level 1:colcon.colcon_core.package_identification:_identify(script) by extension 'cmake'
[0.193s] Level 1:colcon.colcon_core.package_identification:_identify(script) by extension 'python'
[0.193s] Level 1:colcon.colcon_core.package_identification:_identify(script) by extensions ['python_setup_py']
[0.193s] Level 1:colcon.colcon_core.package_identification:_identify(script) by extension 'python_setup_py'
[0.193s] Level 1:colcon.colcon_core.package_identification:_identify(src) by extensions ['ignore', 'ignore_ament_install']
[0.193s] Level 1:colcon.colcon_core.package_identification:_identify(src) by extension 'ignore'
[0.193s] Level 1:colcon.colcon_core.package_identification:_identify(src) by extension 'ignore_ament_install'
[0.193s] Level 1:colcon.colcon_core.package_identification:_identify(src) by extensions ['colcon_pkg']
[0.193s] Level 1:colcon.colcon_core.package_identification:_identify(src) by extension 'colcon_pkg'
[0.193s] Level 1:colcon.colcon_core.package_identification:_identify(src) by extensions ['colcon_meta']
[0.193s] Level 1:colcon.colcon_core.package_identification:_identify(src) by extension 'colcon_meta'
[0.193s] Level 1:colcon.colcon_core.package_identification:_identify(src) by extensions ['ros']
[0.193s] Level 1:colcon.colcon_core.package_identification:_identify(src) by extension 'ros'
[0.193s] Level 1:colcon.colcon_core.package_identification:_identify(src) by extensions ['cmake', 'python']
[0.194s] Level 1:colcon.colcon_core.package_identification:_identify(src) by extension 'cmake'
[0.194s] Level 1:colcon.colcon_core.package_identification:_identify(src) by extension 'python'
[0.194s] Level 1:colcon.colcon_core.package_identification:_identify(src) by extensions ['python_setup_py']
[0.194s] Level 1:colcon.colcon_core.package_identification:_identify(src) by extension 'python_setup_py'
[0.194s] Level 1:colcon.colcon_core.package_identification:_identify(src/g1_description) by extensions ['ignore', 'ignore_ament_install']
[0.194s] Level 1:colcon.colcon_core.package_identification:_identify(src/g1_description) by extension 'ignore'
[0.194s] Level 1:colcon.colcon_core.package_identification:_identify(src/g1_description) by extension 'ignore_ament_install'
[0.194s] Level 1:colcon.colcon_core.package_identification:_identify(src/g1_description) by extensions ['colcon_pkg']
[0.194s] Level 1:colcon.colcon_core.package_identification:_identify(src/g1_description) by extension 'colcon_pkg'
[0.194s] Level 1:colcon.colcon_core.package_identification:_identify(src/g1_description) by extensions ['colcon_meta']
[0.194s] Level 1:colcon.colcon_core.package_identification:_identify(src/g1_description) by extension 'colcon_meta'
[0.194s] Level 1:colcon.colcon_core.package_identification:_identify(src/g1_description) by extensions ['ros']
[0.194s] Level 1:colcon.colcon_core.package_identification:_identify(src/g1_description) by extension 'ros'
[0.196s] DEBUG:colcon.colcon_core.package_identification:Package 'src/g1_description' with type 'ros.ament_cmake' and name 'g1_description'
[0.196s] Level 1:colcon.colcon_core.package_identification:_identify(src/g1_gazebo) by extensions ['ignore', 'ignore_ament_install']
[0.196s] Level 1:colcon.colcon_core.package_identification:_identify(src/g1_gazebo) by extension 'ignore'
[0.196s] Level 1:colcon.colcon_core.package_identification:_identify(src/g1_gazebo) by extension 'ignore_ament_install'
[0.196s] Level 1:colcon.colcon_core.package_identification:_identify(src/g1_gazebo) by extensions ['colcon_pkg']
[0.196s] Level 1:colcon.colcon_core.package_identification:_identify(src/g1_gazebo) by extension 'colcon_pkg'
[0.196s] Level 1:colcon.colcon_core.package_identification:_identify(src/g1_gazebo) by extensions ['colcon_meta']
[0.196s] Level 1:colcon.colcon_core.package_identification:_identify(src/g1_gazebo) by extension 'colcon_meta'
[0.196s] Level 1:colcon.colcon_core.package_identification:_identify(src/g1_gazebo) by extensions ['ros']
[0.196s] Level 1:colcon.colcon_core.package_identification:_identify(src/g1_gazebo) by extension 'ros'
[0.197s] DEBUG:colcon.colcon_core.package_identification:Package 'src/g1_gazebo' with type 'ros.ament_cmake' and name 'g1_gazebo'
[0.197s] Level 1:colcon.colcon_core.package_identification:_identify(src/g1_state_bridge) by extensions ['ignore', 'ignore_ament_install']
[0.197s] Level 1:colcon.colcon_core.package_identification:_identify(src/g1_state_bridge) by extension 'ignore'
[0.197s] Level 1:colcon.colcon_core.package_identification:_identify(src/g1_state_bridge) by extension 'ignore_ament_install'
[0.197s] Level 1:colcon.colcon_core.package_identification:_identify(src/g1_state_bridge) by extensions ['colcon_pkg']
[0.197s] Level 1:colcon.colcon_core.package_identification:_identify(src/g1_state_bridge) by extension 'colcon_pkg'
[0.197s] Level 1:colcon.colcon_core.package_identification:_identify(src/g1_state_bridge) by extensions ['colcon_meta']
[0.197s] Level 1:colcon.colcon_core.package_identification:_identify(src/g1_state_bridge) by extension 'colcon_meta'
[0.197s] Level 1:colcon.colcon_core.package_identification:_identify(src/g1_state_bridge) by extensions ['ros']
[0.197s] Level 1:colcon.colcon_core.package_identification:_identify(src/g1_state_bridge) by extension 'ros'
[0.198s] DEBUG:colcon.colcon_core.package_identification:Package 'src/g1_state_bridge' with type 'ros.ament_python' and name 'g1_state_bridge'
[0.198s] Level 1:colcon.colcon_core.package_identification:_identify(src/g1_zed_bridge) by extensions ['ignore', 'ignore_ament_install']
[0.199s] Level 1:colcon.colcon_core.package_identification:_identify(src/g1_zed_bridge) by extension 'ignore'
[0.199s] Level 1:colcon.colcon_core.package_identification:_identify(src/g1_zed_bridge) by extension 'ignore_ament_install'
[0.199s] Level 1:colcon.colcon_core.package_identification:_identify(src/g1_zed_bridge) by extensions ['colcon_pkg']
[0.199s] Level 1:colcon.colcon_core.package_identification:_identify(src/g1_zed_bridge) by extension 'colcon_pkg'
[0.199s] Level 1:colcon.colcon_core.package_identification:_identify(src/g1_zed_bridge) by extensions ['colcon_meta']
[0.199s] Level 1:colcon.colcon_core.package_identification:_identify(src/g1_zed_bridge) by extension 'colcon_meta'
[0.199s] Level 1:colcon.colcon_core.package_identification:_identify(src/g1_zed_bridge) by extensions ['ros']
[0.199s] Level 1:colcon.colcon_core.package_identification:_identify(src/g1_zed_bridge) by extension 'ros'
[0.200s] DEBUG:colcon.colcon_core.package_identification:Package 'src/g1_zed_bridge' with type 'ros.ament_python' and name 'g1_zed_bridge'
[0.200s] Level 1:colcon.colcon_core.package_discovery:discover_packages(recursive) using defaults
[0.200s] Level 1:colcon.colcon_core.package_discovery:discover_packages(ignore) discover
[0.200s] Level 1:colcon.colcon_core.package_discovery:discover_packages(ignore) using defaults
[0.200s] Level 1:colcon.colcon_core.package_discovery:discover_packages(path) discover
[0.200s] Level 1:colcon.colcon_core.package_discovery:discover_packages(path) using defaults
[0.215s] INFO:colcon.colcon_core.package_selection:Skipping not selected package 'g1_zed_bridge' in 'src/g1_zed_bridge'
[0.215s] INFO:colcon.colcon_core.package_selection:Skipping not selected package 'g1_gazebo' in 'src/g1_gazebo'
[0.216s] INFO:colcon.colcon_core.package_selection:Skipping not selected package 'g1_state_bridge' in 'src/g1_state_bridge'
[0.216s] Level 1:colcon.colcon_core.package_discovery:discover_packages(prefix_path) check parameters
[0.216s] Level 1:colcon.colcon_core.package_discovery:discover_packages(prefix_path) discover
[0.219s] DEBUG:colcon.colcon_installed_package_information.package_discovery:Found 302 installed packages in /opt/ros/foxy
[0.230s] Level 1:colcon.colcon_core.package_discovery:discover_packages(prefix_path) using defaults
[0.259s] Level 5:colcon.colcon_core.verb:set package 'g1_description' build argument 'cmake_args' from command line to 'None'
[0.259s] Level 5:colcon.colcon_core.verb:set package 'g1_description' build argument 'cmake_target' from command line to 'None'
[0.259s] Level 5:colcon.colcon_core.verb:set package 'g1_description' build argument 'cmake_target_skip_unavailable' from command line to 'False'
[0.260s] Level 5:colcon.colcon_core.verb:set package 'g1_description' build argument 'cmake_clean_cache' from command line to 'False'
[0.260s] Level 5:colcon.colcon_core.verb:set package 'g1_description' build argument 'cmake_clean_first' from command line to 'False'
[0.260s] Level 5:colcon.colcon_core.verb:set package 'g1_description' build argument 'cmake_force_configure' from command line to 'False'
[0.260s] Level 5:colcon.colcon_core.verb:set package 'g1_description' build argument 'ament_cmake_args' from command line to 'None'
[0.260s] Level 5:colcon.colcon_core.verb:set package 'g1_description' build argument 'catkin_cmake_args' from command line to 'None'
[0.260s] Level 5:colcon.colcon_core.verb:set package 'g1_description' build argument 'catkin_skip_building_tests' from command line to 'False'
[0.260s] DEBUG:colcon.colcon_core.verb:Building package 'g1_description' with the following arguments: {'ament_cmake_args': None, 'build_base': '/mnt/home/calex/g1_ros_ws/build/g1_description', 'catkin_cmake_args': None, 'catkin_skip_building_tests': False, 'cmake_args': None, 'cmake_clean_cache': False, 'cmake_clean_first': False, 'cmake_force_configure': False, 'cmake_target': None, 'cmake_target_skip_unavailable': False, 'install_base': '/mnt/home/calex/g1_ros_ws/install/g1_description', 'merge_install': False, 'path': '/mnt/home/calex/g1_ros_ws/src/g1_description', 'symlink_install': True, 'test_result_base': None}
[0.260s] INFO:colcon.colcon_core.executor:Executing jobs using 'parallel' executor
[0.261s] DEBUG:colcon.colcon_parallel_executor.executor.parallel:run_until_complete
[0.261s] INFO:colcon.colcon_ros.task.ament_cmake.build:Building ROS package in '/mnt/home/calex/g1_ros_ws/src/g1_description' with build type 'ament_cmake'
[0.357s] INFO:colcon.colcon_cmake.task.cmake.build:Building CMake package in '/mnt/home/calex/g1_ros_ws/src/g1_description'
[0.360s] INFO:colcon.colcon_core.plugin_system:Skipping extension 'colcon_core.shell.bat': Not used on non-Windows systems
[0.360s] INFO:colcon.colcon_core.shell:Skip shell extension 'powershell' for command environment: Not usable outside of PowerShell
[0.360s] DEBUG:colcon.colcon_core.shell:Skip shell extension 'dsv' for command environment
[0.372s] DEBUG:colcon.colcon_core.event_handler.log_command:Invoking command in '/mnt/home/calex/g1_ros_ws/build/g1_description': CMAKE_PREFIX_PATH=/opt/ros/foxy /usr/bin/cmake --build /mnt/home/calex/g1_ros_ws/build/g1_description -- -j20 -l20
[0.462s] DEBUG:colcon.colcon_core.event_handler.log_command:Invoked command in '/mnt/home/calex/g1_ros_ws/build/g1_description' returned '0': CMAKE_PREFIX_PATH=/opt/ros/foxy /usr/bin/cmake --build /mnt/home/calex/g1_ros_ws/build/g1_description -- -j20 -l20
[0.506s] DEBUG:colcon.colcon_core.event_handler.log_command:Invoking command in '/mnt/home/calex/g1_ros_ws/build/g1_description': CMAKE_PREFIX_PATH=/opt/ros/foxy /usr/bin/cmake --install /mnt/home/calex/g1_ros_ws/build/g1_description
[0.613s] Level 1:colcon.colcon_core.environment:create_environment_scripts_only(g1_description)
[0.614s] DEBUG:colcon.colcon_core.event_handler.log_command:Invoked command in '/mnt/home/calex/g1_ros_ws/build/g1_description' returned '0': CMAKE_PREFIX_PATH=/opt/ros/foxy /usr/bin/cmake --install /mnt/home/calex/g1_ros_ws/build/g1_description
[0.616s] Level 1:colcon.colcon_core.environment:checking '/mnt/home/calex/g1_ros_ws/install/g1_description' for CMake module files
[0.617s] Level 1:colcon.colcon_core.environment:checking '/mnt/home/calex/g1_ros_ws/install/g1_description' for CMake config files
[0.619s] Level 1:colcon.colcon_core.shell:create_environment_hook('g1_description', 'cmake_prefix_path')
[0.620s] INFO:colcon.colcon_core.shell:Creating environment hook '/mnt/home/calex/g1_ros_ws/install/g1_description/share/g1_description/hook/cmake_prefix_path.ps1'
[0.622s] INFO:colcon.colcon_core.shell:Creating environment descriptor '/mnt/home/calex/g1_ros_ws/install/g1_description/share/g1_description/hook/cmake_prefix_path.dsv'
[0.623s] INFO:colcon.colcon_core.shell:Creating environment hook '/mnt/home/calex/g1_ros_ws/install/g1_description/share/g1_description/hook/cmake_prefix_path.sh'
[0.625s] Level 1:colcon.colcon_core.environment:checking '/mnt/home/calex/g1_ros_ws/install/g1_description/bin'
[0.625s] Level 1:colcon.colcon_core.environment:checking '/mnt/home/calex/g1_ros_ws/install/g1_description/lib/pkgconfig/g1_description.pc'
[0.625s] Level 1:colcon.colcon_core.environment:checking '/mnt/home/calex/g1_ros_ws/install/g1_description/lib/python3.8/site-packages'
[0.626s] Level 1:colcon.colcon_core.environment:checking '/mnt/home/calex/g1_ros_ws/install/g1_description/bin'
[0.687s] INFO:colcon.colcon_core.shell:Creating package script '/mnt/home/calex/g1_ros_ws/install/g1_description/share/g1_description/package.ps1'
[0.691s] INFO:colcon.colcon_core.shell:Creating package descriptor '/mnt/home/calex/g1_ros_ws/install/g1_description/share/g1_description/package.dsv'
[0.693s] INFO:colcon.colcon_core.shell:Creating package script '/mnt/home/calex/g1_ros_ws/install/g1_description/share/g1_description/package.sh'
[0.695s] INFO:colcon.colcon_core.shell:Creating package script '/mnt/home/calex/g1_ros_ws/install/g1_description/share/g1_description/package.bash'
[0.697s] INFO:colcon.colcon_core.shell:Creating package script '/mnt/home/calex/g1_ros_ws/install/g1_description/share/g1_description/package.zsh'
[0.699s] Level 1:colcon.colcon_core.environment:create_file_with_runtime_dependencies(/mnt/home/calex/g1_ros_ws/install/g1_description/share/colcon-core/packages/g1_description)
[0.701s] Level 1:colcon.colcon_core.environment:create_environment_scripts_only(g1_description)
[0.701s] Level 1:colcon.colcon_core.environment:checking '/mnt/home/calex/g1_ros_ws/install/g1_description' for CMake module files
[0.702s] Level 1:colcon.colcon_core.environment:checking '/mnt/home/calex/g1_ros_ws/install/g1_description' for CMake config files
[0.703s] Level 1:colcon.colcon_core.shell:create_environment_hook('g1_description', 'cmake_prefix_path')
[0.704s] INFO:colcon.colcon_core.shell:Creating environment hook '/mnt/home/calex/g1_ros_ws/install/g1_description/share/g1_description/hook/cmake_prefix_path.ps1'
[0.705s] INFO:colcon.colcon_core.shell:Creating environment descriptor '/mnt/home/calex/g1_ros_ws/install/g1_description/share/g1_description/hook/cmake_prefix_path.dsv'
[0.706s] INFO:colcon.colcon_core.shell:Creating environment hook '/mnt/home/calex/g1_ros_ws/install/g1_description/share/g1_description/hook/cmake_prefix_path.sh'
[0.708s] Level 1:colcon.colcon_core.environment:checking '/mnt/home/calex/g1_ros_ws/install/g1_description/bin'
[0.708s] Level 1:colcon.colcon_core.environment:checking '/mnt/home/calex/g1_ros_ws/install/g1_description/lib/pkgconfig/g1_description.pc'
[0.708s] Level 1:colcon.colcon_core.environment:checking '/mnt/home/calex/g1_ros_ws/install/g1_description/lib/python3.8/site-packages'
[0.709s] Level 1:colcon.colcon_core.environment:checking '/mnt/home/calex/g1_ros_ws/install/g1_description/bin'
[0.709s] INFO:colcon.colcon_core.shell:Creating package script '/mnt/home/calex/g1_ros_ws/install/g1_description/share/g1_description/package.ps1'
[0.710s] INFO:colcon.colcon_core.shell:Creating package descriptor '/mnt/home/calex/g1_ros_ws/install/g1_description/share/g1_description/package.dsv'
[0.711s] INFO:colcon.colcon_core.shell:Creating package script '/mnt/home/calex/g1_ros_ws/install/g1_description/share/g1_description/package.sh'
[0.712s] INFO:colcon.colcon_core.shell:Creating package script '/mnt/home/calex/g1_ros_ws/install/g1_description/share/g1_description/package.bash'
[0.713s] INFO:colcon.colcon_core.shell:Creating package script '/mnt/home/calex/g1_ros_ws/install/g1_description/share/g1_description/package.zsh'
[0.714s] Level 1:colcon.colcon_core.environment:create_file_with_runtime_dependencies(/mnt/home/calex/g1_ros_ws/install/g1_description/share/colcon-core/packages/g1_description)
[0.715s] DEBUG:colcon.colcon_parallel_executor.executor.parallel:closing loop
[0.715s] DEBUG:colcon.colcon_parallel_executor.executor.parallel:loop closed
[0.715s] DEBUG:colcon.colcon_parallel_executor.executor.parallel:run_until_complete finished with '0'
[0.715s] DEBUG:colcon.colcon_core.event_reactor:joining thread
[0.721s] INFO:colcon.colcon_core.plugin_system:Skipping extension 'colcon_notification.desktop_notification.terminal_notifier': Not used on non-Darwin systems
[0.721s] INFO:colcon.colcon_core.plugin_system:Skipping extension 'colcon_notification.desktop_notification.win32': Not used on non-Windows systems
[0.722s] INFO:colcon.colcon_notification.desktop_notification:Sending desktop notification using 'notify2'
[0.731s] DEBUG:colcon.colcon_core.event_reactor:joined thread
[0.731s] INFO:colcon.colcon_core.shell:Creating prefix script '/mnt/home/calex/g1_ros_ws/install/local_setup.ps1'
[0.733s] INFO:colcon.colcon_core.shell:Creating prefix util module '/mnt/home/calex/g1_ros_ws/install/_local_setup_util_ps1.py'
[0.736s] INFO:colcon.colcon_core.shell:Creating prefix chain script '/mnt/home/calex/g1_ros_ws/install/setup.ps1'
[0.738s] INFO:colcon.colcon_core.shell:Creating prefix script '/mnt/home/calex/g1_ros_ws/install/local_setup.sh'
[0.740s] INFO:colcon.colcon_core.shell:Creating prefix util module '/mnt/home/calex/g1_ros_ws/install/_local_setup_util_sh.py'
[0.741s] INFO:colcon.colcon_core.shell:Creating prefix chain script '/mnt/home/calex/g1_ros_ws/install/setup.sh'
[0.744s] INFO:colcon.colcon_core.shell:Creating prefix script '/mnt/home/calex/g1_ros_ws/install/local_setup.bash'
[0.745s] INFO:colcon.colcon_core.shell:Creating prefix chain script '/mnt/home/calex/g1_ros_ws/install/setup.bash'
[0.747s] INFO:colcon.colcon_core.shell:Creating prefix script '/mnt/home/calex/g1_ros_ws/install/local_setup.zsh'
[0.749s] INFO:colcon.colcon_core.shell:Creating prefix chain script '/mnt/home/calex/g1_ros_ws/install/setup.zsh'
