[0.016s] Invoking command in '/mnt/home/calex/g1_ros_ws/build/g1_gazebo': AMENT_PREFIX_PATH=/mnt/home/calex/g1_ros_ws/install/g1_description:${AMENT_PREFIX_PATH} CMAKE_PREFIX_PATH=/mnt/home/calex/g1_ros_ws/install/g1_description:/opt/ros/foxy /usr/bin/cmake --build /mnt/home/calex/g1_ros_ws/build/g1_gazebo -- -j20 -l20
[0.044s] Invoked command in '/mnt/home/calex/g1_ros_ws/build/g1_gazebo' returned '0': AMENT_PREFIX_PATH=/mnt/home/calex/g1_ros_ws/install/g1_description:${AMENT_PREFIX_PATH} CMAKE_PREFIX_PATH=/mnt/home/calex/g1_ros_ws/install/g1_description:/opt/ros/foxy /usr/bin/cmake --build /mnt/home/calex/g1_ros_ws/build/g1_gazebo -- -j20 -l20
[0.053s] Invoking command in '/mnt/home/calex/g1_ros_ws/build/g1_gazebo': AMENT_PREFIX_PATH=/mnt/home/calex/g1_ros_ws/install/g1_description:${AMENT_PREFIX_PATH} CMAKE_PREFIX_PATH=/mnt/home/calex/g1_ros_ws/install/g1_description:/opt/ros/foxy /usr/bin/cmake --install /mnt/home/calex/g1_ros_ws/build/g1_gazebo
[0.063s] -- Install configuration: ""
[0.064s] -- Execute custom install script
[0.067s] -- Up-to-date symlink: /mnt/home/calex/g1_ros_ws/install/g1_gazebo/share/g1_gazebo/launch/g1_gazebo.launch.py
[0.069s] -- Up-to-date symlink: /mnt/home/calex/g1_ros_ws/install/g1_gazebo/share/g1_gazebo/config/g1_controllers.yaml
[0.070s] -- Up-to-date symlink: /mnt/home/calex/g1_ros_ws/install/g1_gazebo/share/g1_gazebo/worlds/g1_world.world
[0.071s] -- Up-to-date symlink: /mnt/home/calex/g1_ros_ws/install/g1_gazebo/lib/g1_gazebo/pid_bridge.py
[0.073s] -- Up-to-date symlink: /mnt/home/calex/g1_ros_ws/install/g1_gazebo/share/ament_index/resource_index/package_run_dependencies/g1_gazebo
[0.074s] -- Up-to-date symlink: /mnt/home/calex/g1_ros_ws/install/g1_gazebo/share/ament_index/resource_index/parent_prefix_path/g1_gazebo
[0.075s] -- Up-to-date symlink: /mnt/home/calex/g1_ros_ws/install/g1_gazebo/share/g1_gazebo/environment/ament_prefix_path.sh
[0.077s] -- Up-to-date symlink: /mnt/home/calex/g1_ros_ws/install/g1_gazebo/share/g1_gazebo/environment/ament_prefix_path.dsv
[0.077s] -- Up-to-date symlink: /mnt/home/calex/g1_ros_ws/install/g1_gazebo/share/g1_gazebo/environment/path.sh
[0.078s] -- Up-to-date symlink: /mnt/home/calex/g1_ros_ws/install/g1_gazebo/share/g1_gazebo/environment/path.dsv
[0.079s] -- Up-to-date symlink: /mnt/home/calex/g1_ros_ws/install/g1_gazebo/share/g1_gazebo/local_setup.bash
[0.080s] -- Up-to-date symlink: /mnt/home/calex/g1_ros_ws/install/g1_gazebo/share/g1_gazebo/local_setup.sh
[0.080s] -- Up-to-date symlink: /mnt/home/calex/g1_ros_ws/install/g1_gazebo/share/g1_gazebo/local_setup.zsh
[0.081s] -- Up-to-date symlink: /mnt/home/calex/g1_ros_ws/install/g1_gazebo/share/g1_gazebo/local_setup.dsv
[0.082s] -- Symlinking: /mnt/home/calex/g1_ros_ws/install/g1_gazebo/share/g1_gazebo/package.dsv
[0.089s] -- Up-to-date symlink: /mnt/home/calex/g1_ros_ws/install/g1_gazebo/share/ament_index/resource_index/packages/g1_gazebo
[0.090s] -- Up-to-date symlink: /mnt/home/calex/g1_ros_ws/install/g1_gazebo/share/g1_gazebo/cmake/g1_gazeboConfig.cmake
[0.091s] -- Up-to-date symlink: /mnt/home/calex/g1_ros_ws/install/g1_gazebo/share/g1_gazebo/cmake/g1_gazeboConfig-version.cmake
[0.092s] -- Up-to-date symlink: /mnt/home/calex/g1_ros_ws/install/g1_gazebo/share/g1_gazebo/package.xml
[0.095s] Invoked command in '/mnt/home/calex/g1_ros_ws/build/g1_gazebo' returned '0': AMENT_PREFIX_PATH=/mnt/home/calex/g1_ros_ws/install/g1_description:${AMENT_PREFIX_PATH} CMAKE_PREFIX_PATH=/mnt/home/calex/g1_ros_ws/install/g1_description:/opt/ros/foxy /usr/bin/cmake --install /mnt/home/calex/g1_ros_ws/build/g1_gazebo
