[0.031s] Invoking command in '/mnt/home/calex/g1_ros_ws/build/g1_description': CMAKE_PREFIX_PATH=/opt/ros/foxy /usr/bin/cmake --build /mnt/home/calex/g1_ros_ws/build/g1_description -- -j20 -l20
[0.086s] Invoked command in '/mnt/home/calex/g1_ros_ws/build/g1_description' returned '0': CMAKE_PREFIX_PATH=/opt/ros/foxy /usr/bin/cmake --build /mnt/home/calex/g1_ros_ws/build/g1_description -- -j20 -l20
[0.112s] Invoking command in '/mnt/home/calex/g1_ros_ws/build/g1_description': CMAKE_PREFIX_PATH=/opt/ros/foxy /usr/bin/cmake --install /mnt/home/calex/g1_ros_ws/build/g1_description
[0.127s] -- Install configuration: ""
[0.141s] -- Execute custom install script
[0.146s] -- Up-to-date symlink: /mnt/home/calex/g1_ros_ws/install/g1_description/share/g1_description/urdf/g1_tether.gazebo.xacro
[0.147s] -- Up-to-date symlink: /mnt/home/calex/g1_ros_ws/install/g1_description/share/g1_description/urdf/g1_tether.urdf
[0.148s] -- Up-to-date symlink: /mnt/home/calex/g1_ros_ws/install/g1_description/share/g1_description/urdf/g1_tether.urdf.xacro
[0.194s] -- Up-to-date symlink: /mnt/home/calex/g1_ros_ws/install/g1_description/share/g1_description/meshes/head_link.STL
[0.195s] -- Up-to-date symlink: /mnt/home/calex/g1_ros_ws/install/g1_description/share/g1_description/meshes/left_ankle_pitch_link.STL
[0.196s] -- Up-to-date symlink: /mnt/home/calex/g1_ros_ws/install/g1_description/share/g1_description/meshes/left_ankle_roll_link.STL
[0.200s] -- Up-to-date symlink: /mnt/home/calex/g1_ros_ws/install/g1_description/share/g1_description/meshes/left_elbow_link.STL
[0.221s] -- Up-to-date symlink: /mnt/home/calex/g1_ros_ws/install/g1_description/share/g1_description/meshes/left_hip_pitch_link.STL
[0.243s] -- Up-to-date symlink: /mnt/home/calex/g1_ros_ws/install/g1_description/share/g1_description/meshes/left_hip_roll_link.STL
[0.250s] -- Up-to-date symlink: /mnt/home/calex/g1_ros_ws/install/g1_description/share/g1_description/meshes/left_hip_yaw_link.STL
[0.252s] -- Up-to-date symlink: /mnt/home/calex/g1_ros_ws/install/g1_description/share/g1_description/meshes/left_knee_link.STL
[0.256s] -- Up-to-date symlink: /mnt/home/calex/g1_ros_ws/install/g1_description/share/g1_description/meshes/left_shoulder_pitch_link.STL
[0.257s] -- Up-to-date symlink: /mnt/home/calex/g1_ros_ws/install/g1_description/share/g1_description/meshes/left_shoulder_roll_link.STL
[0.260s] -- Up-to-date symlink: /mnt/home/calex/g1_ros_ws/install/g1_description/share/g1_description/meshes/left_shoulder_yaw_link.STL
[0.263s] -- Up-to-date symlink: /mnt/home/calex/g1_ros_ws/install/g1_description/share/g1_description/meshes/left_wrist_pitch_link.STL
[0.263s] -- Up-to-date symlink: /mnt/home/calex/g1_ros_ws/install/g1_description/share/g1_description/meshes/left_wrist_roll_link.STL
[0.265s] -- Up-to-date symlink: /mnt/home/calex/g1_ros_ws/install/g1_description/share/g1_description/meshes/left_wrist_yaw_link.STL
[0.277s] -- Up-to-date symlink: /mnt/home/calex/g1_ros_ws/install/g1_description/share/g1_description/meshes/pelvis.STL
[0.288s] -- Up-to-date symlink: /mnt/home/calex/g1_ros_ws/install/g1_description/share/g1_description/meshes/pelvis_contour_link.STL
[0.292s] -- Up-to-date symlink: /mnt/home/calex/g1_ros_ws/install/g1_description/share/g1_description/meshes/right_ankle_pitch_link.STL
[0.296s] -- Up-to-date symlink: /mnt/home/calex/g1_ros_ws/install/g1_description/share/g1_description/meshes/right_ankle_roll_link.STL
[0.297s] -- Up-to-date symlink: /mnt/home/calex/g1_ros_ws/install/g1_description/share/g1_description/meshes/right_base_link.STL
[0.299s] -- Up-to-date symlink: /mnt/home/calex/g1_ros_ws/install/g1_description/share/g1_description/meshes/right_elbow_link.STL
[0.301s] -- Up-to-date symlink: /mnt/home/calex/g1_ros_ws/install/g1_description/share/g1_description/meshes/right_hip_pitch_link.STL
[0.302s] -- Up-to-date symlink: /mnt/home/calex/g1_ros_ws/install/g1_description/share/g1_description/meshes/right_hip_roll_link.STL
[0.305s] -- Up-to-date symlink: /mnt/home/calex/g1_ros_ws/install/g1_description/share/g1_description/meshes/right_hip_yaw_link.STL
[0.306s] -- Up-to-date symlink: /mnt/home/calex/g1_ros_ws/install/g1_description/share/g1_description/meshes/right_index_distal_link.STL
[0.309s] -- Up-to-date symlink: /mnt/home/calex/g1_ros_ws/install/g1_description/share/g1_description/meshes/right_index_f_link.STL
[0.309s] -- Up-to-date symlink: /mnt/home/calex/g1_ros_ws/install/g1_description/share/g1_description/meshes/right_index_middle_link.STL
[0.319s] -- Up-to-date symlink: /mnt/home/calex/g1_ros_ws/install/g1_description/share/g1_description/meshes/right_index_proximal_link.STL
[0.332s] -- Up-to-date symlink: /mnt/home/calex/g1_ros_ws/install/g1_description/share/g1_description/meshes/right_index_tip_link.STL
[0.341s] -- Up-to-date symlink: /mnt/home/calex/g1_ros_ws/install/g1_description/share/g1_description/meshes/right_knee_link.STL
[0.346s] -- Up-to-date symlink: /mnt/home/calex/g1_ros_ws/install/g1_description/share/g1_description/meshes/right_middle_distal_link.STL
[0.347s] -- Up-to-date symlink: /mnt/home/calex/g1_ros_ws/install/g1_description/share/g1_description/meshes/right_middle_f_link.STL
[0.349s] -- Up-to-date symlink: /mnt/home/calex/g1_ros_ws/install/g1_description/share/g1_description/meshes/right_middle_middle_link.STL
[0.354s] -- Up-to-date symlink: /mnt/home/calex/g1_ros_ws/install/g1_description/share/g1_description/meshes/right_middle_proximal_link.STL
[0.364s] -- Up-to-date symlink: /mnt/home/calex/g1_ros_ws/install/g1_description/share/g1_description/meshes/right_middle_tip_link.STL
[0.369s] -- Up-to-date symlink: /mnt/home/calex/g1_ros_ws/install/g1_description/share/g1_description/meshes/right_pinky_distal_link.STL
[0.375s] -- Up-to-date symlink: /mnt/home/calex/g1_ros_ws/install/g1_description/share/g1_description/meshes/right_pinky_f_link.STL
[0.375s] -- Up-to-date symlink: /mnt/home/calex/g1_ros_ws/install/g1_description/share/g1_description/meshes/right_pinky_middle_link.STL
[0.376s] -- Up-to-date symlink: /mnt/home/calex/g1_ros_ws/install/g1_description/share/g1_description/meshes/right_pinky_proximal_link.STL
[0.377s] -- Up-to-date symlink: /mnt/home/calex/g1_ros_ws/install/g1_description/share/g1_description/meshes/right_pinky_tip_link.STL
[0.403s] -- Up-to-date symlink: /mnt/home/calex/g1_ros_ws/install/g1_description/share/g1_description/meshes/right_ring_distal_link.STL
[0.411s] -- Up-to-date symlink: /mnt/home/calex/g1_ros_ws/install/g1_description/share/g1_description/meshes/right_ring_f_link.STL
[0.412s] -- Up-to-date symlink: /mnt/home/calex/g1_ros_ws/install/g1_description/share/g1_description/meshes/right_ring_middle_link.STL
[0.416s] -- Up-to-date symlink: /mnt/home/calex/g1_ros_ws/install/g1_description/share/g1_description/meshes/right_ring_proximal_link.STL
[0.418s] -- Up-to-date symlink: /mnt/home/calex/g1_ros_ws/install/g1_description/share/g1_description/meshes/right_ring_tip_link.STL
[0.423s] -- Up-to-date symlink: /mnt/home/calex/g1_ros_ws/install/g1_description/share/g1_description/meshes/right_shoulder_pitch_link.STL
[0.434s] -- Up-to-date symlink: /mnt/home/calex/g1_ros_ws/install/g1_description/share/g1_description/meshes/right_shoulder_roll_link.STL
[0.441s] -- Up-to-date symlink: /mnt/home/calex/g1_ros_ws/install/g1_description/share/g1_description/meshes/right_shoulder_yaw_link.STL
[0.445s] -- Up-to-date symlink: /mnt/home/calex/g1_ros_ws/install/g1_description/share/g1_description/meshes/right_t_link.STL
[0.446s] -- Up-to-date symlink: /mnt/home/calex/g1_ros_ws/install/g1_description/share/g1_description/meshes/right_thumb_distal_link.STL
[0.447s] -- Up-to-date symlink: /mnt/home/calex/g1_ros_ws/install/g1_description/share/g1_description/meshes/right_thumb_mcp_link.STL
[0.448s] -- Up-to-date symlink: /mnt/home/calex/g1_ros_ws/install/g1_description/share/g1_description/meshes/right_thumb_proximal_link.STL
[0.449s] -- Up-to-date symlink: /mnt/home/calex/g1_ros_ws/install/g1_description/share/g1_description/meshes/right_thumb_tip_link.STL
[0.455s] -- Up-to-date symlink: /mnt/home/calex/g1_ros_ws/install/g1_description/share/g1_description/meshes/right_wrist_pitch_link.STL
[0.464s] -- Up-to-date symlink: /mnt/home/calex/g1_ros_ws/install/g1_description/share/g1_description/meshes/right_wrist_roll_link.STL
[0.469s] -- Up-to-date symlink: /mnt/home/calex/g1_ros_ws/install/g1_description/share/g1_description/meshes/right_wrist_yaw_link.STL
[0.481s] -- Up-to-date symlink: /mnt/home/calex/g1_ros_ws/install/g1_description/share/g1_description/meshes/torso_link_rev_1_0.STL
[0.489s] -- Up-to-date symlink: /mnt/home/calex/g1_ros_ws/install/g1_description/share/g1_description/meshes/twist2_neck.obj
[0.490s] -- Up-to-date symlink: /mnt/home/calex/g1_ros_ws/install/g1_description/share/g1_description/meshes/waist_roll_link_rev_1_0.STL
[0.491s] -- Up-to-date symlink: /mnt/home/calex/g1_ros_ws/install/g1_description/share/g1_description/meshes/waist_yaw_link_rev_1_0.STL
[0.495s] -- Up-to-date symlink: /mnt/home/calex/g1_ros_ws/install/g1_description/share/g1_description/launch/display.launch.py
[0.509s] -- Up-to-date symlink: /mnt/home/calex/g1_ros_ws/install/g1_description/share/g1_description/scripts/mjcf_to_urdf.py
[0.518s] -- Up-to-date symlink: /mnt/home/calex/g1_ros_ws/install/g1_description/share/g1_description/rviz/display.rviz
[0.529s] -- Up-to-date symlink: /mnt/home/calex/g1_ros_ws/install/g1_description/share/ament_index/resource_index/package_run_dependencies/g1_description
[0.531s] -- Up-to-date symlink: /mnt/home/calex/g1_ros_ws/install/g1_description/share/ament_index/resource_index/parent_prefix_path/g1_description
[0.532s] -- Up-to-date symlink: /mnt/home/calex/g1_ros_ws/install/g1_description/share/g1_description/environment/ament_prefix_path.sh
[0.539s] -- Up-to-date symlink: /mnt/home/calex/g1_ros_ws/install/g1_description/share/g1_description/environment/ament_prefix_path.dsv
[0.553s] -- Up-to-date symlink: /mnt/home/calex/g1_ros_ws/install/g1_description/share/g1_description/environment/path.sh
[0.558s] -- Up-to-date symlink: /mnt/home/calex/g1_ros_ws/install/g1_description/share/g1_description/environment/path.dsv
[0.559s] -- Up-to-date symlink: /mnt/home/calex/g1_ros_ws/install/g1_description/share/g1_description/local_setup.bash
[0.560s] -- Up-to-date symlink: /mnt/home/calex/g1_ros_ws/install/g1_description/share/g1_description/local_setup.sh
[0.584s] -- Up-to-date symlink: /mnt/home/calex/g1_ros_ws/install/g1_description/share/g1_description/local_setup.zsh
[0.588s] -- Up-to-date symlink: /mnt/home/calex/g1_ros_ws/install/g1_description/share/g1_description/local_setup.dsv
[0.592s] -- Symlinking: /mnt/home/calex/g1_ros_ws/install/g1_description/share/g1_description/package.dsv
[0.624s] -- Up-to-date symlink: /mnt/home/calex/g1_ros_ws/install/g1_description/share/ament_index/resource_index/packages/g1_description
[0.626s] -- Up-to-date symlink: /mnt/home/calex/g1_ros_ws/install/g1_description/share/g1_description/cmake/g1_descriptionConfig.cmake
[0.633s] -- Up-to-date symlink: /mnt/home/calex/g1_ros_ws/install/g1_description/share/g1_description/cmake/g1_descriptionConfig-version.cmake
[0.661s] -- Up-to-date symlink: /mnt/home/calex/g1_ros_ws/install/g1_description/share/g1_description/package.xml
[0.666s] Invoked command in '/mnt/home/calex/g1_ros_ws/build/g1_description' returned '0': CMAKE_PREFIX_PATH=/opt/ros/foxy /usr/bin/cmake --install /mnt/home/calex/g1_ros_ws/build/g1_description
