[1.300s] DEBUG:colcon:Command line arguments: ['/usr/bin/colcon', 'build', '--symlink-install', '--packages-select', 'g1_description', 'g1_gazebo']
[1.300s] DEBUG:colcon:Parsed command line arguments: Namespace(allow_overriding=[], ament_cmake_args=None, base_paths=['.'], build_base='build', catkin_cmake_args=None, catkin_skip_building_tests=False, cmake_args=None, cmake_clean_cache=False, cmake_clean_first=False, cmake_force_configure=False, cmake_target=None, cmake_target_skip_unavailable=False, continue_on_error=False, event_handlers=None, executor='parallel', ignore_user_meta=False, install_base='install', log_base=None, log_level=None, main=<bound method BuildVerb.main of <colcon_core.verb.build.BuildVerb object at 0x7f4c7e757cd0>>, merge_install=False, metas=['./colcon.meta'], mixin=None, mixin_files=None, mixin_verb=('build',), packages_above=None, packages_above_and_dependencies=None, packages_above_depth=None, packages_end=None, packages_ignore=None, packages_ignore_regex=None, packages_select=['g1_description', 'g1_gazebo'], packages_select_build_failed=False, packages_select_by_dep=None, packages_select_regex=None, packages_select_test_failures=False, packages_skip=None, packages_skip_build_finished=False, packages_skip_by_dep=None, packages_skip_regex=None, packages_skip_test_passed=False, packages_skip_up_to=None, packages_start=None, packages_up_to=None, packages_up_to_regex=None, parallel_workers=20, paths=None, symlink_install=True, test_result_base=None, verb_extension=<colcon_core.verb.build.BuildVerb object at 0x7f4c7e757cd0>, verb_name='build', verb_parser=<colcon_mixin.mixin.mixin_argument.MixinArgumentDecorator object at 0x7f4c7e765160>)
[2.470s] Level 1:colcon.colcon_core.package_discovery:discover_packages(colcon_meta) check parameters
[2.470s] Level 1:colcon.colcon_core.package_discovery:discover_packages(recursive) check parameters
[2.496s] Level 1:colcon.colcon_core.package_discovery:discover_packages(ignore) check parameters
[2.496s] Level 1:colcon.colcon_core.package_discovery:discover_packages(path) check parameters
[2.496s] Level 1:colcon.colcon_core.package_discovery:discover_packages(colcon_meta) discover
[2.496s] Level 1:colcon.colcon_core.package_discovery:discover_packages(recursive) discover
[2.496s] INFO:colcon.colcon_core.package_discovery:Crawling recursively for packages in '/mnt/home/calex/g1_ros_ws'
[2.532s] Level 1:colcon.colcon_core.package_identification:_identify(.) by extensions ['ignore', 'ignore_ament_install']
[2.556s] Level 1:colcon.colcon_core.package_identification:_identify(.) by extension 'ignore'
[2.556s] Level 1:colcon.colcon_core.package_identification:_identify(.) by extension 'ignore_ament_install'
[2.556s] Level 1:colcon.colcon_core.package_identification:_identify(.) by extensions ['colcon_pkg']
[2.556s] Level 1:colcon.colcon_core.package_identification:_identify(.) by extension 'colcon_pkg'
[2.556s] Level 1:colcon.colcon_core.package_identification:_identify(.) by extensions ['colcon_meta']
[2.556s] Level 1:colcon.colcon_core.package_identification:_identify(.) by extension 'colcon_meta'
[2.557s] Level 1:colcon.colcon_core.package_identification:_identify(.) by extensions ['ros']
[2.557s] Level 1:colcon.colcon_core.package_identification:_identify(.) by extension 'ros'
[2.564s] Level 1:colcon.colcon_core.package_identification:_identify(.) by extensions ['cmake', 'python']
[2.564s] Level 1:colcon.colcon_core.package_identification:_identify(.) by extension 'cmake'
[2.564s] Level 1:colcon.colcon_core.package_identification:_identify(.) by extension 'python'
[2.564s] Level 1:colcon.colcon_core.package_identification:_identify(.) by extensions ['python_setup_py']
[2.564s] Level 1:colcon.colcon_core.package_identification:_identify(.) by extension 'python_setup_py'
[2.593s] Level 1:colcon.colcon_core.package_identification:_identify(build) by extensions ['ignore', 'ignore_ament_install']
[2.618s] Level 1:colcon.colcon_core.package_identification:_identify(build) by extension 'ignore'
[2.618s] Level 1:colcon.colcon_core.package_identification:_identify(build) ignored
[2.653s] Level 1:colcon.colcon_core.package_identification:_identify(install) by extensions ['ignore', 'ignore_ament_install']
[2.678s] Level 1:colcon.colcon_core.package_identification:_identify(install) by extension 'ignore'
[2.678s] Level 1:colcon.colcon_core.package_identification:_identify(install) ignored
[2.787s] Level 1:colcon.colcon_core.package_identification:_identify(log) by extensions ['ignore', 'ignore_ament_install']
[2.787s] Level 1:colcon.colcon_core.package_identification:_identify(log) by extension 'ignore'
[2.824s] Level 1:colcon.colcon_core.package_identification:_identify(log) ignored
[2.861s] Level 1:colcon.colcon_core.package_identification:_identify(script) by extensions ['ignore', 'ignore_ament_install']
[2.897s] Level 1:colcon.colcon_core.package_identification:_identify(script) by extension 'ignore'
[2.897s] Level 1:colcon.colcon_core.package_identification:_identify(script) by extension 'ignore_ament_install'
[2.897s] Level 1:colcon.colcon_core.package_identification:_identify(script) by extensions ['colcon_pkg']
[2.897s] Level 1:colcon.colcon_core.package_identification:_identify(script) by extension 'colcon_pkg'
[2.897s] Level 1:colcon.colcon_core.package_identification:_identify(script) by extensions ['colcon_meta']
[2.897s] Level 1:colcon.colcon_core.package_identification:_identify(script) by extension 'colcon_meta'
[2.897s] Level 1:colcon.colcon_core.package_identification:_identify(script) by extensions ['ros']
[2.897s] Level 1:colcon.colcon_core.package_identification:_identify(script) by extension 'ros'
[2.897s] Level 1:colcon.colcon_core.package_identification:_identify(script) by extensions ['cmake', 'python']
[2.897s] Level 1:colcon.colcon_core.package_identification:_identify(script) by extension 'cmake'
[2.897s] Level 1:colcon.colcon_core.package_identification:_identify(script) by extension 'python'
[2.897s] Level 1:colcon.colcon_core.package_identification:_identify(script) by extensions ['python_setup_py']
[2.897s] Level 1:colcon.colcon_core.package_identification:_identify(script) by extension 'python_setup_py'
[2.934s] Level 1:colcon.colcon_core.package_identification:_identify(src) by extensions ['ignore', 'ignore_ament_install']
[2.958s] Level 1:colcon.colcon_core.package_identification:_identify(src) by extension 'ignore'
[2.958s] Level 1:colcon.colcon_core.package_identification:_identify(src) by extension 'ignore_ament_install'
[2.958s] Level 1:colcon.colcon_core.package_identification:_identify(src) by extensions ['colcon_pkg']
[2.958s] Level 1:colcon.colcon_core.package_identification:_identify(src) by extension 'colcon_pkg'
[2.958s] Level 1:colcon.colcon_core.package_identification:_identify(src) by extensions ['colcon_meta']
[2.958s] Level 1:colcon.colcon_core.package_identification:_identify(src) by extension 'colcon_meta'
[2.958s] Level 1:colcon.colcon_core.package_identification:_identify(src) by extensions ['ros']
[2.958s] Level 1:colcon.colcon_core.package_identification:_identify(src) by extension 'ros'
[2.959s] Level 1:colcon.colcon_core.package_identification:_identify(src) by extensions ['cmake', 'python']
[2.959s] Level 1:colcon.colcon_core.package_identification:_identify(src) by extension 'cmake'
[2.959s] Level 1:colcon.colcon_core.package_identification:_identify(src) by extension 'python'
[2.959s] Level 1:colcon.colcon_core.package_identification:_identify(src) by extensions ['python_setup_py']
[2.959s] Level 1:colcon.colcon_core.package_identification:_identify(src) by extension 'python_setup_py'
[2.995s] Level 1:colcon.colcon_core.package_identification:_identify(src/g1_description) by extensions ['ignore', 'ignore_ament_install']
[3.020s] Level 1:colcon.colcon_core.package_identification:_identify(src/g1_description) by extension 'ignore'
[3.020s] Level 1:colcon.colcon_core.package_identification:_identify(src/g1_description) by extension 'ignore_ament_install'
[3.020s] Level 1:colcon.colcon_core.package_identification:_identify(src/g1_description) by extensions ['colcon_pkg']
[3.020s] Level 1:colcon.colcon_core.package_identification:_identify(src/g1_description) by extension 'colcon_pkg'
[3.020s] Level 1:colcon.colcon_core.package_identification:_identify(src/g1_description) by extensions ['colcon_meta']
[3.020s] Level 1:colcon.colcon_core.package_identification:_identify(src/g1_description) by extension 'colcon_meta'
[3.020s] Level 1:colcon.colcon_core.package_identification:_identify(src/g1_description) by extensions ['ros']
[3.020s] Level 1:colcon.colcon_core.package_identification:_identify(src/g1_description) by extension 'ros'
[3.109s] DEBUG:colcon.colcon_core.package_identification:Package 'src/g1_description' with type 'ros.ament_cmake' and name 'g1_description'
[3.141s] Level 1:colcon.colcon_core.package_identification:_identify(src/g1_gazebo) by extensions ['ignore', 'ignore_ament_install']
[3.141s] Level 1:colcon.colcon_core.package_identification:_identify(src/g1_gazebo) by extension 'ignore'
[3.142s] Level 1:colcon.colcon_core.package_identification:_identify(src/g1_gazebo) by extension 'ignore_ament_install'
[3.142s] Level 1:colcon.colcon_core.package_identification:_identify(src/g1_gazebo) by extensions ['colcon_pkg']
[3.142s] Level 1:colcon.colcon_core.package_identification:_identify(src/g1_gazebo) by extension 'colcon_pkg'
[3.142s] Level 1:colcon.colcon_core.package_identification:_identify(src/g1_gazebo) by extensions ['colcon_meta']
[3.142s] Level 1:colcon.colcon_core.package_identification:_identify(src/g1_gazebo) by extension 'colcon_meta'
[3.142s] Level 1:colcon.colcon_core.package_identification:_identify(src/g1_gazebo) by extensions ['ros']
[3.142s] Level 1:colcon.colcon_core.package_identification:_identify(src/g1_gazebo) by extension 'ros'
[3.143s] DEBUG:colcon.colcon_core.package_identification:Package 'src/g1_gazebo' with type 'ros.ament_cmake' and name 'g1_gazebo'
[3.178s] Level 1:colcon.colcon_core.package_identification:_identify(src/g1_state_bridge) by extensions ['ignore', 'ignore_ament_install']
[3.191s] Level 1:colcon.colcon_core.package_identification:_identify(src/g1_state_bridge) by extension 'ignore'
[3.191s] Level 1:colcon.colcon_core.package_identification:_identify(src/g1_state_bridge) by extension 'ignore_ament_install'
[3.191s] Level 1:colcon.colcon_core.package_identification:_identify(src/g1_state_bridge) by extensions ['colcon_pkg']
[3.191s] Level 1:colcon.colcon_core.package_identification:_identify(src/g1_state_bridge) by extension 'colcon_pkg'
[3.191s] Level 1:colcon.colcon_core.package_identification:_identify(src/g1_state_bridge) by extensions ['colcon_meta']
[3.191s] Level 1:colcon.colcon_core.package_identification:_identify(src/g1_state_bridge) by extension 'colcon_meta'
[3.191s] Level 1:colcon.colcon_core.package_identification:_identify(src/g1_state_bridge) by extensions ['ros']
[3.191s] Level 1:colcon.colcon_core.package_identification:_identify(src/g1_state_bridge) by extension 'ros'
[3.288s] DEBUG:colcon.colcon_core.package_identification:Package 'src/g1_state_bridge' with type 'ros.ament_python' and name 'g1_state_bridge'
[3.312s] Level 1:colcon.colcon_core.package_identification:_identify(src/g1_zed_bridge) by extensions ['ignore', 'ignore_ament_install']
[3.312s] Level 1:colcon.colcon_core.package_identification:_identify(src/g1_zed_bridge) by extension 'ignore'
[3.312s] Level 1:colcon.colcon_core.package_identification:_identify(src/g1_zed_bridge) by extension 'ignore_ament_install'
[3.312s] Level 1:colcon.colcon_core.package_identification:_identify(src/g1_zed_bridge) by extensions ['colcon_pkg']
[3.312s] Level 1:colcon.colcon_core.package_identification:_identify(src/g1_zed_bridge) by extension 'colcon_pkg'
[3.312s] Level 1:colcon.colcon_core.package_identification:_identify(src/g1_zed_bridge) by extensions ['colcon_meta']
[3.312s] Level 1:colcon.colcon_core.package_identification:_identify(src/g1_zed_bridge) by extension 'colcon_meta'
[3.312s] Level 1:colcon.colcon_core.package_identification:_identify(src/g1_zed_bridge) by extensions ['ros']
[3.313s] Level 1:colcon.colcon_core.package_identification:_identify(src/g1_zed_bridge) by extension 'ros'
[3.386s] DEBUG:colcon.colcon_core.package_identification:Package 'src/g1_zed_bridge' with type 'ros.ament_python' and name 'g1_zed_bridge'
[3.386s] Level 1:colcon.colcon_core.package_discovery:discover_packages(recursive) using defaults
[3.422s] Level 1:colcon.colcon_core.package_discovery:discover_packages(ignore) discover
[3.422s] Level 1:colcon.colcon_core.package_discovery:discover_packages(ignore) using defaults
[3.422s] Level 1:colcon.colcon_core.package_discovery:discover_packages(path) discover
[3.422s] Level 1:colcon.colcon_core.package_discovery:discover_packages(path) using defaults
[3.654s] INFO:colcon.colcon_core.package_selection:Skipping not selected package 'g1_zed_bridge' in 'src/g1_zed_bridge'
[3.654s] INFO:colcon.colcon_core.package_selection:Skipping not selected package 'g1_state_bridge' in 'src/g1_state_bridge'
[3.655s] Level 1:colcon.colcon_core.package_discovery:discover_packages(prefix_path) check parameters
[3.685s] Level 1:colcon.colcon_core.package_discovery:discover_packages(prefix_path) discover
[3.688s] DEBUG:colcon.colcon_installed_package_information.package_discovery:Found 302 installed packages in /opt/ros/foxy
[3.700s] Level 1:colcon.colcon_core.package_discovery:discover_packages(prefix_path) using defaults
[3.734s] Level 5:colcon.colcon_core.verb:set package 'g1_description' build argument 'cmake_args' from command line to 'None'
[3.739s] Level 5:colcon.colcon_core.verb:set package 'g1_description' build argument 'cmake_target' from command line to 'None'
[3.739s] Level 5:colcon.colcon_core.verb:set package 'g1_description' build argument 'cmake_target_skip_unavailable' from command line to 'False'
[3.739s] Level 5:colcon.colcon_core.verb:set package 'g1_description' build argument 'cmake_clean_cache' from command line to 'False'
[3.739s] Level 5:colcon.colcon_core.verb:set package 'g1_description' build argument 'cmake_clean_first' from command line to 'False'
[3.739s] Level 5:colcon.colcon_core.verb:set package 'g1_description' build argument 'cmake_force_configure' from command line to 'False'
[3.739s] Level 5:colcon.colcon_core.verb:set package 'g1_description' build argument 'ament_cmake_args' from command line to 'None'
[3.739s] Level 5:colcon.colcon_core.verb:set package 'g1_description' build argument 'catkin_cmake_args' from command line to 'None'
[3.739s] Level 5:colcon.colcon_core.verb:set package 'g1_description' build argument 'catkin_skip_building_tests' from command line to 'False'
[3.739s] DEBUG:colcon.colcon_core.verb:Building package 'g1_description' with the following arguments: {'ament_cmake_args': None, 'build_base': '/mnt/home/calex/g1_ros_ws/build/g1_description', 'catkin_cmake_args': None, 'catkin_skip_building_tests': False, 'cmake_args': None, 'cmake_clean_cache': False, 'cmake_clean_first': False, 'cmake_force_configure': False, 'cmake_target': None, 'cmake_target_skip_unavailable': False, 'install_base': '/mnt/home/calex/g1_ros_ws/install/g1_description', 'merge_install': False, 'path': '/mnt/home/calex/g1_ros_ws/src/g1_description', 'symlink_install': True, 'test_result_base': None}
[3.739s] Level 5:colcon.colcon_core.verb:set package 'g1_gazebo' build argument 'cmake_args' from command line to 'None'
[3.739s] Level 5:colcon.colcon_core.verb:set package 'g1_gazebo' build argument 'cmake_target' from command line to 'None'
[3.739s] Level 5:colcon.colcon_core.verb:set package 'g1_gazebo' build argument 'cmake_target_skip_unavailable' from command line to 'False'
[3.739s] Level 5:colcon.colcon_core.verb:set package 'g1_gazebo' build argument 'cmake_clean_cache' from command line to 'False'
[3.739s] Level 5:colcon.colcon_core.verb:set package 'g1_gazebo' build argument 'cmake_clean_first' from command line to 'False'
[3.739s] Level 5:colcon.colcon_core.verb:set package 'g1_gazebo' build argument 'cmake_force_configure' from command line to 'False'
[3.739s] Level 5:colcon.colcon_core.verb:set package 'g1_gazebo' build argument 'ament_cmake_args' from command line to 'None'
[3.739s] Level 5:colcon.colcon_core.verb:set package 'g1_gazebo' build argument 'catkin_cmake_args' from command line to 'None'
[3.739s] Level 5:colcon.colcon_core.verb:set package 'g1_gazebo' build argument 'catkin_skip_building_tests' from command line to 'False'
[3.739s] DEBUG:colcon.colcon_core.verb:Building package 'g1_gazebo' with the following arguments: {'ament_cmake_args': None, 'build_base': '/mnt/home/calex/g1_ros_ws/build/g1_gazebo', 'catkin_cmake_args': None, 'catkin_skip_building_tests': False, 'cmake_args': None, 'cmake_clean_cache': False, 'cmake_clean_first': False, 'cmake_force_configure': False, 'cmake_target': None, 'cmake_target_skip_unavailable': False, 'install_base': '/mnt/home/calex/g1_ros_ws/install/g1_gazebo', 'merge_install': False, 'path': '/mnt/home/calex/g1_ros_ws/src/g1_gazebo', 'symlink_install': True, 'test_result_base': None}
[3.740s] INFO:colcon.colcon_core.executor:Executing jobs using 'parallel' executor
[3.740s] DEBUG:colcon.colcon_parallel_executor.executor.parallel:run_until_complete
[3.740s] INFO:colcon.colcon_ros.task.ament_cmake.build:Building ROS package in '/mnt/home/calex/g1_ros_ws/src/g1_description' with build type 'ament_cmake'
[3.740s] INFO:colcon.colcon_cmake.task.cmake.build:Building CMake package in '/mnt/home/calex/g1_ros_ws/src/g1_description'
[3.741s] INFO:colcon.colcon_core.plugin_system:Skipping extension 'colcon_core.shell.bat': Not used on non-Windows systems
[3.741s] INFO:colcon.colcon_core.shell:Skip shell extension 'powershell' for command environment: Not usable outside of PowerShell
[3.741s] DEBUG:colcon.colcon_core.shell:Skip shell extension 'dsv' for command environment
[4.216s] DEBUG:colcon.colcon_core.event_handler.log_command:Invoking command in '/mnt/home/calex/g1_ros_ws/build/g1_description': CMAKE_PREFIX_PATH=/opt/ros/foxy /usr/bin/cmake --build /mnt/home/calex/g1_ros_ws/build/g1_description -- -j20 -l20
[4.252s] DEBUG:colcon.colcon_core.event_handler.log_command:Invoked command in '/mnt/home/calex/g1_ros_ws/build/g1_description' returned '0': CMAKE_PREFIX_PATH=/opt/ros/foxy /usr/bin/cmake --build /mnt/home/calex/g1_ros_ws/build/g1_description -- -j20 -l20
[4.262s] DEBUG:colcon.colcon_core.event_handler.log_command:Invoking command in '/mnt/home/calex/g1_ros_ws/build/g1_description': CMAKE_PREFIX_PATH=/opt/ros/foxy /usr/bin/cmake --install /mnt/home/calex/g1_ros_ws/build/g1_description
[4.387s] Level 1:colcon.colcon_core.environment:create_environment_scripts_only(g1_description)
[4.387s] DEBUG:colcon.colcon_core.event_handler.log_command:Invoked command in '/mnt/home/calex/g1_ros_ws/build/g1_description' returned '0': CMAKE_PREFIX_PATH=/opt/ros/foxy /usr/bin/cmake --install /mnt/home/calex/g1_ros_ws/build/g1_description
[4.389s] Level 1:colcon.colcon_core.environment:checking '/mnt/home/calex/g1_ros_ws/install/g1_description' for CMake module files
[4.390s] Level 1:colcon.colcon_core.environment:checking '/mnt/home/calex/g1_ros_ws/install/g1_description' for CMake config files
[4.392s] Level 1:colcon.colcon_core.shell:create_environment_hook('g1_description', 'cmake_prefix_path')
[4.392s] INFO:colcon.colcon_core.shell:Creating environment hook '/mnt/home/calex/g1_ros_ws/install/g1_description/share/g1_description/hook/cmake_prefix_path.ps1'
[4.394s] INFO:colcon.colcon_core.shell:Creating environment descriptor '/mnt/home/calex/g1_ros_ws/install/g1_description/share/g1_description/hook/cmake_prefix_path.dsv'
[4.396s] INFO:colcon.colcon_core.shell:Creating environment hook '/mnt/home/calex/g1_ros_ws/install/g1_description/share/g1_description/hook/cmake_prefix_path.sh'
[4.398s] Level 1:colcon.colcon_core.environment:checking '/mnt/home/calex/g1_ros_ws/install/g1_description/bin'
[4.398s] Level 1:colcon.colcon_core.environment:checking '/mnt/home/calex/g1_ros_ws/install/g1_description/lib/pkgconfig/g1_description.pc'
[4.398s] Level 1:colcon.colcon_core.environment:checking '/mnt/home/calex/g1_ros_ws/install/g1_description/lib/python3.8/site-packages'
[4.399s] Level 1:colcon.colcon_core.environment:checking '/mnt/home/calex/g1_ros_ws/install/g1_description/bin'
[4.399s] INFO:colcon.colcon_core.shell:Creating package script '/mnt/home/calex/g1_ros_ws/install/g1_description/share/g1_description/package.ps1'
[4.401s] INFO:colcon.colcon_core.shell:Creating package descriptor '/mnt/home/calex/g1_ros_ws/install/g1_description/share/g1_description/package.dsv'
[4.403s] INFO:colcon.colcon_core.shell:Creating package script '/mnt/home/calex/g1_ros_ws/install/g1_description/share/g1_description/package.sh'
[4.413s] INFO:colcon.colcon_core.shell:Creating package script '/mnt/home/calex/g1_ros_ws/install/g1_description/share/g1_description/package.bash'
[4.415s] INFO:colcon.colcon_core.shell:Creating package script '/mnt/home/calex/g1_ros_ws/install/g1_description/share/g1_description/package.zsh'
[4.417s] Level 1:colcon.colcon_core.environment:create_file_with_runtime_dependencies(/mnt/home/calex/g1_ros_ws/install/g1_description/share/colcon-core/packages/g1_description)
[4.419s] Level 1:colcon.colcon_core.environment:create_environment_scripts_only(g1_description)
[4.419s] Level 1:colcon.colcon_core.environment:checking '/mnt/home/calex/g1_ros_ws/install/g1_description' for CMake module files
[4.420s] Level 1:colcon.colcon_core.environment:checking '/mnt/home/calex/g1_ros_ws/install/g1_description' for CMake config files
[4.422s] Level 1:colcon.colcon_core.shell:create_environment_hook('g1_description', 'cmake_prefix_path')
[4.422s] INFO:colcon.colcon_core.shell:Creating environment hook '/mnt/home/calex/g1_ros_ws/install/g1_description/share/g1_description/hook/cmake_prefix_path.ps1'
[4.423s] INFO:colcon.colcon_core.shell:Creating environment descriptor '/mnt/home/calex/g1_ros_ws/install/g1_description/share/g1_description/hook/cmake_prefix_path.dsv'
[4.425s] INFO:colcon.colcon_core.shell:Creating environment hook '/mnt/home/calex/g1_ros_ws/install/g1_description/share/g1_description/hook/cmake_prefix_path.sh'
[4.426s] Level 1:colcon.colcon_core.environment:checking '/mnt/home/calex/g1_ros_ws/install/g1_description/bin'
[4.426s] Level 1:colcon.colcon_core.environment:checking '/mnt/home/calex/g1_ros_ws/install/g1_description/lib/pkgconfig/g1_description.pc'
[4.427s] Level 1:colcon.colcon_core.environment:checking '/mnt/home/calex/g1_ros_ws/install/g1_description/lib/python3.8/site-packages'
[4.427s] Level 1:colcon.colcon_core.environment:checking '/mnt/home/calex/g1_ros_ws/install/g1_description/bin'
[4.427s] INFO:colcon.colcon_core.shell:Creating package script '/mnt/home/calex/g1_ros_ws/install/g1_description/share/g1_description/package.ps1'
[4.429s] INFO:colcon.colcon_core.shell:Creating package descriptor '/mnt/home/calex/g1_ros_ws/install/g1_description/share/g1_description/package.dsv'
[4.430s] INFO:colcon.colcon_core.shell:Creating package script '/mnt/home/calex/g1_ros_ws/install/g1_description/share/g1_description/package.sh'
[4.431s] INFO:colcon.colcon_core.shell:Creating package script '/mnt/home/calex/g1_ros_ws/install/g1_description/share/g1_description/package.bash'
[4.433s] INFO:colcon.colcon_core.shell:Creating package script '/mnt/home/calex/g1_ros_ws/install/g1_description/share/g1_description/package.zsh'
[4.434s] Level 1:colcon.colcon_core.environment:create_file_with_runtime_dependencies(/mnt/home/calex/g1_ros_ws/install/g1_description/share/colcon-core/packages/g1_description)
[4.436s] INFO:colcon.colcon_ros.task.ament_cmake.build:Building ROS package in '/mnt/home/calex/g1_ros_ws/src/g1_gazebo' with build type 'ament_cmake'
[4.436s] INFO:colcon.colcon_cmake.task.cmake.build:Building CMake package in '/mnt/home/calex/g1_ros_ws/src/g1_gazebo'
[4.436s] INFO:colcon.colcon_core.shell:Skip shell extension 'powershell' for command environment: Not usable outside of PowerShell
[4.436s] DEBUG:colcon.colcon_core.shell:Skip shell extension 'dsv' for command environment
[4.454s] DEBUG:colcon.colcon_core.event_handler.log_command:Invoking command in '/mnt/home/calex/g1_ros_ws/build/g1_gazebo': AMENT_PREFIX_PATH=/mnt/home/calex/g1_ros_ws/install/g1_description:${AMENT_PREFIX_PATH} CMAKE_PREFIX_PATH=/mnt/home/calex/g1_ros_ws/install/g1_description:/opt/ros/foxy /usr/bin/cmake --build /mnt/home/calex/g1_ros_ws/build/g1_gazebo -- -j20 -l20
[4.488s] DEBUG:colcon.colcon_core.event_handler.log_command:Invoked command in '/mnt/home/calex/g1_ros_ws/build/g1_gazebo' returned '0': AMENT_PREFIX_PATH=/mnt/home/calex/g1_ros_ws/install/g1_description:${AMENT_PREFIX_PATH} CMAKE_PREFIX_PATH=/mnt/home/calex/g1_ros_ws/install/g1_description:/opt/ros/foxy /usr/bin/cmake --build /mnt/home/calex/g1_ros_ws/build/g1_gazebo -- -j20 -l20
[4.491s] DEBUG:colcon.colcon_core.event_handler.log_command:Invoking command in '/mnt/home/calex/g1_ros_ws/build/g1_gazebo': AMENT_PREFIX_PATH=/mnt/home/calex/g1_ros_ws/install/g1_description:${AMENT_PREFIX_PATH} CMAKE_PREFIX_PATH=/mnt/home/calex/g1_ros_ws/install/g1_description:/opt/ros/foxy /usr/bin/cmake --install /mnt/home/calex/g1_ros_ws/build/g1_gazebo
[6.918s] Level 1:colcon.colcon_core.environment:create_environment_scripts_only(g1_gazebo)
[6.918s] Level 1:colcon.colcon_core.environment:checking '/mnt/home/calex/g1_ros_ws/install/g1_gazebo' for CMake module files
[6.929s] DEBUG:colcon.colcon_core.event_handler.log_command:Invoked command in '/mnt/home/calex/g1_ros_ws/build/g1_gazebo' returned '0': AMENT_PREFIX_PATH=/mnt/home/calex/g1_ros_ws/install/g1_description:${AMENT_PREFIX_PATH} CMAKE_PREFIX_PATH=/mnt/home/calex/g1_ros_ws/install/g1_description:/opt/ros/foxy /usr/bin/cmake --install /mnt/home/calex/g1_ros_ws/build/g1_gazebo
[6.969s] Level 1:colcon.colcon_core.environment:checking '/mnt/home/calex/g1_ros_ws/install/g1_gazebo' for CMake config files
[6.971s] Level 1:colcon.colcon_core.shell:create_environment_hook('g1_gazebo', 'cmake_prefix_path')
[6.972s] INFO:colcon.colcon_core.shell:Creating environment hook '/mnt/home/calex/g1_ros_ws/install/g1_gazebo/share/g1_gazebo/hook/cmake_prefix_path.ps1'
[6.973s] INFO:colcon.colcon_core.shell:Creating environment descriptor '/mnt/home/calex/g1_ros_ws/install/g1_gazebo/share/g1_gazebo/hook/cmake_prefix_path.dsv'
[6.974s] INFO:colcon.colcon_core.shell:Creating environment hook '/mnt/home/calex/g1_ros_ws/install/g1_gazebo/share/g1_gazebo/hook/cmake_prefix_path.sh'
[6.976s] Level 1:colcon.colcon_core.environment:checking '/mnt/home/calex/g1_ros_ws/install/g1_gazebo/lib'
[6.976s] Level 1:colcon.colcon_core.environment:checking '/mnt/home/calex/g1_ros_ws/install/g1_gazebo/bin'
[6.977s] Level 1:colcon.colcon_core.environment:checking '/mnt/home/calex/g1_ros_ws/install/g1_gazebo/lib/pkgconfig/g1_gazebo.pc'
[6.977s] Level 1:colcon.colcon_core.environment:checking '/mnt/home/calex/g1_ros_ws/install/g1_gazebo/lib/python3.8/site-packages'
[6.977s] Level 1:colcon.colcon_core.environment:checking '/mnt/home/calex/g1_ros_ws/install/g1_gazebo/bin'
[6.978s] INFO:colcon.colcon_core.shell:Creating package script '/mnt/home/calex/g1_ros_ws/install/g1_gazebo/share/g1_gazebo/package.ps1'
[6.979s] INFO:colcon.colcon_core.shell:Creating package descriptor '/mnt/home/calex/g1_ros_ws/install/g1_gazebo/share/g1_gazebo/package.dsv'
[6.980s] INFO:colcon.colcon_core.shell:Creating package script '/mnt/home/calex/g1_ros_ws/install/g1_gazebo/share/g1_gazebo/package.sh'
[6.981s] INFO:colcon.colcon_core.shell:Creating package script '/mnt/home/calex/g1_ros_ws/install/g1_gazebo/share/g1_gazebo/package.bash'
[6.982s] INFO:colcon.colcon_core.shell:Creating package script '/mnt/home/calex/g1_ros_ws/install/g1_gazebo/share/g1_gazebo/package.zsh'
[6.984s] Level 1:colcon.colcon_core.environment:create_file_with_runtime_dependencies(/mnt/home/calex/g1_ros_ws/install/g1_gazebo/share/colcon-core/packages/g1_gazebo)
[6.985s] Level 1:colcon.colcon_core.environment:create_environment_scripts_only(g1_gazebo)
[6.985s] Level 1:colcon.colcon_core.environment:checking '/mnt/home/calex/g1_ros_ws/install/g1_gazebo' for CMake module files
[6.986s] Level 1:colcon.colcon_core.environment:checking '/mnt/home/calex/g1_ros_ws/install/g1_gazebo' for CMake config files
[6.988s] Level 1:colcon.colcon_core.shell:create_environment_hook('g1_gazebo', 'cmake_prefix_path')
[6.988s] INFO:colcon.colcon_core.shell:Creating environment hook '/mnt/home/calex/g1_ros_ws/install/g1_gazebo/share/g1_gazebo/hook/cmake_prefix_path.ps1'
[7.004s] INFO:colcon.colcon_core.shell:Creating environment descriptor '/mnt/home/calex/g1_ros_ws/install/g1_gazebo/share/g1_gazebo/hook/cmake_prefix_path.dsv'
[7.006s] INFO:colcon.colcon_core.shell:Creating environment hook '/mnt/home/calex/g1_ros_ws/install/g1_gazebo/share/g1_gazebo/hook/cmake_prefix_path.sh'
[7.007s] Level 1:colcon.colcon_core.environment:checking '/mnt/home/calex/g1_ros_ws/install/g1_gazebo/lib'
[7.008s] Level 1:colcon.colcon_core.environment:checking '/mnt/home/calex/g1_ros_ws/install/g1_gazebo/bin'
[7.008s] Level 1:colcon.colcon_core.environment:checking '/mnt/home/calex/g1_ros_ws/install/g1_gazebo/lib/pkgconfig/g1_gazebo.pc'
[7.008s] Level 1:colcon.colcon_core.environment:checking '/mnt/home/calex/g1_ros_ws/install/g1_gazebo/lib/python3.8/site-packages'
[7.008s] Level 1:colcon.colcon_core.environment:checking '/mnt/home/calex/g1_ros_ws/install/g1_gazebo/bin'
[7.009s] INFO:colcon.colcon_core.shell:Creating package script '/mnt/home/calex/g1_ros_ws/install/g1_gazebo/share/g1_gazebo/package.ps1'
[7.010s] INFO:colcon.colcon_core.shell:Creating package descriptor '/mnt/home/calex/g1_ros_ws/install/g1_gazebo/share/g1_gazebo/package.dsv'
[7.012s] INFO:colcon.colcon_core.shell:Creating package script '/mnt/home/calex/g1_ros_ws/install/g1_gazebo/share/g1_gazebo/package.sh'
[7.013s] INFO:colcon.colcon_core.shell:Creating package script '/mnt/home/calex/g1_ros_ws/install/g1_gazebo/share/g1_gazebo/package.bash'
[7.014s] INFO:colcon.colcon_core.shell:Creating package script '/mnt/home/calex/g1_ros_ws/install/g1_gazebo/share/g1_gazebo/package.zsh'
[7.015s] Level 1:colcon.colcon_core.environment:create_file_with_runtime_dependencies(/mnt/home/calex/g1_ros_ws/install/g1_gazebo/share/colcon-core/packages/g1_gazebo)
[7.016s] DEBUG:colcon.colcon_parallel_executor.executor.parallel:closing loop
[7.017s] DEBUG:colcon.colcon_parallel_executor.executor.parallel:loop closed
[7.017s] DEBUG:colcon.colcon_parallel_executor.executor.parallel:run_until_complete finished with '0'
[7.017s] DEBUG:colcon.colcon_core.event_reactor:joining thread
[7.023s] INFO:colcon.colcon_core.plugin_system:Skipping extension 'colcon_notification.desktop_notification.terminal_notifier': Not used on non-Darwin systems
[7.023s] INFO:colcon.colcon_core.plugin_system:Skipping extension 'colcon_notification.desktop_notification.win32': Not used on non-Windows systems
[7.024s] INFO:colcon.colcon_notification.desktop_notification:Sending desktop notification using 'notify2'
[7.037s] DEBUG:colcon.colcon_core.event_reactor:joined thread
[7.037s] INFO:colcon.colcon_core.shell:Creating prefix script '/mnt/home/calex/g1_ros_ws/install/local_setup.ps1'
[7.039s] INFO:colcon.colcon_core.shell:Creating prefix util module '/mnt/home/calex/g1_ros_ws/install/_local_setup_util_ps1.py'
[7.041s] INFO:colcon.colcon_core.shell:Creating prefix chain script '/mnt/home/calex/g1_ros_ws/install/setup.ps1'
[7.043s] INFO:colcon.colcon_core.shell:Creating prefix script '/mnt/home/calex/g1_ros_ws/install/local_setup.sh'
[7.045s] INFO:colcon.colcon_core.shell:Creating prefix util module '/mnt/home/calex/g1_ros_ws/install/_local_setup_util_sh.py'
[7.046s] INFO:colcon.colcon_core.shell:Creating prefix chain script '/mnt/home/calex/g1_ros_ws/install/setup.sh'
[7.064s] INFO:colcon.colcon_core.shell:Creating prefix script '/mnt/home/calex/g1_ros_ws/install/local_setup.bash'
[7.066s] INFO:colcon.colcon_core.shell:Creating prefix chain script '/mnt/home/calex/g1_ros_ws/install/setup.bash'
[7.068s] INFO:colcon.colcon_core.shell:Creating prefix script '/mnt/home/calex/g1_ros_ws/install/local_setup.zsh'
[7.069s] INFO:colcon.colcon_core.shell:Creating prefix chain script '/mnt/home/calex/g1_ros_ws/install/setup.zsh'
