[0.013s] Invoking command in '/mnt/home/calex/g1_ros_ws/build/g1_gazebo': AMENT_PREFIX_PATH=/mnt/home/calex/g1_ros_ws/install/g1_description:${AMENT_PREFIX_PATH} CMAKE_PREFIX_PATH=/mnt/home/calex/g1_ros_ws/install/g1_description:/opt/ros/foxy /usr/bin/cmake --build /mnt/home/calex/g1_ros_ws/build/g1_gazebo -- -j20 -l20
[0.076s] CMake Deprecation Warning at CMakeLists.txt:1 (cmake_minimum_required):
[0.076s]   Compatibility with CMake < 3.10 will be removed from a future version of
[0.076s]   CMake.
[0.076s] 
[0.076s]   Update the VERSION argument <min> value.  Or, use the <min>...<max> syntax
[0.076s]   to tell CMake that the project requires at least <min> but has been updated
[0.076s]   to work with policies introduced by <max> or earlier.
[0.076s] 
[0.077s] 
[0.084s] -- Found ament_cmake: 0.9.12 (/opt/ros/foxy/share/ament_cmake/cmake)
[0.087s] CMake Warning (dev) at /opt/ros/foxy/share/ament_cmake_core/cmake/core/python.cmake:22 (find_package):
[0.087s]   Policy CMP0148 is not set: The FindPythonInterp and FindPythonLibs modules
[0.087s]   are removed.  Run "cmake --help-policy CMP0148" for policy details.  Use
[0.087s]   the cmake_policy command to set the policy and suppress this warning.
[0.087s] 
[0.087s] Call Stack (most recent call first):
[0.087s]   /opt/ros/foxy/share/ament_cmake_core/cmake/core/all.cmake:53 (include)
[0.087s]   /opt/ros/foxy/share/ament_cmake_core/cmake/ament_cmake_core-extras.cmake:17 (include)
[0.087s]   /opt/ros/foxy/share/ament_cmake_core/cmake/ament_cmake_coreConfig.cmake:41 (include)
[0.087s]   /opt/ros/foxy/share/ament_cmake/cmake/ament_cmake_export_dependencies-extras.cmake:15 (find_package)
[0.087s]   /opt/ros/foxy/share/ament_cmake/cmake/ament_cmakeConfig.cmake:41 (include)
[0.087s]   CMakeLists.txt:4 (find_package)
[0.087s] This warning is for project developers.  Use -Wno-dev to suppress it.
[0.088s] 
[0.104s] -- Using PYTHON_EXECUTABLE: /usr/bin/python3
[0.249s] -- Override CMake install command with custom implementation using symlinks instead of copying resources
[0.369s] -- Configuring done (0.3s)
[0.408s] -- Generating done (0.0s)
[0.420s] -- Build files have been written to: /mnt/home/calex/g1_ros_ws/build/g1_gazebo
[0.435s] Invoked command in '/mnt/home/calex/g1_ros_ws/build/g1_gazebo' returned '0': AMENT_PREFIX_PATH=/mnt/home/calex/g1_ros_ws/install/g1_description:${AMENT_PREFIX_PATH} CMAKE_PREFIX_PATH=/mnt/home/calex/g1_ros_ws/install/g1_description:/opt/ros/foxy /usr/bin/cmake --build /mnt/home/calex/g1_ros_ws/build/g1_gazebo -- -j20 -l20
[0.439s] Invoking command in '/mnt/home/calex/g1_ros_ws/build/g1_gazebo': AMENT_PREFIX_PATH=/mnt/home/calex/g1_ros_ws/install/g1_description:${AMENT_PREFIX_PATH} CMAKE_PREFIX_PATH=/mnt/home/calex/g1_ros_ws/install/g1_description:/opt/ros/foxy /usr/bin/cmake --install /mnt/home/calex/g1_ros_ws/build/g1_gazebo
[0.445s] -- Install configuration: ""
[0.447s] -- Execute custom install script
[0.450s] -- Up-to-date symlink: /mnt/home/calex/g1_ros_ws/install/g1_gazebo/share/g1_gazebo/launch/g1_gazebo.launch.py
[0.451s] -- Up-to-date symlink: /mnt/home/calex/g1_ros_ws/install/g1_gazebo/share/g1_gazebo/config/g1_controllers.yaml
[0.453s] -- Up-to-date symlink: /mnt/home/calex/g1_ros_ws/install/g1_gazebo/share/g1_gazebo/worlds/g1_world.world
[0.456s] -- Symlinking: /mnt/home/calex/g1_ros_ws/install/g1_gazebo/share/g1_gazebo/rviz/sim.rviz
[0.466s] -- Up-to-date symlink: /mnt/home/calex/g1_ros_ws/install/g1_gazebo/lib/g1_gazebo/pid_bridge.py
[0.475s] -- Symlinking: /mnt/home/calex/g1_ros_ws/install/g1_gazebo/lib/g1_gazebo/base_tf_broadcaster.py
[0.478s] -- Up-to-date symlink: /mnt/home/calex/g1_ros_ws/install/g1_gazebo/share/ament_index/resource_index/package_run_dependencies/g1_gazebo
[0.480s] -- Up-to-date symlink: /mnt/home/calex/g1_ros_ws/install/g1_gazebo/share/ament_index/resource_index/parent_prefix_path/g1_gazebo
[0.482s] -- Up-to-date symlink: /mnt/home/calex/g1_ros_ws/install/g1_gazebo/share/g1_gazebo/environment/ament_prefix_path.sh
[0.483s] -- Up-to-date symlink: /mnt/home/calex/g1_ros_ws/install/g1_gazebo/share/g1_gazebo/environment/ament_prefix_path.dsv
[0.485s] -- Up-to-date symlink: /mnt/home/calex/g1_ros_ws/install/g1_gazebo/share/g1_gazebo/environment/path.sh
[0.487s] -- Up-to-date symlink: /mnt/home/calex/g1_ros_ws/install/g1_gazebo/share/g1_gazebo/environment/path.dsv
[0.489s] -- Up-to-date symlink: /mnt/home/calex/g1_ros_ws/install/g1_gazebo/share/g1_gazebo/local_setup.bash
[0.490s] -- Up-to-date symlink: /mnt/home/calex/g1_ros_ws/install/g1_gazebo/share/g1_gazebo/local_setup.sh
[0.492s] -- Up-to-date symlink: /mnt/home/calex/g1_ros_ws/install/g1_gazebo/share/g1_gazebo/local_setup.zsh
[0.493s] -- Up-to-date symlink: /mnt/home/calex/g1_ros_ws/install/g1_gazebo/share/g1_gazebo/local_setup.dsv
[0.495s] -- Symlinking: /mnt/home/calex/g1_ros_ws/install/g1_gazebo/share/g1_gazebo/package.dsv
[0.556s] -- Up-to-date symlink: /mnt/home/calex/g1_ros_ws/install/g1_gazebo/share/ament_index/resource_index/packages/g1_gazebo
[0.557s] -- Up-to-date symlink: /mnt/home/calex/g1_ros_ws/install/g1_gazebo/share/g1_gazebo/cmake/g1_gazeboConfig.cmake
[0.558s] -- Up-to-date symlink: /mnt/home/calex/g1_ros_ws/install/g1_gazebo/share/g1_gazebo/cmake/g1_gazeboConfig-version.cmake
[0.558s] -- Up-to-date symlink: /mnt/home/calex/g1_ros_ws/install/g1_gazebo/share/g1_gazebo/package.xml
[0.562s] Invoked command in '/mnt/home/calex/g1_ros_ws/build/g1_gazebo' returned '0': AMENT_PREFIX_PATH=/mnt/home/calex/g1_ros_ws/install/g1_description:${AMENT_PREFIX_PATH} CMAKE_PREFIX_PATH=/mnt/home/calex/g1_ros_ws/install/g1_description:/opt/ros/foxy /usr/bin/cmake --install /mnt/home/calex/g1_ros_ws/build/g1_gazebo
