[0.394s] Invoking command in '/mnt/home/calex/g1_ros_ws/build/g1_description': CMAKE_PREFIX_PATH=/opt/ros/foxy /usr/bin/cmake --build /mnt/home/calex/g1_ros_ws/build/g1_description -- -j20 -l20
[1.778s] Invoked command in '/mnt/home/calex/g1_ros_ws/build/g1_description' returned '0': CMAKE_PREFIX_PATH=/opt/ros/foxy /usr/bin/cmake --build /mnt/home/calex/g1_ros_ws/build/g1_description -- -j20 -l20
[1.905s] Invoking command in '/mnt/home/calex/g1_ros_ws/build/g1_description': CMAKE_PREFIX_PATH=/opt/ros/foxy /usr/bin/cmake --install /mnt/home/calex/g1_ros_ws/build/g1_description
[1.935s] -- Install configuration: ""
[2.142s] -- Execute custom install script
[2.373s] -- Up-to-date symlink: /mnt/home/calex/g1_ros_ws/install/g1_description/share/g1_description/urdf/g1_tether.gazebo.xacro
[2.451s] -- Up-to-date symlink: /mnt/home/calex/g1_ros_ws/install/g1_description/share/g1_description/urdf/g1_tether.urdf
[2.458s] -- Up-to-date symlink: /mnt/home/calex/g1_ros_ws/install/g1_description/share/g1_description/urdf/g1_tether.urdf.xacro
[2.630s] -- Up-to-date symlink: /mnt/home/calex/g1_ros_ws/install/g1_description/share/g1_description/meshes/head_link.STL
[2.660s] -- Up-to-date symlink: /mnt/home/calex/g1_ros_ws/install/g1_description/share/g1_description/meshes/left_ankle_pitch_link.STL
[2.663s] -- Up-to-date symlink: /mnt/home/calex/g1_ros_ws/install/g1_description/share/g1_description/meshes/left_ankle_roll_link.STL
[2.695s] -- Up-to-date symlink: /mnt/home/calex/g1_ros_ws/install/g1_description/share/g1_description/meshes/left_elbow_link.STL
[2.731s] -- Up-to-date symlink: /mnt/home/calex/g1_ros_ws/install/g1_description/share/g1_description/meshes/left_hip_pitch_link.STL
[2.739s] -- Up-to-date symlink: /mnt/home/calex/g1_ros_ws/install/g1_description/share/g1_description/meshes/left_hip_roll_link.STL
[2.755s] -- Up-to-date symlink: /mnt/home/calex/g1_ros_ws/install/g1_description/share/g1_description/meshes/left_hip_yaw_link.STL
[3.167s] -- Up-to-date symlink: /mnt/home/calex/g1_ros_ws/install/g1_description/share/g1_description/meshes/left_knee_link.STL
[3.174s] -- Up-to-date symlink: /mnt/home/calex/g1_ros_ws/install/g1_description/share/g1_description/meshes/left_shoulder_pitch_link.STL
[3.180s] -- Up-to-date symlink: /mnt/home/calex/g1_ros_ws/install/g1_description/share/g1_description/meshes/left_shoulder_roll_link.STL
[3.189s] -- Up-to-date symlink: /mnt/home/calex/g1_ros_ws/install/g1_description/share/g1_description/meshes/left_shoulder_yaw_link.STL
[3.191s] -- Up-to-date symlink: /mnt/home/calex/g1_ros_ws/install/g1_description/share/g1_description/meshes/left_wrist_pitch_link.STL
[3.195s] -- Up-to-date symlink: /mnt/home/calex/g1_ros_ws/install/g1_description/share/g1_description/meshes/left_wrist_roll_link.STL
[3.233s] -- Up-to-date symlink: /mnt/home/calex/g1_ros_ws/install/g1_description/share/g1_description/meshes/left_wrist_yaw_link.STL
[3.271s] -- Up-to-date symlink: /mnt/home/calex/g1_ros_ws/install/g1_description/share/g1_description/meshes/pelvis.STL
[3.276s] -- Up-to-date symlink: /mnt/home/calex/g1_ros_ws/install/g1_description/share/g1_description/meshes/pelvis_contour_link.STL
[3.277s] -- Up-to-date symlink: /mnt/home/calex/g1_ros_ws/install/g1_description/share/g1_description/meshes/right_ankle_pitch_link.STL
[3.291s] -- Up-to-date symlink: /mnt/home/calex/g1_ros_ws/install/g1_description/share/g1_description/meshes/right_ankle_roll_link.STL
[3.329s] -- Up-to-date symlink: /mnt/home/calex/g1_ros_ws/install/g1_description/share/g1_description/meshes/right_base_link.STL
[3.351s] -- Up-to-date symlink: /mnt/home/calex/g1_ros_ws/install/g1_description/share/g1_description/meshes/right_elbow_link.STL
[3.352s] -- Up-to-date symlink: /mnt/home/calex/g1_ros_ws/install/g1_description/share/g1_description/meshes/right_hip_pitch_link.STL
[3.353s] -- Up-to-date symlink: /mnt/home/calex/g1_ros_ws/install/g1_description/share/g1_description/meshes/right_hip_roll_link.STL
[3.355s] -- Up-to-date symlink: /mnt/home/calex/g1_ros_ws/install/g1_description/share/g1_description/meshes/right_hip_yaw_link.STL
[3.358s] -- Up-to-date symlink: /mnt/home/calex/g1_ros_ws/install/g1_description/share/g1_description/meshes/right_index_distal_link.STL
[3.365s] -- Up-to-date symlink: /mnt/home/calex/g1_ros_ws/install/g1_description/share/g1_description/meshes/right_index_f_link.STL
[3.366s] -- Up-to-date symlink: /mnt/home/calex/g1_ros_ws/install/g1_description/share/g1_description/meshes/right_index_middle_link.STL
[3.368s] -- Up-to-date symlink: /mnt/home/calex/g1_ros_ws/install/g1_description/share/g1_description/meshes/right_index_proximal_link.STL
[3.369s] -- Up-to-date symlink: /mnt/home/calex/g1_ros_ws/install/g1_description/share/g1_description/meshes/right_index_tip_link.STL
[3.379s] -- Up-to-date symlink: /mnt/home/calex/g1_ros_ws/install/g1_description/share/g1_description/meshes/right_knee_link.STL
[3.383s] -- Up-to-date symlink: /mnt/home/calex/g1_ros_ws/install/g1_description/share/g1_description/meshes/right_middle_distal_link.STL
[3.421s] -- Up-to-date symlink: /mnt/home/calex/g1_ros_ws/install/g1_description/share/g1_description/meshes/right_middle_f_link.STL
[3.478s] -- Up-to-date symlink: /mnt/home/calex/g1_ros_ws/install/g1_description/share/g1_description/meshes/right_middle_middle_link.STL
[3.511s] -- Up-to-date symlink: /mnt/home/calex/g1_ros_ws/install/g1_description/share/g1_description/meshes/right_middle_proximal_link.STL
[3.512s] -- Up-to-date symlink: /mnt/home/calex/g1_ros_ws/install/g1_description/share/g1_description/meshes/right_middle_tip_link.STL
[3.514s] -- Up-to-date symlink: /mnt/home/calex/g1_ros_ws/install/g1_description/share/g1_description/meshes/right_pinky_distal_link.STL
[3.515s] -- Up-to-date symlink: /mnt/home/calex/g1_ros_ws/install/g1_description/share/g1_description/meshes/right_pinky_f_link.STL
[3.517s] -- Up-to-date symlink: /mnt/home/calex/g1_ros_ws/install/g1_description/share/g1_description/meshes/right_pinky_middle_link.STL
[3.524s] -- Up-to-date symlink: /mnt/home/calex/g1_ros_ws/install/g1_description/share/g1_description/meshes/right_pinky_proximal_link.STL
[3.549s] -- Up-to-date symlink: /mnt/home/calex/g1_ros_ws/install/g1_description/share/g1_description/meshes/right_pinky_tip_link.STL
[3.551s] -- Up-to-date symlink: /mnt/home/calex/g1_ros_ws/install/g1_description/share/g1_description/meshes/right_ring_distal_link.STL
[3.608s] -- Up-to-date symlink: /mnt/home/calex/g1_ros_ws/install/g1_description/share/g1_description/meshes/right_ring_f_link.STL
[3.616s] -- Up-to-date symlink: /mnt/home/calex/g1_ros_ws/install/g1_description/share/g1_description/meshes/right_ring_middle_link.STL
[3.632s] -- Up-to-date symlink: /mnt/home/calex/g1_ros_ws/install/g1_description/share/g1_description/meshes/right_ring_proximal_link.STL
[3.642s] -- Up-to-date symlink: /mnt/home/calex/g1_ros_ws/install/g1_description/share/g1_description/meshes/right_ring_tip_link.STL
[3.652s] -- Up-to-date symlink: /mnt/home/calex/g1_ros_ws/install/g1_description/share/g1_description/meshes/right_shoulder_pitch_link.STL
[3.658s] -- Up-to-date symlink: /mnt/home/calex/g1_ros_ws/install/g1_description/share/g1_description/meshes/right_shoulder_roll_link.STL
[3.683s] -- Up-to-date symlink: /mnt/home/calex/g1_ros_ws/install/g1_description/share/g1_description/meshes/right_shoulder_yaw_link.STL
[3.685s] -- Up-to-date symlink: /mnt/home/calex/g1_ros_ws/install/g1_description/share/g1_description/meshes/right_t_link.STL
[3.691s] -- Up-to-date symlink: /mnt/home/calex/g1_ros_ws/install/g1_description/share/g1_description/meshes/right_thumb_distal_link.STL
[3.726s] -- Up-to-date symlink: /mnt/home/calex/g1_ros_ws/install/g1_description/share/g1_description/meshes/right_thumb_mcp_link.STL
[3.731s] -- Up-to-date symlink: /mnt/home/calex/g1_ros_ws/install/g1_description/share/g1_description/meshes/right_thumb_proximal_link.STL
[3.764s] -- Up-to-date symlink: /mnt/home/calex/g1_ros_ws/install/g1_description/share/g1_description/meshes/right_thumb_tip_link.STL
[3.773s] -- Up-to-date symlink: /mnt/home/calex/g1_ros_ws/install/g1_description/share/g1_description/meshes/right_wrist_pitch_link.STL
[3.822s] -- Up-to-date symlink: /mnt/home/calex/g1_ros_ws/install/g1_description/share/g1_description/meshes/right_wrist_roll_link.STL
[3.855s] -- Up-to-date symlink: /mnt/home/calex/g1_ros_ws/install/g1_description/share/g1_description/meshes/right_wrist_yaw_link.STL
[3.872s] -- Up-to-date symlink: /mnt/home/calex/g1_ros_ws/install/g1_description/share/g1_description/meshes/torso_link_rev_1_0.STL
[3.873s] -- Up-to-date symlink: /mnt/home/calex/g1_ros_ws/install/g1_description/share/g1_description/meshes/twist2_neck.obj
[3.874s] -- Up-to-date symlink: /mnt/home/calex/g1_ros_ws/install/g1_description/share/g1_description/meshes/waist_roll_link_rev_1_0.STL
[3.881s] -- Up-to-date symlink: /mnt/home/calex/g1_ros_ws/install/g1_description/share/g1_description/meshes/waist_yaw_link_rev_1_0.STL
[3.958s] -- Up-to-date symlink: /mnt/home/calex/g1_ros_ws/install/g1_description/share/g1_description/launch/display.launch.py
[3.960s] -- Up-to-date symlink: /mnt/home/calex/g1_ros_ws/install/g1_description/share/g1_description/scripts/mjcf_to_urdf.py
[3.963s] -- Up-to-date symlink: /mnt/home/calex/g1_ros_ws/install/g1_description/share/g1_description/rviz/display.rviz
[3.968s] -- Up-to-date symlink: /mnt/home/calex/g1_ros_ws/install/g1_description/share/ament_index/resource_index/package_run_dependencies/g1_description
[3.969s] -- Up-to-date symlink: /mnt/home/calex/g1_ros_ws/install/g1_description/share/ament_index/resource_index/parent_prefix_path/g1_description
[3.971s] -- Up-to-date symlink: /mnt/home/calex/g1_ros_ws/install/g1_description/share/g1_description/environment/ament_prefix_path.sh
[3.983s] -- Up-to-date symlink: /mnt/home/calex/g1_ros_ws/install/g1_description/share/g1_description/environment/ament_prefix_path.dsv
[4.005s] -- Up-to-date symlink: /mnt/home/calex/g1_ros_ws/install/g1_description/share/g1_description/environment/path.sh
[4.035s] -- Up-to-date symlink: /mnt/home/calex/g1_ros_ws/install/g1_description/share/g1_description/environment/path.dsv
[4.048s] -- Up-to-date symlink: /mnt/home/calex/g1_ros_ws/install/g1_description/share/g1_description/local_setup.bash
[4.049s] -- Up-to-date symlink: /mnt/home/calex/g1_ros_ws/install/g1_description/share/g1_description/local_setup.sh
[4.050s] -- Up-to-date symlink: /mnt/home/calex/g1_ros_ws/install/g1_description/share/g1_description/local_setup.zsh
[4.050s] -- Up-to-date symlink: /mnt/home/calex/g1_ros_ws/install/g1_description/share/g1_description/local_setup.dsv
[4.051s] -- Symlinking: /mnt/home/calex/g1_ros_ws/install/g1_description/share/g1_description/package.dsv
[4.104s] -- Up-to-date symlink: /mnt/home/calex/g1_ros_ws/install/g1_description/share/ament_index/resource_index/packages/g1_description
[4.141s] -- Up-to-date symlink: /mnt/home/calex/g1_ros_ws/install/g1_description/share/g1_description/cmake/g1_descriptionConfig.cmake
[4.156s] -- Up-to-date symlink: /mnt/home/calex/g1_ros_ws/install/g1_description/share/g1_description/cmake/g1_descriptionConfig-version.cmake
[4.162s] -- Up-to-date symlink: /mnt/home/calex/g1_ros_ws/install/g1_description/share/g1_description/package.xml
[4.164s] Invoked command in '/mnt/home/calex/g1_ros_ws/build/g1_description' returned '0': CMAKE_PREFIX_PATH=/opt/ros/foxy /usr/bin/cmake --install /mnt/home/calex/g1_ros_ws/build/g1_description
