[1.455s] Invoking command in '/mnt/home/calex/g1_ros_ws/build/g1_state_bridge': PYTHONPATH=/mnt/home/calex/g1_ros_ws/build/g1_state_bridge/prefix_override:/usr/lib/python3/dist-packages/colcon_core/task/python/colcon_distutils_commands:/mnt/home/calex/g1_ros_ws/install/g1_state_bridge/lib/python3.8/site-packages:${PYTHONPATH} /usr/bin/python3 -W ignore:setup.py install is deprecated -W ignore:easy_install command is deprecated setup.py develop --editable --build-directory /mnt/home/calex/g1_ros_ws/build/g1_state_bridge/build --no-deps symlink_data --force
[1.621s] running develop
[1.698s] running egg_info
[1.699s] writing g1_state_bridge.egg-info/PKG-INFO
[1.700s] writing dependency_links to g1_state_bridge.egg-info/dependency_links.txt
[1.701s] writing entry points to g1_state_bridge.egg-info/entry_points.txt
[1.702s] writing requirements to g1_state_bridge.egg-info/requires.txt
[1.715s] writing top-level names to g1_state_bridge.egg-info/top_level.txt
[1.742s] reading manifest file 'g1_state_bridge.egg-info/SOURCES.txt'
[1.746s] writing manifest file 'g1_state_bridge.egg-info/SOURCES.txt'
[1.803s] running build_ext
[1.805s] Creating /mnt/home/calex/g1_ros_ws/install/g1_state_bridge/lib/python3.8/site-packages/site.py
[1.814s] Creating /mnt/home/calex/g1_ros_ws/install/g1_state_bridge/lib/python3.8/site-packages/g1-state-bridge.egg-link (link to .)
[1.815s] Installing state_bridge_node script to /mnt/home/calex/g1_ros_ws/install/g1_state_bridge/lib/g1_state_bridge
[1.823s] 
[1.823s] Installed /mnt/home/calex/g1_ros_ws/build/g1_state_bridge
[1.823s] running symlink_data
[1.824s] symbolically linking /mnt/home/calex/g1_ros_ws/build/g1_state_bridge/resource/g1_state_bridge -> /mnt/home/calex/g1_ros_ws/install/g1_state_bridge/share/ament_index/resource_index/packages
[1.824s] symbolically linking /mnt/home/calex/g1_ros_ws/build/g1_state_bridge/package.xml -> /mnt/home/calex/g1_ros_ws/install/g1_state_bridge/share/g1_state_bridge
[1.825s] symbolically linking /mnt/home/calex/g1_ros_ws/build/g1_state_bridge/launch/real_state.launch.py -> /mnt/home/calex/g1_ros_ws/install/g1_state_bridge/share/g1_state_bridge/launch
[1.838s] Invoked command in '/mnt/home/calex/g1_ros_ws/build/g1_state_bridge' returned '0': PYTHONPATH=/mnt/home/calex/g1_ros_ws/build/g1_state_bridge/prefix_override:/usr/lib/python3/dist-packages/colcon_core/task/python/colcon_distutils_commands:/mnt/home/calex/g1_ros_ws/install/g1_state_bridge/lib/python3.8/site-packages:${PYTHONPATH} /usr/bin/python3 -W ignore:setup.py install is deprecated -W ignore:easy_install command is deprecated setup.py develop --editable --build-directory /mnt/home/calex/g1_ros_ws/build/g1_state_bridge/build --no-deps symlink_data --force
