[0.052s] Invoking command in '/mnt/home/calex/g1_ros_ws/build/g1_description': CMAKE_PREFIX_PATH=/opt/ros/foxy /usr/bin/cmake --build /mnt/home/calex/g1_ros_ws/build/g1_description -- -j20 -l20
[0.070s] Invoked command in '/mnt/home/calex/g1_ros_ws/build/g1_description' returned '0': CMAKE_PREFIX_PATH=/opt/ros/foxy /usr/bin/cmake --build /mnt/home/calex/g1_ros_ws/build/g1_description -- -j20 -l20
[0.077s] Invoking command in '/mnt/home/calex/g1_ros_ws/build/g1_description': CMAKE_PREFIX_PATH=/opt/ros/foxy /usr/bin/cmake --install /mnt/home/calex/g1_ros_ws/build/g1_description
[0.093s] -- Install configuration: ""
[0.095s] -- Execute custom install script
[0.098s] -- Up-to-date symlink: /mnt/home/calex/g1_ros_ws/install/g1_description/share/g1_description/urdf/g1_tether.gazebo.xacro
[0.100s] -- Up-to-date symlink: /mnt/home/calex/g1_ros_ws/install/g1_description/share/g1_description/urdf/g1_tether.urdf
[0.102s] -- Up-to-date symlink: /mnt/home/calex/g1_ros_ws/install/g1_description/share/g1_description/urdf/g1_tether.urdf.xacro
[0.104s] -- Up-to-date symlink: /mnt/home/calex/g1_ros_ws/install/g1_description/share/g1_description/meshes/head_link.STL
[0.106s] -- Up-to-date symlink: /mnt/home/calex/g1_ros_ws/install/g1_description/share/g1_description/meshes/left_ankle_pitch_link.STL
[0.108s] -- Up-to-date symlink: /mnt/home/calex/g1_ros_ws/install/g1_description/share/g1_description/meshes/left_ankle_roll_link.STL
[0.110s] -- Up-to-date symlink: /mnt/home/calex/g1_ros_ws/install/g1_description/share/g1_description/meshes/left_elbow_link.STL
[0.113s] -- Up-to-date symlink: /mnt/home/calex/g1_ros_ws/install/g1_description/share/g1_description/meshes/left_hip_pitch_link.STL
[0.114s] -- Up-to-date symlink: /mnt/home/calex/g1_ros_ws/install/g1_description/share/g1_description/meshes/left_hip_roll_link.STL
[0.116s] -- Up-to-date symlink: /mnt/home/calex/g1_ros_ws/install/g1_description/share/g1_description/meshes/left_hip_yaw_link.STL
[0.119s] -- Up-to-date symlink: /mnt/home/calex/g1_ros_ws/install/g1_description/share/g1_description/meshes/left_knee_link.STL
[0.120s] -- Up-to-date symlink: /mnt/home/calex/g1_ros_ws/install/g1_description/share/g1_description/meshes/left_shoulder_pitch_link.STL
[0.121s] -- Up-to-date symlink: /mnt/home/calex/g1_ros_ws/install/g1_description/share/g1_description/meshes/left_shoulder_roll_link.STL
[0.122s] -- Up-to-date symlink: /mnt/home/calex/g1_ros_ws/install/g1_description/share/g1_description/meshes/left_shoulder_yaw_link.STL
[0.123s] -- Up-to-date symlink: /mnt/home/calex/g1_ros_ws/install/g1_description/share/g1_description/meshes/left_wrist_pitch_link.STL
[0.123s] -- Up-to-date symlink: /mnt/home/calex/g1_ros_ws/install/g1_description/share/g1_description/meshes/left_wrist_roll_link.STL
[0.124s] -- Up-to-date symlink: /mnt/home/calex/g1_ros_ws/install/g1_description/share/g1_description/meshes/left_wrist_yaw_link.STL
[0.125s] -- Up-to-date symlink: /mnt/home/calex/g1_ros_ws/install/g1_description/share/g1_description/meshes/pelvis.STL
[0.126s] -- Up-to-date symlink: /mnt/home/calex/g1_ros_ws/install/g1_description/share/g1_description/meshes/pelvis_contour_link.STL
[0.127s] -- Up-to-date symlink: /mnt/home/calex/g1_ros_ws/install/g1_description/share/g1_description/meshes/right_ankle_pitch_link.STL
[0.128s] -- Up-to-date symlink: /mnt/home/calex/g1_ros_ws/install/g1_description/share/g1_description/meshes/right_ankle_roll_link.STL
[0.129s] -- Up-to-date symlink: /mnt/home/calex/g1_ros_ws/install/g1_description/share/g1_description/meshes/right_base_link.STL
[0.130s] -- Up-to-date symlink: /mnt/home/calex/g1_ros_ws/install/g1_description/share/g1_description/meshes/right_elbow_link.STL
[0.131s] -- Up-to-date symlink: /mnt/home/calex/g1_ros_ws/install/g1_description/share/g1_description/meshes/right_hip_pitch_link.STL
[0.133s] -- Up-to-date symlink: /mnt/home/calex/g1_ros_ws/install/g1_description/share/g1_description/meshes/right_hip_roll_link.STL
[0.134s] -- Up-to-date symlink: /mnt/home/calex/g1_ros_ws/install/g1_description/share/g1_description/meshes/right_hip_yaw_link.STL
[0.137s] -- Up-to-date symlink: /mnt/home/calex/g1_ros_ws/install/g1_description/share/g1_description/meshes/right_index_distal_link.STL
[0.138s] -- Up-to-date symlink: /mnt/home/calex/g1_ros_ws/install/g1_description/share/g1_description/meshes/right_index_f_link.STL
[0.141s] -- Up-to-date symlink: /mnt/home/calex/g1_ros_ws/install/g1_description/share/g1_description/meshes/right_index_middle_link.STL
[0.144s] -- Up-to-date symlink: /mnt/home/calex/g1_ros_ws/install/g1_description/share/g1_description/meshes/right_index_proximal_link.STL
[0.146s] -- Up-to-date symlink: /mnt/home/calex/g1_ros_ws/install/g1_description/share/g1_description/meshes/right_index_tip_link.STL
[0.149s] -- Up-to-date symlink: /mnt/home/calex/g1_ros_ws/install/g1_description/share/g1_description/meshes/right_knee_link.STL
[0.152s] -- Up-to-date symlink: /mnt/home/calex/g1_ros_ws/install/g1_description/share/g1_description/meshes/right_middle_distal_link.STL
[0.154s] -- Up-to-date symlink: /mnt/home/calex/g1_ros_ws/install/g1_description/share/g1_description/meshes/right_middle_f_link.STL
[0.156s] -- Up-to-date symlink: /mnt/home/calex/g1_ros_ws/install/g1_description/share/g1_description/meshes/right_middle_middle_link.STL
[0.157s] -- Up-to-date symlink: /mnt/home/calex/g1_ros_ws/install/g1_description/share/g1_description/meshes/right_middle_proximal_link.STL
[0.158s] -- Up-to-date symlink: /mnt/home/calex/g1_ros_ws/install/g1_description/share/g1_description/meshes/right_middle_tip_link.STL
[0.159s] -- Up-to-date symlink: /mnt/home/calex/g1_ros_ws/install/g1_description/share/g1_description/meshes/right_pinky_distal_link.STL
[0.160s] -- Up-to-date symlink: /mnt/home/calex/g1_ros_ws/install/g1_description/share/g1_description/meshes/right_pinky_f_link.STL
[0.161s] -- Up-to-date symlink: /mnt/home/calex/g1_ros_ws/install/g1_description/share/g1_description/meshes/right_pinky_middle_link.STL
[0.162s] -- Up-to-date symlink: /mnt/home/calex/g1_ros_ws/install/g1_description/share/g1_description/meshes/right_pinky_proximal_link.STL
[0.163s] -- Up-to-date symlink: /mnt/home/calex/g1_ros_ws/install/g1_description/share/g1_description/meshes/right_pinky_tip_link.STL
[0.165s] -- Up-to-date symlink: /mnt/home/calex/g1_ros_ws/install/g1_description/share/g1_description/meshes/right_ring_distal_link.STL
[0.166s] -- Up-to-date symlink: /mnt/home/calex/g1_ros_ws/install/g1_description/share/g1_description/meshes/right_ring_f_link.STL
[0.167s] -- Up-to-date symlink: /mnt/home/calex/g1_ros_ws/install/g1_description/share/g1_description/meshes/right_ring_middle_link.STL
[0.169s] -- Up-to-date symlink: /mnt/home/calex/g1_ros_ws/install/g1_description/share/g1_description/meshes/right_ring_proximal_link.STL
[0.171s] -- Up-to-date symlink: /mnt/home/calex/g1_ros_ws/install/g1_description/share/g1_description/meshes/right_ring_tip_link.STL
[0.172s] -- Up-to-date symlink: /mnt/home/calex/g1_ros_ws/install/g1_description/share/g1_description/meshes/right_shoulder_pitch_link.STL
[0.174s] -- Up-to-date symlink: /mnt/home/calex/g1_ros_ws/install/g1_description/share/g1_description/meshes/right_shoulder_roll_link.STL
[0.176s] -- Up-to-date symlink: /mnt/home/calex/g1_ros_ws/install/g1_description/share/g1_description/meshes/right_shoulder_yaw_link.STL
[0.178s] -- Up-to-date symlink: /mnt/home/calex/g1_ros_ws/install/g1_description/share/g1_description/meshes/right_t_link.STL
[0.180s] -- Up-to-date symlink: /mnt/home/calex/g1_ros_ws/install/g1_description/share/g1_description/meshes/right_thumb_distal_link.STL
[0.182s] -- Up-to-date symlink: /mnt/home/calex/g1_ros_ws/install/g1_description/share/g1_description/meshes/right_thumb_mcp_link.STL
[0.183s] -- Up-to-date symlink: /mnt/home/calex/g1_ros_ws/install/g1_description/share/g1_description/meshes/right_thumb_proximal_link.STL
[0.185s] -- Up-to-date symlink: /mnt/home/calex/g1_ros_ws/install/g1_description/share/g1_description/meshes/right_thumb_tip_link.STL
[0.186s] -- Up-to-date symlink: /mnt/home/calex/g1_ros_ws/install/g1_description/share/g1_description/meshes/right_wrist_pitch_link.STL
[0.188s] -- Up-to-date symlink: /mnt/home/calex/g1_ros_ws/install/g1_description/share/g1_description/meshes/right_wrist_roll_link.STL
[0.189s] -- Up-to-date symlink: /mnt/home/calex/g1_ros_ws/install/g1_description/share/g1_description/meshes/right_wrist_yaw_link.STL
[0.190s] -- Up-to-date symlink: /mnt/home/calex/g1_ros_ws/install/g1_description/share/g1_description/meshes/torso_link_rev_1_0.STL
[0.190s] -- Up-to-date symlink: /mnt/home/calex/g1_ros_ws/install/g1_description/share/g1_description/meshes/twist2_neck.obj
[0.191s] -- Up-to-date symlink: /mnt/home/calex/g1_ros_ws/install/g1_description/share/g1_description/meshes/waist_roll_link_rev_1_0.STL
[0.192s] -- Up-to-date symlink: /mnt/home/calex/g1_ros_ws/install/g1_description/share/g1_description/meshes/waist_yaw_link_rev_1_0.STL
[0.193s] -- Up-to-date symlink: /mnt/home/calex/g1_ros_ws/install/g1_description/share/g1_description/launch/display.launch.py
[0.195s] -- Up-to-date symlink: /mnt/home/calex/g1_ros_ws/install/g1_description/share/g1_description/scripts/mjcf_to_urdf.py
[0.196s] -- Up-to-date symlink: /mnt/home/calex/g1_ros_ws/install/g1_description/share/g1_description/rviz/display.rviz
[0.198s] -- Up-to-date symlink: /mnt/home/calex/g1_ros_ws/install/g1_description/share/ament_index/resource_index/package_run_dependencies/g1_description
[0.200s] -- Up-to-date symlink: /mnt/home/calex/g1_ros_ws/install/g1_description/share/ament_index/resource_index/parent_prefix_path/g1_description
[0.201s] -- Up-to-date symlink: /mnt/home/calex/g1_ros_ws/install/g1_description/share/g1_description/environment/ament_prefix_path.sh
[0.204s] -- Up-to-date symlink: /mnt/home/calex/g1_ros_ws/install/g1_description/share/g1_description/environment/ament_prefix_path.dsv
[0.205s] -- Up-to-date symlink: /mnt/home/calex/g1_ros_ws/install/g1_description/share/g1_description/environment/path.sh
[0.208s] -- Up-to-date symlink: /mnt/home/calex/g1_ros_ws/install/g1_description/share/g1_description/environment/path.dsv
[0.210s] -- Up-to-date symlink: /mnt/home/calex/g1_ros_ws/install/g1_description/share/g1_description/local_setup.bash
[0.212s] -- Up-to-date symlink: /mnt/home/calex/g1_ros_ws/install/g1_description/share/g1_description/local_setup.sh
[0.214s] -- Up-to-date symlink: /mnt/home/calex/g1_ros_ws/install/g1_description/share/g1_description/local_setup.zsh
[0.216s] -- Up-to-date symlink: /mnt/home/calex/g1_ros_ws/install/g1_description/share/g1_description/local_setup.dsv
[0.217s] -- Symlinking: /mnt/home/calex/g1_ros_ws/install/g1_description/share/g1_description/package.dsv
[0.225s] -- Up-to-date symlink: /mnt/home/calex/g1_ros_ws/install/g1_description/share/ament_index/resource_index/packages/g1_description
[0.227s] -- Up-to-date symlink: /mnt/home/calex/g1_ros_ws/install/g1_description/share/g1_description/cmake/g1_descriptionConfig.cmake
[0.227s] -- Up-to-date symlink: /mnt/home/calex/g1_ros_ws/install/g1_description/share/g1_description/cmake/g1_descriptionConfig-version.cmake
[0.229s] -- Up-to-date symlink: /mnt/home/calex/g1_ros_ws/install/g1_description/share/g1_description/package.xml
[0.230s] Invoked command in '/mnt/home/calex/g1_ros_ws/build/g1_description' returned '0': CMAKE_PREFIX_PATH=/opt/ros/foxy /usr/bin/cmake --install /mnt/home/calex/g1_ros_ws/build/g1_description
