[0.020s] Invoking command in '/mnt/home/calex/g1_ros_ws/build/g1_gazebo': AMENT_PREFIX_PATH=/mnt/home/calex/g1_ros_ws/install/g1_description:${AMENT_PREFIX_PATH} CMAKE_PREFIX_PATH=/mnt/home/calex/g1_ros_ws/install/g1_description:/opt/ros/foxy /usr/bin/cmake --build /mnt/home/calex/g1_ros_ws/build/g1_gazebo -- -j20 -l20
[0.062s] CMake Deprecation Warning at CMakeLists.txt:1 (cmake_minimum_required):
[0.063s]   Compatibility with CMake < 3.10 will be removed from a future version of
[0.063s]   CMake.
[0.063s] 
[0.063s]   Update the VERSION argument <min> value.  Or, use the <min>...<max> syntax
[0.063s]   to tell CMake that the project requires at least <min> but has been updated
[0.063s]   to work with policies introduced by <max> or earlier.
[0.063s] 
[0.064s] 
[0.069s] -- Found ament_cmake: 0.9.12 (/opt/ros/foxy/share/ament_cmake/cmake)
[0.071s] CMake Warning (dev) at /opt/ros/foxy/share/ament_cmake_core/cmake/core/python.cmake:22 (find_package):
[0.072s]   Policy CMP0148 is not set: The FindPythonInterp and FindPythonLibs modules
[0.072s]   are removed.  Run "cmake --help-policy CMP0148" for policy details.  Use
[0.072s]   the cmake_policy command to set the policy and suppress this warning.
[0.072s] 
[0.072s] Call Stack (most recent call first):
[0.072s]   /opt/ros/foxy/share/ament_cmake_core/cmake/core/all.cmake:53 (include)
[0.072s]   /opt/ros/foxy/share/ament_cmake_core/cmake/ament_cmake_core-extras.cmake:17 (include)
[0.072s]   /opt/ros/foxy/share/ament_cmake_core/cmake/ament_cmake_coreConfig.cmake:41 (include)
[0.072s]   /opt/ros/foxy/share/ament_cmake/cmake/ament_cmake_export_dependencies-extras.cmake:15 (find_package)
[0.072s]   /opt/ros/foxy/share/ament_cmake/cmake/ament_cmakeConfig.cmake:41 (include)
[0.072s]   CMakeLists.txt:4 (find_package)
[0.072s] This warning is for project developers.  Use -Wno-dev to suppress it.
[0.072s] 
[0.086s] -- Using PYTHON_EXECUTABLE: /usr/bin/python3
[0.206s] -- Override CMake install command with custom implementation using symlinks instead of copying resources
[0.349s] -- Configuring done (0.3s)
[0.384s] -- Generating done (0.0s)
[0.395s] -- Build files have been written to: /mnt/home/calex/g1_ros_ws/build/g1_gazebo
[0.415s] Invoked command in '/mnt/home/calex/g1_ros_ws/build/g1_gazebo' returned '0': AMENT_PREFIX_PATH=/mnt/home/calex/g1_ros_ws/install/g1_description:${AMENT_PREFIX_PATH} CMAKE_PREFIX_PATH=/mnt/home/calex/g1_ros_ws/install/g1_description:/opt/ros/foxy /usr/bin/cmake --build /mnt/home/calex/g1_ros_ws/build/g1_gazebo -- -j20 -l20
[0.427s] Invoking command in '/mnt/home/calex/g1_ros_ws/build/g1_gazebo': AMENT_PREFIX_PATH=/mnt/home/calex/g1_ros_ws/install/g1_description:${AMENT_PREFIX_PATH} CMAKE_PREFIX_PATH=/mnt/home/calex/g1_ros_ws/install/g1_description:/opt/ros/foxy /usr/bin/cmake --install /mnt/home/calex/g1_ros_ws/build/g1_gazebo
[0.436s] -- Install configuration: ""
[0.438s] -- Execute custom install script
[0.440s] -- Up-to-date symlink: /mnt/home/calex/g1_ros_ws/install/g1_gazebo/share/g1_gazebo/launch/g1_gazebo.launch.py
[0.442s] -- Up-to-date symlink: /mnt/home/calex/g1_ros_ws/install/g1_gazebo/share/g1_gazebo/config/g1_controllers.yaml
[0.443s] -- Up-to-date symlink: /mnt/home/calex/g1_ros_ws/install/g1_gazebo/share/g1_gazebo/worlds/g1_world.world
[0.444s] -- Up-to-date symlink: /mnt/home/calex/g1_ros_ws/install/g1_gazebo/lib/g1_gazebo/pid_bridge.py
[0.446s] -- Up-to-date symlink: /mnt/home/calex/g1_ros_ws/install/g1_gazebo/share/ament_index/resource_index/package_run_dependencies/g1_gazebo
[0.447s] -- Up-to-date symlink: /mnt/home/calex/g1_ros_ws/install/g1_gazebo/share/ament_index/resource_index/parent_prefix_path/g1_gazebo
[0.448s] -- Up-to-date symlink: /mnt/home/calex/g1_ros_ws/install/g1_gazebo/share/g1_gazebo/environment/ament_prefix_path.sh
[0.449s] -- Up-to-date symlink: /mnt/home/calex/g1_ros_ws/install/g1_gazebo/share/g1_gazebo/environment/ament_prefix_path.dsv
[0.450s] -- Up-to-date symlink: /mnt/home/calex/g1_ros_ws/install/g1_gazebo/share/g1_gazebo/environment/path.sh
[0.451s] -- Up-to-date symlink: /mnt/home/calex/g1_ros_ws/install/g1_gazebo/share/g1_gazebo/environment/path.dsv
[0.452s] -- Up-to-date symlink: /mnt/home/calex/g1_ros_ws/install/g1_gazebo/share/g1_gazebo/local_setup.bash
[0.453s] -- Up-to-date symlink: /mnt/home/calex/g1_ros_ws/install/g1_gazebo/share/g1_gazebo/local_setup.sh
[0.453s] -- Up-to-date symlink: /mnt/home/calex/g1_ros_ws/install/g1_gazebo/share/g1_gazebo/local_setup.zsh
[0.454s] -- Up-to-date symlink: /mnt/home/calex/g1_ros_ws/install/g1_gazebo/share/g1_gazebo/local_setup.dsv
[0.455s] -- Symlinking: /mnt/home/calex/g1_ros_ws/install/g1_gazebo/share/g1_gazebo/package.dsv
[0.463s] -- Up-to-date symlink: /mnt/home/calex/g1_ros_ws/install/g1_gazebo/share/ament_index/resource_index/packages/g1_gazebo
[0.464s] -- Up-to-date symlink: /mnt/home/calex/g1_ros_ws/install/g1_gazebo/share/g1_gazebo/cmake/g1_gazeboConfig.cmake
[0.465s] -- Up-to-date symlink: /mnt/home/calex/g1_ros_ws/install/g1_gazebo/share/g1_gazebo/cmake/g1_gazeboConfig-version.cmake
[0.466s] -- Up-to-date symlink: /mnt/home/calex/g1_ros_ws/install/g1_gazebo/share/g1_gazebo/package.xml
[0.468s] Invoked command in '/mnt/home/calex/g1_ros_ws/build/g1_gazebo' returned '0': AMENT_PREFIX_PATH=/mnt/home/calex/g1_ros_ws/install/g1_description:${AMENT_PREFIX_PATH} CMAKE_PREFIX_PATH=/mnt/home/calex/g1_ros_ws/install/g1_description:/opt/ros/foxy /usr/bin/cmake --install /mnt/home/calex/g1_ros_ws/build/g1_gazebo
