[0.547s] Invoking command in '/mnt/home/calex/g1_ros_ws/build/g1_state_bridge': AMENT_PREFIX_PATH=/mnt/home/calex/g1_ros_ws/install/g1_zed_bridge:${AMENT_PREFIX_PATH} PYTHONPATH=/mnt/home/calex/g1_ros_ws/build/g1_state_bridge/prefix_override:/usr/lib/python3/dist-packages/colcon_core/task/python/colcon_distutils_commands:/mnt/home/calex/g1_ros_ws/install/g1_state_bridge/lib/python3.8/site-packages:/mnt/home/calex/g1_ros_ws/build/g1_zed_bridge:/mnt/home/calex/g1_ros_ws/install/g1_zed_bridge/lib/python3.8/site-packages:${PYTHONPATH} /usr/bin/python3 -W ignore:setup.py install is deprecated -W ignore:easy_install command is deprecated setup.py develop --editable --build-directory /mnt/home/calex/g1_ros_ws/build/g1_state_bridge/build --no-deps symlink_data --force
[0.668s] running develop
[0.753s] running egg_info
[0.753s] writing g1_state_bridge.egg-info/PKG-INFO
[0.755s] writing dependency_links to g1_state_bridge.egg-info/dependency_links.txt
[0.756s] writing entry points to g1_state_bridge.egg-info/entry_points.txt
[0.757s] writing requirements to g1_state_bridge.egg-info/requires.txt
[0.758s] writing top-level names to g1_state_bridge.egg-info/top_level.txt
[0.777s] reading manifest file 'g1_state_bridge.egg-info/SOURCES.txt'
[0.778s] writing manifest file 'g1_state_bridge.egg-info/SOURCES.txt'
[0.809s] running build_ext
[0.810s] Creating /mnt/home/calex/g1_ros_ws/install/g1_state_bridge/lib/python3.8/site-packages/g1-state-bridge.egg-link (link to .)
[0.812s] Installing hand_controller_gui script to /mnt/home/calex/g1_ros_ws/install/g1_state_bridge/lib/g1_state_bridge
[0.812s] Installing state_bridge_node script to /mnt/home/calex/g1_ros_ws/install/g1_state_bridge/lib/g1_state_bridge
[0.813s] 
[0.813s] Installed /mnt/home/calex/g1_ros_ws/build/g1_state_bridge
[0.814s] running symlink_data
[0.814s] symbolically linking /mnt/home/calex/g1_ros_ws/build/g1_state_bridge/resource/g1_state_bridge -> /mnt/home/calex/g1_ros_ws/install/g1_state_bridge/share/ament_index/resource_index/packages
[0.815s] symbolically linking /mnt/home/calex/g1_ros_ws/build/g1_state_bridge/package.xml -> /mnt/home/calex/g1_ros_ws/install/g1_state_bridge/share/g1_state_bridge
[0.816s] symbolically linking /mnt/home/calex/g1_ros_ws/build/g1_state_bridge/launch/real_state.launch.py -> /mnt/home/calex/g1_ros_ws/install/g1_state_bridge/share/g1_state_bridge/launch
[0.832s] Invoked command in '/mnt/home/calex/g1_ros_ws/build/g1_state_bridge' returned '0': AMENT_PREFIX_PATH=/mnt/home/calex/g1_ros_ws/install/g1_zed_bridge:${AMENT_PREFIX_PATH} PYTHONPATH=/mnt/home/calex/g1_ros_ws/build/g1_state_bridge/prefix_override:/usr/lib/python3/dist-packages/colcon_core/task/python/colcon_distutils_commands:/mnt/home/calex/g1_ros_ws/install/g1_state_bridge/lib/python3.8/site-packages:/mnt/home/calex/g1_ros_ws/build/g1_zed_bridge:/mnt/home/calex/g1_ros_ws/install/g1_zed_bridge/lib/python3.8/site-packages:${PYTHONPATH} /usr/bin/python3 -W ignore:setup.py install is deprecated -W ignore:easy_install command is deprecated setup.py develop --editable --build-directory /mnt/home/calex/g1_ros_ws/build/g1_state_bridge/build --no-deps symlink_data --force
