[0.126s] DEBUG:colcon:Command line arguments: ['/usr/bin/colcon', 'build', '--symlink-install', '--packages-select', 'g1_gazebo']
[0.126s] DEBUG:colcon:Parsed command line arguments: Namespace(allow_overriding=[], ament_cmake_args=None, base_paths=['.'], build_base='build', catkin_cmake_args=None, catkin_skip_building_tests=False, cmake_args=None, cmake_clean_cache=False, cmake_clean_first=False, cmake_force_configure=False, cmake_target=None, cmake_target_skip_unavailable=False, continue_on_error=False, event_handlers=None, executor='parallel', ignore_user_meta=False, install_base='install', log_base=None, log_level=None, main=<bound method BuildVerb.main of <colcon_core.verb.build.BuildVerb object at 0x7f16e1611cd0>>, merge_install=False, metas=['./colcon.meta'], mixin=None, mixin_files=None, mixin_verb=('build',), packages_above=None, packages_above_and_dependencies=None, packages_above_depth=None, packages_end=None, packages_ignore=None, packages_ignore_regex=None, packages_select=['g1_gazebo'], packages_select_build_failed=False, packages_select_by_dep=None, packages_select_regex=None, packages_select_test_failures=False, packages_skip=None, packages_skip_build_finished=False, packages_skip_by_dep=None, packages_skip_regex=None, packages_skip_test_passed=False, packages_skip_up_to=None, packages_start=None, packages_up_to=None, packages_up_to_regex=None, parallel_workers=20, paths=None, symlink_install=True, test_result_base=None, verb_extension=<colcon_core.verb.build.BuildVerb object at 0x7f16e1611cd0>, verb_name='build', verb_parser=<colcon_mixin.mixin.mixin_argument.MixinArgumentDecorator object at 0x7f16e1620160>)
[0.220s] Level 1:colcon.colcon_core.package_discovery:discover_packages(colcon_meta) check parameters
[0.220s] Level 1:colcon.colcon_core.package_discovery:discover_packages(recursive) check parameters
[0.221s] Level 1:colcon.colcon_core.package_discovery:discover_packages(ignore) check parameters
[0.221s] Level 1:colcon.colcon_core.package_discovery:discover_packages(path) check parameters
[0.221s] Level 1:colcon.colcon_core.package_discovery:discover_packages(colcon_meta) discover
[0.221s] Level 1:colcon.colcon_core.package_discovery:discover_packages(recursive) discover
[0.221s] INFO:colcon.colcon_core.package_discovery:Crawling recursively for packages in '/mnt/home/calex/g1_ros_ws'
[0.221s] Level 1:colcon.colcon_core.package_identification:_identify(.) by extensions ['ignore', 'ignore_ament_install']
[0.222s] Level 1:colcon.colcon_core.package_identification:_identify(.) by extension 'ignore'
[0.222s] Level 1:colcon.colcon_core.package_identification:_identify(.) by extension 'ignore_ament_install'
[0.222s] Level 1:colcon.colcon_core.package_identification:_identify(.) by extensions ['colcon_pkg']
[0.222s] Level 1:colcon.colcon_core.package_identification:_identify(.) by extension 'colcon_pkg'
[0.222s] Level 1:colcon.colcon_core.package_identification:_identify(.) by extensions ['colcon_meta']
[0.222s] Level 1:colcon.colcon_core.package_identification:_identify(.) by extension 'colcon_meta'
[0.222s] Level 1:colcon.colcon_core.package_identification:_identify(.) by extensions ['ros']
[0.222s] Level 1:colcon.colcon_core.package_identification:_identify(.) by extension 'ros'
[0.229s] Level 1:colcon.colcon_core.package_identification:_identify(.) by extensions ['cmake', 'python']
[0.229s] Level 1:colcon.colcon_core.package_identification:_identify(.) by extension 'cmake'
[0.229s] Level 1:colcon.colcon_core.package_identification:_identify(.) by extension 'python'
[0.230s] Level 1:colcon.colcon_core.package_identification:_identify(.) by extensions ['python_setup_py']
[0.230s] Level 1:colcon.colcon_core.package_identification:_identify(.) by extension 'python_setup_py'
[0.230s] Level 1:colcon.colcon_core.package_identification:_identify(build) by extensions ['ignore', 'ignore_ament_install']
[0.230s] Level 1:colcon.colcon_core.package_identification:_identify(build) by extension 'ignore'
[0.230s] Level 1:colcon.colcon_core.package_identification:_identify(build) ignored
[0.231s] Level 1:colcon.colcon_core.package_identification:_identify(install) by extensions ['ignore', 'ignore_ament_install']
[0.231s] Level 1:colcon.colcon_core.package_identification:_identify(install) by extension 'ignore'
[0.231s] Level 1:colcon.colcon_core.package_identification:_identify(install) ignored
[0.232s] Level 1:colcon.colcon_core.package_identification:_identify(log) by extensions ['ignore', 'ignore_ament_install']
[0.232s] Level 1:colcon.colcon_core.package_identification:_identify(log) by extension 'ignore'
[0.232s] Level 1:colcon.colcon_core.package_identification:_identify(log) ignored
[0.232s] Level 1:colcon.colcon_core.package_identification:_identify(script) by extensions ['ignore', 'ignore_ament_install']
[0.233s] Level 1:colcon.colcon_core.package_identification:_identify(script) by extension 'ignore'
[0.233s] Level 1:colcon.colcon_core.package_identification:_identify(script) by extension 'ignore_ament_install'
[0.233s] Level 1:colcon.colcon_core.package_identification:_identify(script) by extensions ['colcon_pkg']
[0.233s] Level 1:colcon.colcon_core.package_identification:_identify(script) by extension 'colcon_pkg'
[0.233s] Level 1:colcon.colcon_core.package_identification:_identify(script) by extensions ['colcon_meta']
[0.233s] Level 1:colcon.colcon_core.package_identification:_identify(script) by extension 'colcon_meta'
[0.233s] Level 1:colcon.colcon_core.package_identification:_identify(script) by extensions ['ros']
[0.233s] Level 1:colcon.colcon_core.package_identification:_identify(script) by extension 'ros'
[0.233s] Level 1:colcon.colcon_core.package_identification:_identify(script) by extensions ['cmake', 'python']
[0.233s] Level 1:colcon.colcon_core.package_identification:_identify(script) by extension 'cmake'
[0.233s] Level 1:colcon.colcon_core.package_identification:_identify(script) by extension 'python'
[0.233s] Level 1:colcon.colcon_core.package_identification:_identify(script) by extensions ['python_setup_py']
[0.233s] Level 1:colcon.colcon_core.package_identification:_identify(script) by extension 'python_setup_py'
[0.234s] Level 1:colcon.colcon_core.package_identification:_identify(src) by extensions ['ignore', 'ignore_ament_install']
[0.234s] Level 1:colcon.colcon_core.package_identification:_identify(src) by extension 'ignore'
[0.234s] Level 1:colcon.colcon_core.package_identification:_identify(src) by extension 'ignore_ament_install'
[0.234s] Level 1:colcon.colcon_core.package_identification:_identify(src) by extensions ['colcon_pkg']
[0.234s] Level 1:colcon.colcon_core.package_identification:_identify(src) by extension 'colcon_pkg'
[0.234s] Level 1:colcon.colcon_core.package_identification:_identify(src) by extensions ['colcon_meta']
[0.234s] Level 1:colcon.colcon_core.package_identification:_identify(src) by extension 'colcon_meta'
[0.234s] Level 1:colcon.colcon_core.package_identification:_identify(src) by extensions ['ros']
[0.234s] Level 1:colcon.colcon_core.package_identification:_identify(src) by extension 'ros'
[0.234s] Level 1:colcon.colcon_core.package_identification:_identify(src) by extensions ['cmake', 'python']
[0.234s] Level 1:colcon.colcon_core.package_identification:_identify(src) by extension 'cmake'
[0.234s] Level 1:colcon.colcon_core.package_identification:_identify(src) by extension 'python'
[0.234s] Level 1:colcon.colcon_core.package_identification:_identify(src) by extensions ['python_setup_py']
[0.234s] Level 1:colcon.colcon_core.package_identification:_identify(src) by extension 'python_setup_py'
[0.234s] Level 1:colcon.colcon_core.package_identification:_identify(src/g1_description) by extensions ['ignore', 'ignore_ament_install']
[0.234s] Level 1:colcon.colcon_core.package_identification:_identify(src/g1_description) by extension 'ignore'
[0.235s] Level 1:colcon.colcon_core.package_identification:_identify(src/g1_description) by extension 'ignore_ament_install'
[0.235s] Level 1:colcon.colcon_core.package_identification:_identify(src/g1_description) by extensions ['colcon_pkg']
[0.235s] Level 1:colcon.colcon_core.package_identification:_identify(src/g1_description) by extension 'colcon_pkg'
[0.235s] Level 1:colcon.colcon_core.package_identification:_identify(src/g1_description) by extensions ['colcon_meta']
[0.235s] Level 1:colcon.colcon_core.package_identification:_identify(src/g1_description) by extension 'colcon_meta'
[0.235s] Level 1:colcon.colcon_core.package_identification:_identify(src/g1_description) by extensions ['ros']
[0.235s] Level 1:colcon.colcon_core.package_identification:_identify(src/g1_description) by extension 'ros'
[0.237s] DEBUG:colcon.colcon_core.package_identification:Package 'src/g1_description' with type 'ros.ament_cmake' and name 'g1_description'
[0.238s] Level 1:colcon.colcon_core.package_identification:_identify(src/g1_gazebo) by extensions ['ignore', 'ignore_ament_install']
[0.238s] Level 1:colcon.colcon_core.package_identification:_identify(src/g1_gazebo) by extension 'ignore'
[0.238s] Level 1:colcon.colcon_core.package_identification:_identify(src/g1_gazebo) by extension 'ignore_ament_install'
[0.238s] Level 1:colcon.colcon_core.package_identification:_identify(src/g1_gazebo) by extensions ['colcon_pkg']
[0.238s] Level 1:colcon.colcon_core.package_identification:_identify(src/g1_gazebo) by extension 'colcon_pkg'
[0.238s] Level 1:colcon.colcon_core.package_identification:_identify(src/g1_gazebo) by extensions ['colcon_meta']
[0.238s] Level 1:colcon.colcon_core.package_identification:_identify(src/g1_gazebo) by extension 'colcon_meta'
[0.238s] Level 1:colcon.colcon_core.package_identification:_identify(src/g1_gazebo) by extensions ['ros']
[0.238s] Level 1:colcon.colcon_core.package_identification:_identify(src/g1_gazebo) by extension 'ros'
[0.239s] DEBUG:colcon.colcon_core.package_identification:Package 'src/g1_gazebo' with type 'ros.ament_cmake' and name 'g1_gazebo'
[0.240s] Level 1:colcon.colcon_core.package_identification:_identify(src/g1_state_bridge) by extensions ['ignore', 'ignore_ament_install']
[0.240s] Level 1:colcon.colcon_core.package_identification:_identify(src/g1_state_bridge) by extension 'ignore'
[0.240s] Level 1:colcon.colcon_core.package_identification:_identify(src/g1_state_bridge) by extension 'ignore_ament_install'
[0.240s] Level 1:colcon.colcon_core.package_identification:_identify(src/g1_state_bridge) by extensions ['colcon_pkg']
[0.240s] Level 1:colcon.colcon_core.package_identification:_identify(src/g1_state_bridge) by extension 'colcon_pkg'
[0.240s] Level 1:colcon.colcon_core.package_identification:_identify(src/g1_state_bridge) by extensions ['colcon_meta']
[0.240s] Level 1:colcon.colcon_core.package_identification:_identify(src/g1_state_bridge) by extension 'colcon_meta'
[0.240s] Level 1:colcon.colcon_core.package_identification:_identify(src/g1_state_bridge) by extensions ['ros']
[0.240s] Level 1:colcon.colcon_core.package_identification:_identify(src/g1_state_bridge) by extension 'ros'
[0.241s] DEBUG:colcon.colcon_core.package_identification:Package 'src/g1_state_bridge' with type 'ros.ament_python' and name 'g1_state_bridge'
[0.241s] Level 1:colcon.colcon_core.package_identification:_identify(src/g1_zed_bridge) by extensions ['ignore', 'ignore_ament_install']
[0.241s] Level 1:colcon.colcon_core.package_identification:_identify(src/g1_zed_bridge) by extension 'ignore'
[0.241s] Level 1:colcon.colcon_core.package_identification:_identify(src/g1_zed_bridge) by extension 'ignore_ament_install'
[0.241s] Level 1:colcon.colcon_core.package_identification:_identify(src/g1_zed_bridge) by extensions ['colcon_pkg']
[0.241s] Level 1:colcon.colcon_core.package_identification:_identify(src/g1_zed_bridge) by extension 'colcon_pkg'
[0.241s] Level 1:colcon.colcon_core.package_identification:_identify(src/g1_zed_bridge) by extensions ['colcon_meta']
[0.242s] Level 1:colcon.colcon_core.package_identification:_identify(src/g1_zed_bridge) by extension 'colcon_meta'
[0.242s] Level 1:colcon.colcon_core.package_identification:_identify(src/g1_zed_bridge) by extensions ['ros']
[0.242s] Level 1:colcon.colcon_core.package_identification:_identify(src/g1_zed_bridge) by extension 'ros'
[0.242s] DEBUG:colcon.colcon_core.package_identification:Package 'src/g1_zed_bridge' with type 'ros.ament_python' and name 'g1_zed_bridge'
[0.243s] Level 1:colcon.colcon_core.package_discovery:discover_packages(recursive) using defaults
[0.243s] Level 1:colcon.colcon_core.package_discovery:discover_packages(ignore) discover
[0.243s] Level 1:colcon.colcon_core.package_discovery:discover_packages(ignore) using defaults
[0.243s] Level 1:colcon.colcon_core.package_discovery:discover_packages(path) discover
[0.243s] Level 1:colcon.colcon_core.package_discovery:discover_packages(path) using defaults
[0.257s] INFO:colcon.colcon_core.package_selection:Skipping not selected package 'g1_description' in 'src/g1_description'
[0.258s] INFO:colcon.colcon_core.package_selection:Skipping not selected package 'g1_zed_bridge' in 'src/g1_zed_bridge'
[0.258s] INFO:colcon.colcon_core.package_selection:Skipping not selected package 'g1_state_bridge' in 'src/g1_state_bridge'
[0.258s] Level 1:colcon.colcon_core.package_discovery:discover_packages(prefix_path) check parameters
[0.258s] Level 1:colcon.colcon_core.package_discovery:discover_packages(prefix_path) discover
[0.259s] DEBUG:colcon.colcon_installed_package_information.package_discovery:Found 302 installed packages in /opt/ros/foxy
[0.267s] Level 1:colcon.colcon_core.package_discovery:discover_packages(prefix_path) using defaults
[0.299s] Level 5:colcon.colcon_core.verb:set package 'g1_gazebo' build argument 'cmake_args' from command line to 'None'
[0.299s] Level 5:colcon.colcon_core.verb:set package 'g1_gazebo' build argument 'cmake_target' from command line to 'None'
[0.299s] Level 5:colcon.colcon_core.verb:set package 'g1_gazebo' build argument 'cmake_target_skip_unavailable' from command line to 'False'
[0.299s] Level 5:colcon.colcon_core.verb:set package 'g1_gazebo' build argument 'cmake_clean_cache' from command line to 'False'
[0.299s] Level 5:colcon.colcon_core.verb:set package 'g1_gazebo' build argument 'cmake_clean_first' from command line to 'False'
[0.300s] Level 5:colcon.colcon_core.verb:set package 'g1_gazebo' build argument 'cmake_force_configure' from command line to 'False'
[0.300s] Level 5:colcon.colcon_core.verb:set package 'g1_gazebo' build argument 'ament_cmake_args' from command line to 'None'
[0.300s] Level 5:colcon.colcon_core.verb:set package 'g1_gazebo' build argument 'catkin_cmake_args' from command line to 'None'
[0.300s] Level 5:colcon.colcon_core.verb:set package 'g1_gazebo' build argument 'catkin_skip_building_tests' from command line to 'False'
[0.300s] DEBUG:colcon.colcon_core.verb:Building package 'g1_gazebo' with the following arguments: {'ament_cmake_args': None, 'build_base': '/mnt/home/calex/g1_ros_ws/build/g1_gazebo', 'catkin_cmake_args': None, 'catkin_skip_building_tests': False, 'cmake_args': None, 'cmake_clean_cache': False, 'cmake_clean_first': False, 'cmake_force_configure': False, 'cmake_target': None, 'cmake_target_skip_unavailable': False, 'install_base': '/mnt/home/calex/g1_ros_ws/install/g1_gazebo', 'merge_install': False, 'path': '/mnt/home/calex/g1_ros_ws/src/g1_gazebo', 'symlink_install': True, 'test_result_base': None}
[0.300s] INFO:colcon.colcon_core.executor:Executing jobs using 'parallel' executor
[0.300s] DEBUG:colcon.colcon_parallel_executor.executor.parallel:run_until_complete
[0.301s] INFO:colcon.colcon_ros.task.ament_cmake.build:Building ROS package in '/mnt/home/calex/g1_ros_ws/src/g1_gazebo' with build type 'ament_cmake'
[0.301s] INFO:colcon.colcon_cmake.task.cmake.build:Building CMake package in '/mnt/home/calex/g1_ros_ws/src/g1_gazebo'
[0.303s] INFO:colcon.colcon_core.plugin_system:Skipping extension 'colcon_core.shell.bat': Not used on non-Windows systems
[0.303s] INFO:colcon.colcon_core.shell:Skip shell extension 'powershell' for command environment: Not usable outside of PowerShell
[0.303s] DEBUG:colcon.colcon_core.shell:Skip shell extension 'dsv' for command environment
[0.320s] DEBUG:colcon.colcon_core.event_handler.log_command:Invoking command in '/mnt/home/calex/g1_ros_ws/build/g1_gazebo': AMENT_PREFIX_PATH=/mnt/home/calex/g1_ros_ws/install/g1_description:${AMENT_PREFIX_PATH} CMAKE_PREFIX_PATH=/mnt/home/calex/g1_ros_ws/install/g1_description:/opt/ros/foxy /usr/bin/cmake --build /mnt/home/calex/g1_ros_ws/build/g1_gazebo -- -j20 -l20
[0.716s] DEBUG:colcon.colcon_core.event_handler.log_command:Invoked command in '/mnt/home/calex/g1_ros_ws/build/g1_gazebo' returned '0': AMENT_PREFIX_PATH=/mnt/home/calex/g1_ros_ws/install/g1_description:${AMENT_PREFIX_PATH} CMAKE_PREFIX_PATH=/mnt/home/calex/g1_ros_ws/install/g1_description:/opt/ros/foxy /usr/bin/cmake --build /mnt/home/calex/g1_ros_ws/build/g1_gazebo -- -j20 -l20
[0.729s] DEBUG:colcon.colcon_core.event_handler.log_command:Invoking command in '/mnt/home/calex/g1_ros_ws/build/g1_gazebo': AMENT_PREFIX_PATH=/mnt/home/calex/g1_ros_ws/install/g1_description:${AMENT_PREFIX_PATH} CMAKE_PREFIX_PATH=/mnt/home/calex/g1_ros_ws/install/g1_description:/opt/ros/foxy /usr/bin/cmake --install /mnt/home/calex/g1_ros_ws/build/g1_gazebo
[0.768s] Level 1:colcon.colcon_core.environment:create_environment_scripts_only(g1_gazebo)
[0.768s] DEBUG:colcon.colcon_core.event_handler.log_command:Invoked command in '/mnt/home/calex/g1_ros_ws/build/g1_gazebo' returned '0': AMENT_PREFIX_PATH=/mnt/home/calex/g1_ros_ws/install/g1_description:${AMENT_PREFIX_PATH} CMAKE_PREFIX_PATH=/mnt/home/calex/g1_ros_ws/install/g1_description:/opt/ros/foxy /usr/bin/cmake --install /mnt/home/calex/g1_ros_ws/build/g1_gazebo
[0.770s] Level 1:colcon.colcon_core.environment:checking '/mnt/home/calex/g1_ros_ws/install/g1_gazebo' for CMake module files
[0.771s] Level 1:colcon.colcon_core.environment:checking '/mnt/home/calex/g1_ros_ws/install/g1_gazebo' for CMake config files
[0.773s] Level 1:colcon.colcon_core.shell:create_environment_hook('g1_gazebo', 'cmake_prefix_path')
[0.773s] INFO:colcon.colcon_core.shell:Creating environment hook '/mnt/home/calex/g1_ros_ws/install/g1_gazebo/share/g1_gazebo/hook/cmake_prefix_path.ps1'
[0.775s] INFO:colcon.colcon_core.shell:Creating environment descriptor '/mnt/home/calex/g1_ros_ws/install/g1_gazebo/share/g1_gazebo/hook/cmake_prefix_path.dsv'
[0.776s] INFO:colcon.colcon_core.shell:Creating environment hook '/mnt/home/calex/g1_ros_ws/install/g1_gazebo/share/g1_gazebo/hook/cmake_prefix_path.sh'
[0.779s] Level 1:colcon.colcon_core.environment:checking '/mnt/home/calex/g1_ros_ws/install/g1_gazebo/lib'
[0.779s] Level 1:colcon.colcon_core.environment:checking '/mnt/home/calex/g1_ros_ws/install/g1_gazebo/bin'
[0.780s] Level 1:colcon.colcon_core.environment:checking '/mnt/home/calex/g1_ros_ws/install/g1_gazebo/lib/pkgconfig/g1_gazebo.pc'
[0.780s] Level 1:colcon.colcon_core.environment:checking '/mnt/home/calex/g1_ros_ws/install/g1_gazebo/lib/python3.8/site-packages'
[0.780s] Level 1:colcon.colcon_core.environment:checking '/mnt/home/calex/g1_ros_ws/install/g1_gazebo/bin'
[0.781s] INFO:colcon.colcon_core.shell:Creating package script '/mnt/home/calex/g1_ros_ws/install/g1_gazebo/share/g1_gazebo/package.ps1'
[0.783s] INFO:colcon.colcon_core.shell:Creating package descriptor '/mnt/home/calex/g1_ros_ws/install/g1_gazebo/share/g1_gazebo/package.dsv'
[0.784s] INFO:colcon.colcon_core.shell:Creating package script '/mnt/home/calex/g1_ros_ws/install/g1_gazebo/share/g1_gazebo/package.sh'
[0.785s] INFO:colcon.colcon_core.shell:Creating package script '/mnt/home/calex/g1_ros_ws/install/g1_gazebo/share/g1_gazebo/package.bash'
[0.787s] INFO:colcon.colcon_core.shell:Creating package script '/mnt/home/calex/g1_ros_ws/install/g1_gazebo/share/g1_gazebo/package.zsh'
[0.789s] Level 1:colcon.colcon_core.environment:create_file_with_runtime_dependencies(/mnt/home/calex/g1_ros_ws/install/g1_gazebo/share/colcon-core/packages/g1_gazebo)
[0.792s] Level 1:colcon.colcon_core.environment:create_environment_scripts_only(g1_gazebo)
[0.792s] Level 1:colcon.colcon_core.environment:checking '/mnt/home/calex/g1_ros_ws/install/g1_gazebo' for CMake module files
[0.793s] Level 1:colcon.colcon_core.environment:checking '/mnt/home/calex/g1_ros_ws/install/g1_gazebo' for CMake config files
[0.795s] Level 1:colcon.colcon_core.shell:create_environment_hook('g1_gazebo', 'cmake_prefix_path')
[0.795s] INFO:colcon.colcon_core.shell:Creating environment hook '/mnt/home/calex/g1_ros_ws/install/g1_gazebo/share/g1_gazebo/hook/cmake_prefix_path.ps1'
[0.809s] INFO:colcon.colcon_core.shell:Creating environment descriptor '/mnt/home/calex/g1_ros_ws/install/g1_gazebo/share/g1_gazebo/hook/cmake_prefix_path.dsv'
[0.811s] INFO:colcon.colcon_core.shell:Creating environment hook '/mnt/home/calex/g1_ros_ws/install/g1_gazebo/share/g1_gazebo/hook/cmake_prefix_path.sh'
[0.813s] Level 1:colcon.colcon_core.environment:checking '/mnt/home/calex/g1_ros_ws/install/g1_gazebo/lib'
[0.814s] Level 1:colcon.colcon_core.environment:checking '/mnt/home/calex/g1_ros_ws/install/g1_gazebo/bin'
[0.814s] Level 1:colcon.colcon_core.environment:checking '/mnt/home/calex/g1_ros_ws/install/g1_gazebo/lib/pkgconfig/g1_gazebo.pc'
[0.814s] Level 1:colcon.colcon_core.environment:checking '/mnt/home/calex/g1_ros_ws/install/g1_gazebo/lib/python3.8/site-packages'
[0.815s] Level 1:colcon.colcon_core.environment:checking '/mnt/home/calex/g1_ros_ws/install/g1_gazebo/bin'
[0.815s] INFO:colcon.colcon_core.shell:Creating package script '/mnt/home/calex/g1_ros_ws/install/g1_gazebo/share/g1_gazebo/package.ps1'
[0.817s] INFO:colcon.colcon_core.shell:Creating package descriptor '/mnt/home/calex/g1_ros_ws/install/g1_gazebo/share/g1_gazebo/package.dsv'
[0.819s] INFO:colcon.colcon_core.shell:Creating package script '/mnt/home/calex/g1_ros_ws/install/g1_gazebo/share/g1_gazebo/package.sh'
[0.821s] INFO:colcon.colcon_core.shell:Creating package script '/mnt/home/calex/g1_ros_ws/install/g1_gazebo/share/g1_gazebo/package.bash'
[0.822s] INFO:colcon.colcon_core.shell:Creating package script '/mnt/home/calex/g1_ros_ws/install/g1_gazebo/share/g1_gazebo/package.zsh'
[0.823s] Level 1:colcon.colcon_core.environment:create_file_with_runtime_dependencies(/mnt/home/calex/g1_ros_ws/install/g1_gazebo/share/colcon-core/packages/g1_gazebo)
[0.824s] DEBUG:colcon.colcon_parallel_executor.executor.parallel:closing loop
[0.824s] DEBUG:colcon.colcon_parallel_executor.executor.parallel:loop closed
[0.824s] DEBUG:colcon.colcon_parallel_executor.executor.parallel:run_until_complete finished with '0'
[0.824s] DEBUG:colcon.colcon_core.event_reactor:joining thread
[0.834s] INFO:colcon.colcon_core.plugin_system:Skipping extension 'colcon_notification.desktop_notification.terminal_notifier': Not used on non-Darwin systems
[0.834s] INFO:colcon.colcon_core.plugin_system:Skipping extension 'colcon_notification.desktop_notification.win32': Not used on non-Windows systems
[0.835s] INFO:colcon.colcon_notification.desktop_notification:Sending desktop notification using 'notify2'
[0.852s] DEBUG:colcon.colcon_core.event_reactor:joined thread
[0.853s] INFO:colcon.colcon_core.shell:Creating prefix script '/mnt/home/calex/g1_ros_ws/install/local_setup.ps1'
[0.855s] INFO:colcon.colcon_core.shell:Creating prefix util module '/mnt/home/calex/g1_ros_ws/install/_local_setup_util_ps1.py'
[0.858s] INFO:colcon.colcon_core.shell:Creating prefix chain script '/mnt/home/calex/g1_ros_ws/install/setup.ps1'
[0.860s] INFO:colcon.colcon_core.shell:Creating prefix script '/mnt/home/calex/g1_ros_ws/install/local_setup.sh'
[0.862s] INFO:colcon.colcon_core.shell:Creating prefix util module '/mnt/home/calex/g1_ros_ws/install/_local_setup_util_sh.py'
[0.864s] INFO:colcon.colcon_core.shell:Creating prefix chain script '/mnt/home/calex/g1_ros_ws/install/setup.sh'
[0.867s] INFO:colcon.colcon_core.shell:Creating prefix script '/mnt/home/calex/g1_ros_ws/install/local_setup.bash'
[0.869s] INFO:colcon.colcon_core.shell:Creating prefix chain script '/mnt/home/calex/g1_ros_ws/install/setup.bash'
[0.873s] INFO:colcon.colcon_core.shell:Creating prefix script '/mnt/home/calex/g1_ros_ws/install/local_setup.zsh'
[0.875s] INFO:colcon.colcon_core.shell:Creating prefix chain script '/mnt/home/calex/g1_ros_ws/install/setup.zsh'
