CMake Deprecation Warning at CMakeLists.txt:1 (cmake_minimum_required):
  Compatibility with CMake < 3.10 will be removed from a future version of
  CMake.

  Update the VERSION argument <min> value.  Or, use the <min>...<max> syntax
  to tell CMake that the project requires at least <min> but has been updated
  to work with policies introduced by <max> or earlier.


-- The C compiler identification is GNU 9.4.0
-- The CXX compiler identification is GNU 9.4.0
-- Detecting C compiler ABI info
-- Detecting C compiler ABI info - done
-- Check for working C compiler: /usr/bin/cc - skipped
-- Detecting C compile features
-- Detecting C compile features - done
-- Detecting CXX compiler ABI info
-- Detecting CXX compiler ABI info - done
-- Check for working CXX compiler: /usr/bin/c++ - skipped
-- Detecting CXX compile features
-- Detecting CXX compile features - done
-- Found ament_cmake: 0.9.12 (/opt/ros/foxy/share/ament_cmake/cmake)
CMake Warning (dev) at /opt/ros/foxy/share/ament_cmake_core/cmake/core/python.cmake:22 (find_package):
  Policy CMP0148 is not set: The FindPythonInterp and FindPythonLibs modules
  are removed.  Run "cmake --help-policy CMP0148" for policy details.  Use
  the cmake_policy command to set the policy and suppress this warning.

Call Stack (most recent call first):
  /opt/ros/foxy/share/ament_cmake_core/cmake/core/all.cmake:53 (include)
  /opt/ros/foxy/share/ament_cmake_core/cmake/ament_cmake_core-extras.cmake:17 (include)
  /opt/ros/foxy/share/ament_cmake_core/cmake/ament_cmake_coreConfig.cmake:41 (include)
  /opt/ros/foxy/share/ament_cmake/cmake/ament_cmake_export_dependencies-extras.cmake:15 (find_package)
  /opt/ros/foxy/share/ament_cmake/cmake/ament_cmakeConfig.cmake:41 (include)
  CMakeLists.txt:4 (find_package)
This warning is for project developers.  Use -Wno-dev to suppress it.

-- Found PythonInterp: /usr/bin/python3 (found suitable version "3.8.10", minimum required is "3")
-- Using PYTHON_EXECUTABLE: /usr/bin/python3
-- Override CMake install command with custom implementation using symlinks instead of copying resources
-- Configuring done (0.9s)
-- Generating done (0.0s)
-- Build files have been written to: /mnt/home/calex/g1_ros_ws/build/g1_gazebo
-- Install configuration: ""
-- Execute custom install script
-- Symlinking: /mnt/home/calex/g1_ros_ws/install/g1_gazebo/share/g1_gazebo/launch/g1_gazebo.launch.py
-- Symlinking: /mnt/home/calex/g1_ros_ws/install/g1_gazebo/share/g1_gazebo/config/g1_controllers.yaml
-- Symlinking: /mnt/home/calex/g1_ros_ws/install/g1_gazebo/share/g1_gazebo/worlds/g1_world.world
-- Symlinking: /mnt/home/calex/g1_ros_ws/install/g1_gazebo/share/ament_index/resource_index/package_run_dependencies/g1_gazebo
-- Symlinking: /mnt/home/calex/g1_ros_ws/install/g1_gazebo/share/ament_index/resource_index/parent_prefix_path/g1_gazebo
-- Symlinking: /mnt/home/calex/g1_ros_ws/install/g1_gazebo/share/g1_gazebo/environment/ament_prefix_path.sh
-- Symlinking: /mnt/home/calex/g1_ros_ws/install/g1_gazebo/share/g1_gazebo/environment/ament_prefix_path.dsv
-- Symlinking: /mnt/home/calex/g1_ros_ws/install/g1_gazebo/share/g1_gazebo/environment/path.sh
-- Symlinking: /mnt/home/calex/g1_ros_ws/install/g1_gazebo/share/g1_gazebo/environment/path.dsv
-- Symlinking: /mnt/home/calex/g1_ros_ws/install/g1_gazebo/share/g1_gazebo/local_setup.bash
-- Symlinking: /mnt/home/calex/g1_ros_ws/install/g1_gazebo/share/g1_gazebo/local_setup.sh
-- Symlinking: /mnt/home/calex/g1_ros_ws/install/g1_gazebo/share/g1_gazebo/local_setup.zsh
-- Symlinking: /mnt/home/calex/g1_ros_ws/install/g1_gazebo/share/g1_gazebo/local_setup.dsv
-- Symlinking: /mnt/home/calex/g1_ros_ws/install/g1_gazebo/share/g1_gazebo/package.dsv
-- Symlinking: /mnt/home/calex/g1_ros_ws/install/g1_gazebo/share/ament_index/resource_index/packages/g1_gazebo
-- Symlinking: /mnt/home/calex/g1_ros_ws/install/g1_gazebo/share/g1_gazebo/cmake/g1_gazeboConfig.cmake
-- Symlinking: /mnt/home/calex/g1_ros_ws/install/g1_gazebo/share/g1_gazebo/cmake/g1_gazeboConfig-version.cmake
-- Symlinking: /mnt/home/calex/g1_ros_ws/install/g1_gazebo/share/g1_gazebo/package.xml
