[0.195s] Invoking command in '/mnt/home/calex/g1_ros_ws/build/g1_gazebo': CMAKE_PREFIX_PATH=/mnt/home/calex/g1_ros_ws/install/g1_description:/mnt/home/calex/g1_ros_ws/install/g1_gazebo:/mnt/home/calex/g1_ros_ws/install/g1_state_bridge:/mnt/home/calex/g1_ros_ws/install/g1_zed_bridge:/opt/ros/foxy /usr/bin/cmake --build /mnt/home/calex/g1_ros_ws/build/g1_gazebo -- -j20 -l20
[0.425s] Invoked command in '/mnt/home/calex/g1_ros_ws/build/g1_gazebo' returned '0': CMAKE_PREFIX_PATH=/mnt/home/calex/g1_ros_ws/install/g1_description:/mnt/home/calex/g1_ros_ws/install/g1_gazebo:/mnt/home/calex/g1_ros_ws/install/g1_state_bridge:/mnt/home/calex/g1_ros_ws/install/g1_zed_bridge:/opt/ros/foxy /usr/bin/cmake --build /mnt/home/calex/g1_ros_ws/build/g1_gazebo -- -j20 -l20
[0.480s] Invoking command in '/mnt/home/calex/g1_ros_ws/build/g1_gazebo': CMAKE_PREFIX_PATH=/mnt/home/calex/g1_ros_ws/install/g1_description:/mnt/home/calex/g1_ros_ws/install/g1_gazebo:/mnt/home/calex/g1_ros_ws/install/g1_state_bridge:/mnt/home/calex/g1_ros_ws/install/g1_zed_bridge:/opt/ros/foxy /usr/bin/cmake --install /mnt/home/calex/g1_ros_ws/build/g1_gazebo
[0.515s] -- Install configuration: ""
[0.554s] -- Execute custom install script
[0.607s] -- Up-to-date symlink: /mnt/home/calex/g1_ros_ws/install/g1_gazebo/share/g1_gazebo/launch/g1_gazebo.launch.py
[0.655s] -- Up-to-date symlink: /mnt/home/calex/g1_ros_ws/install/g1_gazebo/share/g1_gazebo/config/g1_controllers.yaml
[0.700s] -- Up-to-date symlink: /mnt/home/calex/g1_ros_ws/install/g1_gazebo/share/g1_gazebo/worlds/g1_world.world
[0.755s] -- Up-to-date symlink: /mnt/home/calex/g1_ros_ws/install/g1_gazebo/share/g1_gazebo/rviz/sim.rviz
[0.828s] -- Up-to-date symlink: /mnt/home/calex/g1_ros_ws/install/g1_gazebo/lib/g1_gazebo/pid_bridge.py
[0.845s] -- Up-to-date symlink: /mnt/home/calex/g1_ros_ws/install/g1_gazebo/lib/g1_gazebo/base_tf_broadcaster.py
[0.863s] -- Up-to-date symlink: /mnt/home/calex/g1_ros_ws/install/g1_gazebo/share/ament_index/resource_index/package_run_dependencies/g1_gazebo
[0.904s] -- Up-to-date symlink: /mnt/home/calex/g1_ros_ws/install/g1_gazebo/share/ament_index/resource_index/parent_prefix_path/g1_gazebo
[0.930s] -- Up-to-date symlink: /mnt/home/calex/g1_ros_ws/install/g1_gazebo/share/g1_gazebo/environment/ament_prefix_path.sh
[0.943s] -- Up-to-date symlink: /mnt/home/calex/g1_ros_ws/install/g1_gazebo/share/g1_gazebo/environment/ament_prefix_path.dsv
[0.969s] -- Up-to-date symlink: /mnt/home/calex/g1_ros_ws/install/g1_gazebo/share/g1_gazebo/environment/path.sh
[1.003s] -- Up-to-date symlink: /mnt/home/calex/g1_ros_ws/install/g1_gazebo/share/g1_gazebo/environment/path.dsv
[1.019s] -- Up-to-date symlink: /mnt/home/calex/g1_ros_ws/install/g1_gazebo/share/g1_gazebo/local_setup.bash
[1.058s] -- Up-to-date symlink: /mnt/home/calex/g1_ros_ws/install/g1_gazebo/share/g1_gazebo/local_setup.sh
[1.086s] -- Up-to-date symlink: /mnt/home/calex/g1_ros_ws/install/g1_gazebo/share/g1_gazebo/local_setup.zsh
[1.101s] -- Up-to-date symlink: /mnt/home/calex/g1_ros_ws/install/g1_gazebo/share/g1_gazebo/local_setup.dsv
[1.119s] -- Symlinking: /mnt/home/calex/g1_ros_ws/install/g1_gazebo/share/g1_gazebo/package.dsv
[1.181s] -- Up-to-date symlink: /mnt/home/calex/g1_ros_ws/install/g1_gazebo/share/ament_index/resource_index/packages/g1_gazebo
[1.182s] -- Up-to-date symlink: /mnt/home/calex/g1_ros_ws/install/g1_gazebo/share/g1_gazebo/cmake/g1_gazeboConfig.cmake
[1.188s] -- Up-to-date symlink: /mnt/home/calex/g1_ros_ws/install/g1_gazebo/share/g1_gazebo/cmake/g1_gazeboConfig-version.cmake
[1.191s] -- Up-to-date symlink: /mnt/home/calex/g1_ros_ws/install/g1_gazebo/share/g1_gazebo/package.xml
[1.198s] Invoked command in '/mnt/home/calex/g1_ros_ws/build/g1_gazebo' returned '0': CMAKE_PREFIX_PATH=/mnt/home/calex/g1_ros_ws/install/g1_description:/mnt/home/calex/g1_ros_ws/install/g1_gazebo:/mnt/home/calex/g1_ros_ws/install/g1_state_bridge:/mnt/home/calex/g1_ros_ws/install/g1_zed_bridge:/opt/ros/foxy /usr/bin/cmake --install /mnt/home/calex/g1_ros_ws/build/g1_gazebo
